#
# There is insufficient memory for the Java Runtime Environment to continue.
# Native memory allocation (malloc) failed to allocate 1085216 bytes for Chunk::new
# Possible reasons:
#   The system is out of physical RAM or swap space
#   In 32 bit mode, the process size limit was hit
# Possible solutions:
#   Reduce memory load on the system
#   Increase physical memory or swap space
#   Check if swap backing store is full
#   Use 64 bit Java on a 64 bit OS
#   Decrease Java heap size (-Xmx/-Xms)
#   Decrease number of Java threads
#   Decrease Java thread stack sizes (-Xss)
#   Set larger code cache with -XX:ReservedCodeCacheSize=
# This output file may be truncated or incomplete.
#
#  Out of Memory Error (allocation.cpp:390), pid=7104, tid=8264
#
# JRE version: Java(TM) SE Runtime Environment (8.0_25-b18) (build 1.8.0_25-b18)
# Java VM: Java HotSpot(TM) 64-Bit Server VM (25.25-b02 mixed mode windows-amd64 compressed oops)
# Failed to write core dump. Minidumps are not enabled by default on client versions of Windows
#

---------------  T H R E A D  ---------------

Current thread (0x0000000014cbf800):  JavaThread "C2 CompilerThread1" daemon [_thread_in_native, id=8264, stack(0x0000000016320000,0x0000000016420000)]

Stack: [0x0000000016320000,0x0000000016420000]
Native frames: (J=compiled Java code, j=interpreted, Vv=VM code, C=native code)
V  [jvm.dll+0x31667a]
V  [jvm.dll+0x267073]
V  [jvm.dll+0x267cb3]
V  [jvm.dll+0x25f5b5]
V  [jvm.dll+0xbf165]
V  [jvm.dll+0xbf60c]
V  [jvm.dll+0x45d672]
V  [jvm.dll+0x49e8ef]
V  [jvm.dll+0x452b41]
V  [jvm.dll+0x453864]
V  [jvm.dll+0x437372]
V  [jvm.dll+0x98a02]
V  [jvm.dll+0x991f3]
V  [jvm.dll+0x22bde4]
V  [jvm.dll+0x2852fa]
C  [msvcr100.dll+0x21d9f]
C  [msvcr100.dll+0x21e3b]
C  [KERNEL32.DLL+0x13d2]
C  [ntdll.dll+0x154e4]


Current CompileTask:
C2:   6309 1906       4       com.android.dx.ssa.SsaMethod::mapRegisters (87 bytes)


---------------  P R O C E S S  ---------------

Java Threads: ( => current thread )
  0x00000000167bb800 JavaThread "pool-2-thread-4" [_thread_in_Java, id=8520, stack(0x0000000016f20000,0x0000000017020000)]
  0x000000001678f000 JavaThread "pool-2-thread-3" [_thread_in_Java, id=3660, stack(0x0000000016e20000,0x0000000016f20000)]
  0x000000001678e000 JavaThread "pool-2-thread-2" [_thread_in_Java, id=7076, stack(0x0000000016d20000,0x0000000016e20000)]
  0x0000000016782800 JavaThread "pool-3-thread-1" [_thread_blocked, id=8560, stack(0x0000000016c20000,0x0000000016d20000)]
  0x0000000016779800 JavaThread "pool-2-thread-1" [_thread_in_Java, id=3740, stack(0x0000000016b20000,0x0000000016c20000)]
  0x0000000014d1b000 JavaThread "Service Thread" daemon [_thread_blocked, id=8744, stack(0x0000000016920000,0x0000000016a20000)]
  0x0000000014cc8800 JavaThread "C1 CompilerThread2" daemon [_thread_blocked, id=8716, stack(0x0000000016420000,0x0000000016520000)]
=>0x0000000014cbf800 JavaThread "C2 CompilerThread1" daemon [_thread_in_native, id=8264, stack(0x0000000016320000,0x0000000016420000)]
  0x0000000014cbc800 JavaThread "C2 CompilerThread0" daemon [_thread_in_native, id=7232, stack(0x0000000016220000,0x0000000016320000)]
  0x0000000014cba800 JavaThread "Attach Listener" daemon [_thread_blocked, id=4660, stack(0x0000000016120000,0x0000000016220000)]
  0x0000000014cb9800 JavaThread "Signal Dispatcher" daemon [_thread_blocked, id=8580, stack(0x0000000016020000,0x0000000016120000)]
  0x00000000025e6000 JavaThread "Finalizer" daemon [_thread_blocked, id=1208, stack(0x0000000015f20000,0x0000000016020000)]
  0x00000000025dd000 JavaThread "Reference Handler" daemon [_thread_blocked, id=8200, stack(0x0000000015e20000,0x0000000015f20000)]
  0x00000000024f0800 JavaThread "main" [_thread_in_vm, id=6516, stack(0x0000000002310000,0x0000000002410000)]

Other Threads:
  0x0000000014c85800 VMThread [stack: 0x0000000015d20000,0x0000000015e20000] [id=8328]
  0x0000000014d1e000 WatcherThread [stack: 0x0000000016a20000,0x0000000016b20000] [id=108]

VM state:not at safepoint (normal execution)

VM Mutex/Monitor currently owned by a thread: None

Heap:
 PSYoungGen      total 53248K, used 43018K [0x00000000eab00000, 0x00000000ee300000, 0x0000000100000000)
  eden space 49152K, 79% used [0x00000000eab00000,0x00000000ed104f80,0x00000000edb00000)
  from space 4096K, 99% used [0x00000000edb00000,0x00000000edefdb18,0x00000000edf00000)
  to   space 4096K, 0% used [0x00000000edf00000,0x00000000edf00000,0x00000000ee300000)
 ParOldGen       total 65536K, used 36434K [0x00000000c0000000, 0x00000000c4000000, 0x00000000eab00000)
  object space 65536K, 55% used [0x00000000c0000000,0x00000000c2394b28,0x00000000c4000000)
 Metaspace       used 6244K, capacity 7154K, committed 7296K, reserved 1056768K
  class space    used 599K, capacity 618K, committed 640K, reserved 1048576K

Card table byte_map: [0x00000000119b0000,0x0000000011bc0000] byte_map_base: 0x00000000113b0000

Marking Bits: (ParMarkBitMap*) 0x000000006e6ed490
 Begin Bits: [0x0000000012120000, 0x0000000013120000)
 End Bits:   [0x0000000013120000, 0x0000000014120000)

Polling page: 0x0000000000bc0000

CodeCache: size=245760Kb used=7373Kb max_used=7386Kb free=238386Kb
 bounds [0x00000000025f0000, 0x0000000002d30000, 0x00000000115f0000]
 total_blobs=2128 nmethods=1864 adapters=177
 compilation: enabled

Compilation events (10 events):
Event: 6.203 Thread 0x0000000014cc8800 1987       2       java.util.concurrent.locks.AbstractQueuedSynchronizer$ConditionObject::checkInterruptWhileWaiting (27 bytes)
Event: 6.204 Thread 0x0000000014cc8800 nmethod 1987 0x0000000002d11ad0 code [0x0000000002d11c60, 0x0000000002d11f38]
Event: 6.211 Thread 0x0000000014cc8800 1988       2       java.util.HashMap::getNode (148 bytes)
Event: 6.212 Thread 0x0000000014cc8800 nmethod 1988 0x0000000002d11110 code [0x0000000002d112c0, 0x0000000002d11728]
Event: 6.222 Thread 0x0000000014cc8800 1990       2       com.android.dx.ssa.back.FirstFitLocalCombiningAllocator::isEven (12 bytes)
Event: 6.222 Thread 0x0000000014cc8800 nmethod 1990 0x0000000002d10dd0 code [0x0000000002d10f20, 0x0000000002d11070]
Event: 6.229 Thread 0x0000000014cc8800 1991 %     3       com.android.dx.ssa.SsaRenamer::<init> @ 65 (100 bytes)
Event: 6.229 Thread 0x0000000014cc8800 nmethod 1991% 0x0000000002d0fb10 code [0x0000000002d0fd00, 0x0000000002d108a8]
Event: 6.234 Thread 0x0000000014cc8800 1992       2       com.android.dx.rop.cst.CstFloat::getType (4 bytes)
Event: 6.234 Thread 0x0000000014cc8800 nmethod 1992 0x0000000002d0f7d0 code [0x0000000002d0f920, 0x0000000002d0fa70]

GC Heap History (10 events):
Event: 3.115 GC heap before
{Heap before GC invocations=3 (full 0):
 PSYoungGen      total 28672K, used 28658K [0x00000000eab00000, 0x00000000ee300000, 0x0000000100000000)
  eden space 24576K, 100% used [0x00000000eab00000,0x00000000ec300000,0x00000000ec300000)
  from space 4096K, 99% used [0x00000000ec700000,0x00000000ecafc820,0x00000000ecb00000)
  to   space 4096K, 0% used [0x00000000ec300000,0x00000000ec300000,0x00000000ec700000)
 ParOldGen       total 65536K, used 5231K [0x00000000c0000000, 0x00000000c4000000, 0x00000000eab00000)
  object space 65536K, 7% used [0x00000000c0000000,0x00000000c051bf08,0x00000000c4000000)
 Metaspace       used 5938K, capacity 7024K, committed 7296K, reserved 1056768K
  class space    used 579K, capacity 616K, committed 640K, reserved 1048576K
Event: 3.140 GC heap after
Heap after GC invocations=3 (full 0):
 PSYoungGen      total 28672K, used 4078K [0x00000000eab00000, 0x00000000ee300000, 0x0000000100000000)
  eden space 24576K, 0% used [0x00000000eab00000,0x00000000eab00000,0x00000000ec300000)
  from space 4096K, 99% used [0x00000000ec300000,0x00000000ec6fb998,0x00000000ec700000)
  to   space 4096K, 0% used [0x00000000edf00000,0x00000000edf00000,0x00000000ee300000)
 ParOldGen       total 65536K, used 8707K [0x00000000c0000000, 0x00000000c4000000, 0x00000000eab00000)
  object space 65536K, 13% used [0x00000000c0000000,0x00000000c0880d80,0x00000000c4000000)
 Metaspace       used 5938K, capacity 7024K, committed 7296K, reserved 1056768K
  class space    used 579K, capacity 616K, committed 640K, reserved 1048576K
}
Event: 3.332 GC heap before
{Heap before GC invocations=4 (full 0):
 PSYoungGen      total 28672K, used 28654K [0x00000000eab00000, 0x00000000ee300000, 0x0000000100000000)
  eden space 24576K, 100% used [0x00000000eab00000,0x00000000ec300000,0x00000000ec300000)
  from space 4096K, 99% used [0x00000000ec300000,0x00000000ec6fb998,0x00000000ec700000)
  to   space 4096K, 0% used [0x00000000edf00000,0x00000000edf00000,0x00000000ee300000)
 ParOldGen       total 65536K, used 8707K [0x00000000c0000000, 0x00000000c4000000, 0x00000000eab00000)
  object space 65536K, 13% used [0x00000000c0000000,0x00000000c0880d80,0x00000000c4000000)
 Metaspace       used 5986K, capacity 7024K, committed 7296K, reserved 1056768K
  class space    used 579K, capacity 616K, committed 640K, reserved 1048576K
Event: 3.356 GC heap after
Heap after GC invocations=4 (full 0):
 PSYoungGen      total 53248K, used 4078K [0x00000000eab00000, 0x00000000ee300000, 0x0000000100000000)
  eden space 49152K, 0% used [0x00000000eab00000,0x00000000eab00000,0x00000000edb00000)
  from space 4096K, 99% used [0x00000000edf00000,0x00000000ee2fb9b8,0x00000000ee300000)
  to   space 4096K, 0% used [0x00000000edb00000,0x00000000edb00000,0x00000000edf00000)
 ParOldGen       total 65536K, used 12340K [0x00000000c0000000, 0x00000000c4000000, 0x00000000eab00000)
  object space 65536K, 18% used [0x00000000c0000000,0x00000000c0c0d040,0x00000000c4000000)
 Metaspace       used 5986K, capacity 7024K, committed 7296K, reserved 1056768K
  class space    used 579K, capacity 616K, committed 640K, reserved 1048576K
}
Event: 4.436 GC heap before
{Heap before GC invocations=5 (full 0):
 PSYoungGen      total 53248K, used 53230K [0x00000000eab00000, 0x00000000ee300000, 0x0000000100000000)
  eden space 49152K, 100% used [0x00000000eab00000,0x00000000edb00000,0x00000000edb00000)
  from space 4096K, 99% used [0x00000000edf00000,0x00000000ee2fb9b8,0x00000000ee300000)
  to   space 4096K, 0% used [0x00000000edb00000,0x00000000edb00000,0x00000000edf00000)
 ParOldGen       total 65536K, used 12340K [0x00000000c0000000, 0x00000000c4000000, 0x00000000eab00000)
  object space 65536K, 18% used [0x00000000c0000000,0x00000000c0c0d040,0x00000000c4000000)
 Metaspace       used 6072K, capacity 7088K, committed 7296K, reserved 1056768K
  class space    used 579K, capacity 616K, committed 640K, reserved 1048576K
Event: 4.459 GC heap after
Heap after GC invocations=5 (full 0):
 PSYoungGen      total 53248K, used 4064K [0x00000000eab00000, 0x00000000ee300000, 0x0000000100000000)
  eden space 49152K, 0% used [0x00000000eab00000,0x00000000eab00000,0x00000000edb00000)
  from space 4096K, 99% used [0x00000000edb00000,0x00000000edef8160,0x00000000edf00000)
  to   space 4096K, 0% used [0x00000000edf00000,0x00000000edf00000,0x00000000ee300000)
 ParOldGen       total 65536K, used 20419K [0x00000000c0000000, 0x00000000c4000000, 0x00000000eab00000)
  object space 65536K, 31% used [0x00000000c0000000,0x00000000c13f0c20,0x00000000c4000000)
 Metaspace       used 6072K, capacity 7088K, committed 7296K, reserved 1056768K
  class space    used 579K, capacity 616K, committed 640K, reserved 1048576K
}
Event: 5.298 GC heap before
{Heap before GC invocations=6 (full 0):
 PSYoungGen      total 53248K, used 53216K [0x00000000eab00000, 0x00000000ee300000, 0x0000000100000000)
  eden space 49152K, 100% used [0x00000000eab00000,0x00000000edb00000,0x00000000edb00000)
  from space 4096K, 99% used [0x00000000edb00000,0x00000000edef8160,0x00000000edf00000)
  to   space 4096K, 0% used [0x00000000edf00000,0x00000000edf00000,0x00000000ee300000)
 ParOldGen       total 65536K, used 20419K [0x00000000c0000000, 0x00000000c4000000, 0x00000000eab00000)
  object space 65536K, 31% used [0x00000000c0000000,0x00000000c13f0c20,0x00000000c4000000)
 Metaspace       used 6095K, capacity 7088K, committed 7296K, reserved 1056768K
  class space    used 580K, capacity 616K, committed 640K, reserved 1048576K
Event: 5.382 GC heap after
Heap after GC invocations=6 (full 0):
 PSYoungGen      total 53248K, used 4083K [0x00000000eab00000, 0x00000000ee300000, 0x0000000100000000)
  eden space 49152K, 0% used [0x00000000eab00000,0x00000000eab00000,0x00000000edb00000)
  from space 4096K, 99% used [0x00000000edf00000,0x00000000ee2fccf8,0x00000000ee300000)
  to   space 4096K, 0% used [0x00000000edb00000,0x00000000edb00000,0x00000000edf00000)
 ParOldGen       total 65536K, used 28642K [0x00000000c0000000, 0x00000000c4000000, 0x00000000eab00000)
  object space 65536K, 43% used [0x00000000c0000000,0x00000000c1bf89a0,0x00000000c4000000)
 Metaspace       used 6095K, capacity 7088K, committed 7296K, reserved 1056768K
  class space    used 580K, capacity 616K, committed 640K, reserved 1048576K
}
Event: 5.914 GC heap before
{Heap before GC invocations=7 (full 0):
 PSYoungGen      total 53248K, used 53235K [0x00000000eab00000, 0x00000000ee300000, 0x0000000100000000)
  eden space 49152K, 100% used [0x00000000eab00000,0x00000000edb00000,0x00000000edb00000)
  from space 4096K, 99% used [0x00000000edf00000,0x00000000ee2fccf8,0x00000000ee300000)
  to   space 4096K, 0% used [0x00000000edb00000,0x00000000edb00000,0x00000000edf00000)
 ParOldGen       total 65536K, used 28642K [0x00000000c0000000, 0x00000000c4000000, 0x00000000eab00000)
  object space 65536K, 43% used [0x00000000c0000000,0x00000000c1bf89a0,0x00000000c4000000)
 Metaspace       used 6139K, capacity 7152K, committed 7296K, reserved 1056768K
  class space    used 580K, capacity 616K, committed 640K, reserved 1048576K
Event: 6.015 GC heap after
Heap after GC invocations=7 (full 0):
 PSYoungGen      total 53248K, used 4086K [0x00000000eab00000, 0x00000000ee300000, 0x0000000100000000)
  eden space 49152K, 0% used [0x00000000eab00000,0x00000000eab00000,0x00000000edb00000)
  from space 4096K, 99% used [0x00000000edb00000,0x00000000edefdb18,0x00000000edf00000)
  to   space 4096K, 0% used [0x00000000edf00000,0x00000000edf00000,0x00000000ee300000)
 ParOldGen       total 65536K, used 36434K [0x00000000c0000000, 0x00000000c4000000, 0x00000000eab00000)
  object space 65536K, 55% used [0x00000000c0000000,0x00000000c2394b28,0x00000000c4000000)
 Metaspace       used 6139K, capacity 7152K, committed 7296K, reserved 1056768K
  class space    used 580K, capacity 616K, committed 640K, reserved 1048576K
}

Deoptimization events (10 events):
Event: 4.333 Thread 0x000000001678f000 Uncommon trap: reason=bimorphic action=maybe_recompile pc=0x0000000002808cb0 method=java.util.HashMap.getNode(ILjava/lang/Object;)Ljava/util/HashMap$Node; @ 126
Event: 4.390 Thread 0x00000000167bb800 Uncommon trap: reason=bimorphic action=maybe_recompile pc=0x0000000002ba1894 method=com.android.dx.ssa.SCCP.setLatticeValueTo(IILcom/android/dx/rop/cst/Constant;)Z @ 43
Event: 4.390 Thread 0x00000000167bb800 Uncommon trap: reason=bimorphic action=maybe_recompile pc=0x0000000002ba1894 method=com.android.dx.ssa.SCCP.setLatticeValueTo(IILcom/android/dx/rop/cst/Constant;)Z @ 43
Event: 4.398 Thread 0x00000000167bb800 Uncommon trap: reason=bimorphic action=maybe_recompile pc=0x0000000002ba1758 method=com.android.dx.ssa.SCCP.simulatePhi(Lcom/android/dx/ssa/PhiInsn;)V @ 124
Event: 4.398 Thread 0x00000000167bb800 Uncommon trap: reason=bimorphic action=maybe_recompile pc=0x0000000002ba1894 method=com.android.dx.ssa.SCCP.setLatticeValueTo(IILcom/android/dx/rop/cst/Constant;)Z @ 43
Event: 4.398 Thread 0x00000000167bb800 Uncommon trap: reason=bimorphic action=maybe_recompile pc=0x0000000002ba1894 method=com.android.dx.ssa.SCCP.setLatticeValueTo(IILcom/android/dx/rop/cst/Constant;)Z @ 43
Event: 4.398 Thread 0x00000000167bb800 Uncommon trap: reason=bimorphic action=maybe_recompile pc=0x0000000002c73ecc method=java.util.HashMap.putVal(ILjava/lang/Object;Ljava/lang/Object;ZZ)Ljava/lang/Object; @ 203
Event: 4.467 Thread 0x00000000167bb800 Uncommon trap: reason=bimorphic action=maybe_recompile pc=0x0000000002c73ecc method=java.util.HashMap.putVal(ILjava/lang/Object;Ljava/lang/Object;ZZ)Ljava/lang/Object; @ 203
Event: 6.082 Thread 0x00000000167bb800 Uncommon trap: reason=unreached action=reinterpret pc=0x00000000028c8fb0 method=java.util.HashMap.getNode(ILjava/lang/Object;)Ljava/util/HashMap$Node; @ 84
Event: 6.211 Thread 0x00000000024f0800 Uncommon trap: reason=unreached action=reinterpret pc=0x0000000002c6426c method=java.util.HashMap.getNode(ILjava/lang/Object;)Ljava/util/HashMap$Node; @ 84

Internal exceptions (10 events):
Event: 2.384 Thread 0x00000000024f0800 Exception <a 'java/security/PrivilegedActionException'> (0x00000000eb836ef0) thrown at [D:\re\workspace\8-2-build-windows-amd64-cygwin\jdk8u25\1677\hotspot\src\share\vm\prims\jvm.cpp, line 1312]
Event: 2.407 Thread 0x00000000024f0800 Exception <a 'java/security/PrivilegedActionException'> (0x00000000eba9bc50) thrown at [D:\re\workspace\8-2-build-windows-amd64-cygwin\jdk8u25\1677\hotspot\src\share\vm\prims\jvm.cpp, line 1312]
Event: 2.459 Thread 0x00000000024f0800 Exception <a 'java/security/PrivilegedActionException'> (0x00000000ebe0e418) thrown at [D:\re\workspace\8-2-build-windows-amd64-cygwin\jdk8u25\1677\hotspot\src\share\vm\prims\jvm.cpp, line 1312]
Event: 2.501 Thread 0x00000000024f0800 Exception <a 'java/security/PrivilegedActionException'> (0x00000000ebe67928) thrown at [D:\re\workspace\8-2-build-windows-amd64-cygwin\jdk8u25\1677\hotspot\src\share\vm\prims\jvm.cpp, line 1312]
Event: 2.545 Thread 0x000000001678f000 Exception <a 'java/security/PrivilegedActionException'> (0x00000000ec1a0e88) thrown at [D:\re\workspace\8-2-build-windows-amd64-cygwin\jdk8u25\1677\hotspot\src\share\vm\prims\jvm.cpp, line 1312]
Event: 2.616 Thread 0x00000000024f0800 Implicit null exception at 0x00000000028c13e2 to 0x00000000028c14d5
Event: 4.759 Thread 0x0000000016779800 Exception <a 'java/security/PrivilegedActionException'> (0x00000000ead71f40) thrown at [D:\re\workspace\8-2-build-windows-amd64-cygwin\jdk8u25\1677\hotspot\src\share\vm\prims\jvm.cpp, line 1312]
Event: 6.078 Thread 0x00000000167bb800 Exception <a 'java/lang/ArrayIndexOutOfBoundsException': 18> (0x00000000ead56318) thrown at [D:\re\workspace\8-2-build-windows-amd64-cygwin\jdk8u25\1677\hotspot\src\share\vm\interpreter\interpreterRuntime.cpp, line 366]
Event: 6.079 Thread 0x00000000167bb800 Exception <a 'java/lang/ArrayIndexOutOfBoundsException'> (0x00000000ead57db0) thrown at [D:\re\workspace\8-2-build-windows-amd64-cygwin\jdk8u25\1677\hotspot\src\share\vm\runtime\sharedRuntime.cpp, line 604]
Event: 6.081 Thread 0x00000000167bb800 Exception <a 'java/lang/ArrayIndexOutOfBoundsException'> (0x00000000ead58fc8) thrown at [D:\re\workspace\8-2-build-windows-amd64-cygwin\jdk8u25\1677\hotspot\src\share\vm\runtime\sharedRuntime.cpp, line 604]

Events (10 events):
Event: 6.206 Thread 0x000000001678f000 DEOPT UNPACKING pc=0x00000000026375bf sp=0x0000000016f1e300 mode 0
Event: 6.209 Thread 0x00000000024f0800 DEOPT PACKING pc=0x0000000002943cfd sp=0x000000000240e3c0
Event: 6.209 Thread 0x00000000024f0800 DEOPT UNPACKING pc=0x00000000026375bf sp=0x000000000240e160 mode 0
Event: 6.211 Thread 0x00000000024f0800 Uncommon trap: trap_request=0xffffffad fr.pc=0x0000000002c6426c
Event: 6.211 Thread 0x00000000024f0800 DEOPT PACKING pc=0x0000000002c6426c sp=0x000000000240daa0
Event: 6.211 Thread 0x00000000024f0800 DEOPT UNPACKING pc=0x000000000263556a sp=0x000000000240da18 mode 2
Event: 6.217 Thread 0x00000000024f0800 DEOPT PACKING pc=0x00000000029c002c sp=0x000000000240e3b0
Event: 6.217 Thread 0x00000000024f0800 DEOPT UNPACKING pc=0x00000000026375bf sp=0x000000000240e130 mode 0
Event: 6.253 Thread 0x00000000167bb800 DEOPT PACKING pc=0x00000000029c0043 sp=0x000000001701ec70
Event: 6.254 Thread 0x00000000167bb800 DEOPT UNPACKING pc=0x00000000026375bf sp=0x000000001701e9f0 mode 0


Dynamic libraries:
0x00007ff7e5520000 - 0x00007ff7e5554000 	C:\Program Files\Java\jdk1.8.0_25\bin\java.exe
0x00007ffd65b10000 - 0x00007ffd65cbd000 	C:\Windows\SYSTEM32\ntdll.dll
0x00007ffd656f0000 - 0x00007ffd6582e000 	C:\Windows\system32\KERNEL32.DLL
0x00007ffd62fc0000 - 0x00007ffd630d5000 	C:\Windows\system32\KERNELBASE.dll
0x00007ffd61800000 - 0x00007ffd6188e000 	C:\Windows\system32\apphelp.dll
0x00007ffd577f0000 - 0x00007ffd57843000 	C:\Windows\AppPatch\AppPatch64\AcGenral.DLL
0x00007ffd65000000 - 0x00007ffd650aa000 	C:\Windows\system32\msvcrt.dll
0x00007ffd62af0000 - 0x00007ffd62b1e000 	C:\Windows\SYSTEM32\SspiCli.dll
0x00007ffd65ab0000 - 0x00007ffd65b04000 	C:\Windows\system32\SHLWAPI.dll
0x00007ffd636c0000 - 0x00007ffd63837000 	C:\Windows\system32\USER32.dll
0x00007ffd65340000 - 0x00007ffd654d4000 	C:\Windows\system32\ole32.dll
0x00007ffd63900000 - 0x00007ffd64e2a000 	C:\Windows\system32\SHELL32.dll
0x00007ffd62200000 - 0x00007ffd62221000 	C:\Windows\SYSTEM32\USERENV.dll
0x00007ffd63610000 - 0x00007ffd636ba000 	C:\Windows\system32\ADVAPI32.dll
0x00007ffd59220000 - 0x00007ffd5923e000 	C:\Windows\SYSTEM32\MPR.dll
0x00007ffd655a0000 - 0x00007ffd656e1000 	C:\Windows\system32\RPCRT4.dll
0x00007ffd64f80000 - 0x00007ffd64fd9000 	C:\Windows\SYSTEM32\sechost.dll
0x00007ffd650b0000 - 0x00007ffd652c1000 	C:\Windows\SYSTEM32\combase.dll
0x00007ffd64e30000 - 0x00007ffd64f80000 	C:\Windows\system32\GDI32.dll
0x00007ffd62c60000 - 0x00007ffd62c75000 	C:\Windows\SYSTEM32\profapi.dll
0x00007ffd60ac0000 - 0x00007ffd60b72000 	C:\Windows\SYSTEM32\SHCORE.dll
0x00007ffd65900000 - 0x00007ffd65936000 	C:\Windows\system32\IMM32.DLL
0x00007ffd65950000 - 0x00007ffd65aa2000 	C:\Windows\system32\MSCTF.dll
0x00007ffd60490000 - 0x00007ffd6070b000 	C:\Windows\WinSxS\amd64_microsoft.windows.common-controls_6595b64144ccf1df_6.0.9600.18006_none_623f33d3ecbe86e8\COMCTL32.dll
0x000000006d910000 - 0x000000006d9e2000 	C:\Program Files\Java\jdk1.8.0_25\jre\bin\msvcr100.dll
0x000000006df10000 - 0x000000006e76a000 	C:\Program Files\Java\jdk1.8.0_25\jre\bin\server\jvm.dll
0x00007ffd5a5f0000 - 0x00007ffd5a5f9000 	C:\Windows\SYSTEM32\WSOCK32.dll
0x00007ffd5f3f0000 - 0x00007ffd5f412000 	C:\Windows\SYSTEM32\WINMM.dll
0x00007ffd64ff0000 - 0x00007ffd64ff7000 	C:\Windows\system32\PSAPI.DLL
0x00007ffd65830000 - 0x00007ffd6588a000 	C:\Windows\system32\WS2_32.dll
0x00007ffd5f3c0000 - 0x00007ffd5f3ea000 	C:\Windows\SYSTEM32\WINMMBASE.dll
0x00007ffd652d0000 - 0x00007ffd652d9000 	C:\Windows\system32\NSI.dll
0x00007ffd62d90000 - 0x00007ffd62ddf000 	C:\Windows\SYSTEM32\cfgmgr32.dll
0x00007ffd61a60000 - 0x00007ffd61a88000 	C:\Windows\SYSTEM32\DEVOBJ.dll
0x000000006df00000 - 0x000000006df0f000 	C:\Program Files\Java\jdk1.8.0_25\jre\bin\verify.dll
0x000000006ded0000 - 0x000000006def8000 	C:\Program Files\Java\jdk1.8.0_25\jre\bin\java.dll
0x000000006deb0000 - 0x000000006dec6000 	C:\Program Files\Java\jdk1.8.0_25\jre\bin\zip.dll
0x00007ffd5a9b0000 - 0x00007ffd5ab39000 	C:\Windows\SYSTEM32\dbghelp.dll

VM Arguments:
jvm_args: -Djava.awt.headless=true -Xmx1024M -Dfile.encoding=windows-1252 -Duser.country=US -Duser.language=en -Duser.variant 
java_command: com.android.dx.command.Main --dex --force-jumbo --num-threads=4 --multi-dex --output E:\android\HeRoes2\app\build\intermediates\transforms\dex\debug\folders\1000\10\jackson-databind-2.2.2_30431c51b13a140122e258b522a1a85aaa3660f4 C:\Users\pc\.gradle\caches\modules-2\files-2.1\com.fasterxml.jackson.core\jackson-databind\2.2.2\3c8f6018eaa72d43b261181e801e6f8676c16ef6\jackson-databind-2.2.2.jar
java_class_path (initial): C:\Users\pc\AppData\Local\Android\sdk\build-tools\23.0.1\lib\dx.jar
Launcher Type: SUN_STANDARD

Environment Variables:
PATH=C:\oraclexe\app\oracle\product\11.2.0\server\bin;C:\ProgramData\Oracle\Java\javapath;C:\Windows\system32;C:\Windows;C:\Windows\System32\Wbem;C:\Windows\System32\WindowsPowerShell\v1.0\;C:\Program Files (x86)\ATI Technologies\ATI.ACE\Core-Static;C:\Program Files (x86)\MySQL\MySQL Server 5.0\bin;C:\Program Files (x86)\Windows Kits\8.1\Windows Performance Toolkit\;C:\Program Files\Microsoft SQL Server\110\Tools\Binn\;C:\Program Files (x86)\Skype\Phone\;C:\Program Files (x86)\OpenVPN\bin
USERNAME=pc
OS=Windows_NT
PROCESSOR_IDENTIFIER=Intel64 Family 6 Model 60 Stepping 3, GenuineIntel



---------------  S Y S T E M  ---------------

OS: Windows 8.1 , 64 bit Build 9600 

CPU:total 4 (2 cores per cpu, 2 threads per core) family 6 model 60 stepping 3, cmov, cx8, fxsr, mmx, sse, sse2, sse3, ssse3, sse4.1, sse4.2, popcnt, avx, avx2, aes, clmul, erms, lzcnt, ht, tsc, tscinvbit, bmi1, bmi2

Memory: 4k page, physical 6169708k(402828k free), swap 9315436k(2048k free)

vm_info: Java HotSpot(TM) 64-Bit Server VM (25.25-b02) for windows-amd64 JRE (1.8.0_25-b18), built on Oct  7 2014 14:25:37 by "java_re" with MS VC++ 10.0 (VS2010)

time: Fri Apr 29 15:08:01 2016
elapsed time: 6 seconds (0d 0h 0m 6s)

