#
# There is insufficient memory for the Java Runtime Environment to continue.
# Native memory allocation (malloc) failed to allocate 2075856 bytes for Chunk::new
# Possible reasons:
#   The system is out of physical RAM or swap space
#   In 32 bit mode, the process size limit was hit
# Possible solutions:
#   Reduce memory load on the system
#   Increase physical memory or swap space
#   Check if swap backing store is full
#   Use 64 bit Java on a 64 bit OS
#   Decrease Java heap size (-Xmx/-Xms)
#   Decrease number of Java threads
#   Decrease Java thread stack sizes (-Xss)
#   Set larger code cache with -XX:ReservedCodeCacheSize=
# This output file may be truncated or incomplete.
#
#  Out of Memory Error (allocation.cpp:390), pid=7292, tid=9232
#
# JRE version: Java(TM) SE Runtime Environment (8.0_25-b18) (build 1.8.0_25-b18)
# Java VM: Java HotSpot(TM) 64-Bit Server VM (25.25-b02 mixed mode windows-amd64 compressed oops)
# Failed to write core dump. Minidumps are not enabled by default on client versions of Windows
#

---------------  T H R E A D  ---------------

Current thread (0x00000000145ca800):  JavaThread "C2 CompilerThread0" daemon [_thread_in_native, id=9232, stack(0x0000000015b30000,0x0000000015c30000)]

Stack: [0x0000000015b30000,0x0000000015c30000]
Native frames: (J=compiled Java code, j=interpreted, Vv=VM code, C=native code)
V  [jvm.dll+0x31667a]
V  [jvm.dll+0x267073]
V  [jvm.dll+0x267cb3]
V  [jvm.dll+0x25f5b5]
V  [jvm.dll+0xbf165]
V  [jvm.dll+0xbf60c]
V  [jvm.dll+0x45d672]
V  [jvm.dll+0x49e8ef]
V  [jvm.dll+0x452b41]
V  [jvm.dll+0x453864]
V  [jvm.dll+0x437372]
V  [jvm.dll+0x98a02]
V  [jvm.dll+0x991f3]
V  [jvm.dll+0x22bde4]
V  [jvm.dll+0x2852fa]
C  [msvcr100.dll+0x21d9f]
C  [msvcr100.dll+0x21e3b]
C  [KERNEL32.DLL+0x13d2]
C  [ntdll.dll+0x154e4]


Current CompileTask:
C2:   2622 1147   !   4       com.android.dx.cf.cst.ConstantPoolParser::parse0 (731 bytes)


---------------  P R O C E S S  ---------------

Java Threads: ( => current thread )
  0x00000000160b6000 JavaThread "pool-2-thread-4" [_thread_in_Java, id=5504, stack(0x0000000016830000,0x0000000016930000)]
  0x000000001608a800 JavaThread "pool-2-thread-3" [_thread_in_vm, id=7644, stack(0x0000000016730000,0x0000000016830000)]
  0x0000000016096800 JavaThread "pool-2-thread-2" [_thread_in_Java, id=8648, stack(0x0000000016630000,0x0000000016730000)]
  0x0000000016084800 JavaThread "pool-3-thread-1" [_thread_blocked, id=7296, stack(0x0000000016530000,0x0000000016630000)]
  0x0000000016081800 JavaThread "pool-2-thread-1" [_thread_in_Java, id=7800, stack(0x0000000016430000,0x0000000016530000)]
  0x0000000015e31800 JavaThread "Service Thread" daemon [_thread_blocked, id=9312, stack(0x0000000016230000,0x0000000016330000)]
  0x000000001462c000 JavaThread "C1 CompilerThread2" daemon [_thread_blocked, id=1340, stack(0x0000000015d30000,0x0000000015e30000)]
  0x00000000145ce800 JavaThread "C2 CompilerThread1" daemon [_thread_in_native, id=2668, stack(0x0000000015c30000,0x0000000015d30000)]
=>0x00000000145ca800 JavaThread "C2 CompilerThread0" daemon [_thread_in_native, id=9232, stack(0x0000000015b30000,0x0000000015c30000)]
  0x00000000145c9800 JavaThread "Attach Listener" daemon [_thread_blocked, id=3616, stack(0x0000000015a30000,0x0000000015b30000)]
  0x00000000145c8800 JavaThread "Signal Dispatcher" daemon [_thread_blocked, id=3084, stack(0x0000000015930000,0x0000000015a30000)]
  0x0000000001ef0800 JavaThread "Finalizer" daemon [_thread_blocked, id=5740, stack(0x0000000015830000,0x0000000015930000)]
  0x0000000001eed000 JavaThread "Reference Handler" daemon [_thread_blocked, id=5976, stack(0x0000000015730000,0x0000000015830000)]
  0x0000000001e00800 JavaThread "main" [_thread_in_Java, id=3108, stack(0x0000000001c10000,0x0000000001d10000)]

Other Threads:
  0x0000000014595800 VMThread [stack: 0x0000000015630000,0x0000000015730000] [id=6424]
  0x0000000015e34000 WatcherThread [stack: 0x0000000016330000,0x0000000016430000] [id=5632]

VM state:not at safepoint (normal execution)

VM Mutex/Monitor currently owned by a thread: None

Heap:
 PSYoungGen      total 28672K, used 19111K [0x00000000eab00000, 0x00000000ee300000, 0x0000000100000000)
  eden space 24576K, 61% used [0x00000000eab00000,0x00000000eb9adbd8,0x00000000ec300000)
  from space 4096K, 99% used [0x00000000ec300000,0x00000000ec6fc330,0x00000000ec700000)
  to   space 4096K, 0% used [0x00000000edf00000,0x00000000edf00000,0x00000000ee300000)
 ParOldGen       total 65536K, used 2019K [0x00000000c0000000, 0x00000000c4000000, 0x00000000eab00000)
  object space 65536K, 3% used [0x00000000c0000000,0x00000000c01f8e60,0x00000000c4000000)
 Metaspace       used 5895K, capacity 6960K, committed 7040K, reserved 1056768K
  class space    used 580K, capacity 616K, committed 640K, reserved 1048576K

Card table byte_map: [0x00000000112c0000,0x00000000114d0000] byte_map_base: 0x0000000010cc0000

Marking Bits: (ParMarkBitMap*) 0x000000006e6ed490
 Begin Bits: [0x0000000011a30000, 0x0000000012a30000)
 End Bits:   [0x0000000012a30000, 0x0000000013a30000)

Polling page: 0x0000000000430000

CodeCache: size=245760Kb used=5217Kb max_used=5228Kb free=240543Kb
 bounds [0x0000000001f00000, 0x0000000002420000, 0x0000000010f00000]
 total_blobs=1587 nmethods=1324 adapters=177
 compilation: enabled

Compilation events (10 events):
Event: 2.558 Thread 0x00000000145ce800 nmethod 1259 0x0000000002418bd0 code [0x0000000002418e80, 0x000000000241a050]
Event: 2.558 Thread 0x00000000145ce800 1248       4       com.android.dx.ssa.SsaMethod$2::addToUses (48 bytes)
Event: 2.577 Thread 0x00000000145ce800 nmethod 1248 0x000000000241d7d0 code [0x000000000241d980, 0x000000000241e388]
Event: 2.577 Thread 0x00000000145ce800 1258       4       com.android.dx.ssa.SsaBasicBlock::getCountPhiInsns (45 bytes)
Event: 2.580 Thread 0x00000000145ce800 nmethod 1258 0x0000000002415890 code [0x00000000024159e0, 0x0000000002415c18]
Event: 2.580 Thread 0x00000000145ce800 1269       4       com.android.dx.rop.code.RegisterSpec::getCategory (13 bytes)
Event: 2.581 Thread 0x00000000145ce800 nmethod 1269 0x00000000024155d0 code [0x0000000002415720, 0x00000000024157d8]
Event: 2.581 Thread 0x00000000145ce800 1292       4       java.lang.Object::equals (11 bytes)
Event: 2.581 Thread 0x00000000145ce800 nmethod 1292 0x00000000022dcb90 code [0x00000000022dccc0, 0x00000000022dcd38]
Event: 2.581 Thread 0x00000000145ce800 1312       4       com.android.dx.ssa.SCCP::simulateStmt (481 bytes)

GC Heap History (2 events):
Event: 2.122 GC heap before
{Heap before GC invocations=1 (full 0):
 PSYoungGen      total 28672K, used 24576K [0x00000000eab00000, 0x00000000ecb00000, 0x0000000100000000)
  eden space 24576K, 100% used [0x00000000eab00000,0x00000000ec300000,0x00000000ec300000)
  from space 4096K, 0% used [0x00000000ec700000,0x00000000ec700000,0x00000000ecb00000)
  to   space 4096K, 0% used [0x00000000ec300000,0x00000000ec300000,0x00000000ec700000)
 ParOldGen       total 65536K, used 0K [0x00000000c0000000, 0x00000000c4000000, 0x00000000eab00000)
  object space 65536K, 0% used [0x00000000c0000000,0x00000000c0000000,0x00000000c4000000)
 Metaspace       used 5790K, capacity 6896K, committed 7040K, reserved 1056768K
  class space    used 579K, capacity 616K, committed 640K, reserved 1048576K
Event: 2.383 GC heap after
Heap after GC invocations=1 (full 0):
 PSYoungGen      total 28672K, used 4080K [0x00000000eab00000, 0x00000000ee300000, 0x0000000100000000)
  eden space 24576K, 0% used [0x00000000eab00000,0x00000000eab00000,0x00000000ec300000)
  from space 4096K, 99% used [0x00000000ec300000,0x00000000ec6fc330,0x00000000ec700000)
  to   space 4096K, 0% used [0x00000000edf00000,0x00000000edf00000,0x00000000ee300000)
 ParOldGen       total 65536K, used 2019K [0x00000000c0000000, 0x00000000c4000000, 0x00000000eab00000)
  object space 65536K, 3% used [0x00000000c0000000,0x00000000c01f8e60,0x00000000c4000000)
 Metaspace       used 5790K, capacity 6896K, committed 7040K, reserved 1056768K
  class space    used 579K, capacity 616K, committed 640K, reserved 1048576K
}

Deoptimization events (1 events):
Event: 2.498 Thread 0x0000000001e00800 Uncommon trap: reason=null_check action=make_not_entrant pc=0x000000000222b724 method=com.android.dx.rop.type.Type.equals(Ljava/lang/Object;)Z @ 8

Internal exceptions (10 events):
Event: 1.338 Thread 0x0000000001e00800 Exception <a 'java/security/PrivilegedActionException'> (0x00000000eb5be938) thrown at [D:\re\workspace\8-2-build-windows-amd64-cygwin\jdk8u25\1677\hotspot\src\share\vm\prims\jvm.cpp, line 1312]
Event: 1.367 Thread 0x0000000016096800 Exception <a 'java/security/PrivilegedActionException'> (0x00000000eb6d59d0) thrown at [D:\re\workspace\8-2-build-windows-amd64-cygwin\jdk8u25\1677\hotspot\src\share\vm\prims\jvm.cpp, line 1312]
Event: 1.368 Thread 0x0000000016096800 Exception <a 'java/security/PrivilegedActionException'> (0x00000000eb6db430) thrown at [D:\re\workspace\8-2-build-windows-amd64-cygwin\jdk8u25\1677\hotspot\src\share\vm\prims\jvm.cpp, line 1312]
Event: 1.550 Thread 0x0000000016096800 Exception <a 'java/security/PrivilegedActionException'> (0x00000000eb6f0478) thrown at [D:\re\workspace\8-2-build-windows-amd64-cygwin\jdk8u25\1677\hotspot\src\share\vm\prims\jvm.cpp, line 1312]
Event: 1.608 Thread 0x0000000016081800 Exception <a 'java/security/PrivilegedActionException'> (0x00000000eb9f5318) thrown at [D:\re\workspace\8-2-build-windows-amd64-cygwin\jdk8u25\1677\hotspot\src\share\vm\prims\jvm.cpp, line 1312]
Event: 1.675 Thread 0x0000000001e00800 Exception <a 'java/security/PrivilegedActionException'> (0x00000000ebd58360) thrown at [D:\re\workspace\8-2-build-windows-amd64-cygwin\jdk8u25\1677\hotspot\src\share\vm\prims\jvm.cpp, line 1312]
Event: 1.970 Thread 0x0000000016081800 Exception <a 'java/security/PrivilegedActionException'> (0x00000000ec0593b8) thrown at [D:\re\workspace\8-2-build-windows-amd64-cygwin\jdk8u25\1677\hotspot\src\share\vm\prims\jvm.cpp, line 1312]
Event: 1.971 Thread 0x0000000016081800 Exception <a 'java/security/PrivilegedActionException'> (0x00000000ec05fa78) thrown at [D:\re\workspace\8-2-build-windows-amd64-cygwin\jdk8u25\1677\hotspot\src\share\vm\prims\jvm.cpp, line 1312]
Event: 2.484 Thread 0x0000000016096800 Exception <a 'java/security/PrivilegedActionException'> (0x00000000eb152238) thrown at [D:\re\workspace\8-2-build-windows-amd64-cygwin\jdk8u25\1677\hotspot\src\share\vm\prims\jvm.cpp, line 1312]
Event: 2.498 Thread 0x0000000001e00800 Implicit null exception at 0x000000000222b622 to 0x000000000222b715

Events (10 events):
Event: 1.973 loading class java/util/HashMap$ValueIterator done
Event: 2.046 Executing VM operation: ParallelGCFailedAllocation
Event: 2.383 Executing VM operation: ParallelGCFailedAllocation done
Event: 2.388 loading class sun/misc/Cleaner
Event: 2.388 loading class sun/misc/Cleaner done
Event: 2.484 loading class com/android/dx/cf/code/SwitchList
Event: 2.484 loading class com/android/dx/cf/code/SwitchList done
Event: 2.498 Thread 0x0000000001e00800 Uncommon trap: trap_request=0xfffffff4 fr.pc=0x000000000222b724
Event: 2.498 Thread 0x0000000001e00800 DEOPT PACKING pc=0x000000000222b724 sp=0x0000000001d0de10
Event: 2.498 Thread 0x0000000001e00800 DEOPT UNPACKING pc=0x0000000001f4556a sp=0x0000000001d0dd98 mode 2


Dynamic libraries:
0x00007ff620b00000 - 0x00007ff620b34000 	C:\Program Files\Java\jdk1.8.0_25\bin\java.exe
0x00007ffd65b10000 - 0x00007ffd65cbd000 	C:\Windows\SYSTEM32\ntdll.dll
0x00007ffd656f0000 - 0x00007ffd6582e000 	C:\Windows\system32\KERNEL32.DLL
0x00007ffd62fc0000 - 0x00007ffd630d5000 	C:\Windows\system32\KERNELBASE.dll
0x00007ffd61800000 - 0x00007ffd6188e000 	C:\Windows\system32\apphelp.dll
0x00007ffd30a90000 - 0x00007ffd30ae3000 	C:\Windows\AppPatch\AppPatch64\AcGenral.DLL
0x00007ffd65000000 - 0x00007ffd650aa000 	C:\Windows\system32\msvcrt.dll
0x00007ffd62af0000 - 0x00007ffd62b1e000 	C:\Windows\SYSTEM32\SspiCli.dll
0x00007ffd65ab0000 - 0x00007ffd65b04000 	C:\Windows\system32\SHLWAPI.dll
0x00007ffd636c0000 - 0x00007ffd63837000 	C:\Windows\system32\USER32.dll
0x00007ffd65340000 - 0x00007ffd654d4000 	C:\Windows\system32\ole32.dll
0x00007ffd63900000 - 0x00007ffd64e2a000 	C:\Windows\system32\SHELL32.dll
0x00007ffd62200000 - 0x00007ffd62221000 	C:\Windows\SYSTEM32\USERENV.dll
0x00007ffd63610000 - 0x00007ffd636ba000 	C:\Windows\system32\ADVAPI32.dll
0x00007ffd59220000 - 0x00007ffd5923e000 	C:\Windows\SYSTEM32\MPR.dll
0x00007ffd655a0000 - 0x00007ffd656e1000 	C:\Windows\system32\RPCRT4.dll
0x00007ffd64f80000 - 0x00007ffd64fd9000 	C:\Windows\SYSTEM32\sechost.dll
0x00007ffd650b0000 - 0x00007ffd652c1000 	C:\Windows\SYSTEM32\combase.dll
0x00007ffd64e30000 - 0x00007ffd64f80000 	C:\Windows\system32\GDI32.dll
0x00007ffd62c60000 - 0x00007ffd62c75000 	C:\Windows\SYSTEM32\profapi.dll
0x00007ffd60ac0000 - 0x00007ffd60b72000 	C:\Windows\SYSTEM32\SHCORE.dll
0x00007ffd65900000 - 0x00007ffd65936000 	C:\Windows\system32\IMM32.DLL
0x00007ffd65950000 - 0x00007ffd65aa2000 	C:\Windows\system32\MSCTF.dll
0x00007ffd60490000 - 0x00007ffd6070b000 	C:\Windows\WinSxS\amd64_microsoft.windows.common-controls_6595b64144ccf1df_6.0.9600.18006_none_623f33d3ecbe86e8\COMCTL32.dll
0x000000006d910000 - 0x000000006d9e2000 	C:\Program Files\Java\jdk1.8.0_25\jre\bin\msvcr100.dll
0x000000006df10000 - 0x000000006e76a000 	C:\Program Files\Java\jdk1.8.0_25\jre\bin\server\jvm.dll
0x00007ffd5a5f0000 - 0x00007ffd5a5f9000 	C:\Windows\SYSTEM32\WSOCK32.dll
0x00007ffd5f3f0000 - 0x00007ffd5f412000 	C:\Windows\SYSTEM32\WINMM.dll
0x00007ffd64ff0000 - 0x00007ffd64ff7000 	C:\Windows\system32\PSAPI.DLL
0x00007ffd65830000 - 0x00007ffd6588a000 	C:\Windows\system32\WS2_32.dll
0x00007ffd5f3c0000 - 0x00007ffd5f3ea000 	C:\Windows\SYSTEM32\WINMMBASE.dll
0x00007ffd652d0000 - 0x00007ffd652d9000 	C:\Windows\system32\NSI.dll
0x00007ffd62d90000 - 0x00007ffd62ddf000 	C:\Windows\SYSTEM32\cfgmgr32.dll
0x00007ffd61a60000 - 0x00007ffd61a88000 	C:\Windows\SYSTEM32\DEVOBJ.dll
0x000000006df00000 - 0x000000006df0f000 	C:\Program Files\Java\jdk1.8.0_25\jre\bin\verify.dll
0x000000006ded0000 - 0x000000006def8000 	C:\Program Files\Java\jdk1.8.0_25\jre\bin\java.dll
0x000000006deb0000 - 0x000000006dec6000 	C:\Program Files\Java\jdk1.8.0_25\jre\bin\zip.dll
0x00007ffd5a9b0000 - 0x00007ffd5ab39000 	C:\Windows\SYSTEM32\dbghelp.dll

VM Arguments:
jvm_args: -Djava.awt.headless=true -Xmx1024M -Dfile.encoding=windows-1252 -Duser.country=US -Duser.language=en -Duser.variant 
java_command: com.android.dx.command.Main --dex --force-jumbo --num-threads=4 --multi-dex --output E:\android\HeRoes2\app\build\intermediates\transforms\dex\debug\folders\1000\10\jackson-databind-2.2.2_30431c51b13a140122e258b522a1a85aaa3660f4 C:\Users\pc\.gradle\caches\modules-2\files-2.1\com.fasterxml.jackson.core\jackson-databind\2.2.2\3c8f6018eaa72d43b261181e801e6f8676c16ef6\jackson-databind-2.2.2.jar
java_class_path (initial): C:\Users\pc\AppData\Local\Android\sdk\build-tools\23.0.1\lib\dx.jar
Launcher Type: SUN_STANDARD

Environment Variables:
PATH=C:\oraclexe\app\oracle\product\11.2.0\server\bin;C:\ProgramData\Oracle\Java\javapath;C:\Windows\system32;C:\Windows;C:\Windows\System32\Wbem;C:\Windows\System32\WindowsPowerShell\v1.0\;C:\Program Files (x86)\ATI Technologies\ATI.ACE\Core-Static;C:\Program Files (x86)\MySQL\MySQL Server 5.0\bin;C:\Program Files (x86)\Windows Kits\8.1\Windows Performance Toolkit\;C:\Program Files\Microsoft SQL Server\110\Tools\Binn\;C:\Program Files (x86)\Skype\Phone\;C:\Program Files (x86)\OpenVPN\bin
USERNAME=pc
OS=Windows_NT
PROCESSOR_IDENTIFIER=Intel64 Family 6 Model 60 Stepping 3, GenuineIntel



---------------  S Y S T E M  ---------------

OS: Windows 8.1 , 64 bit Build 9600 

CPU:total 4 (2 cores per cpu, 2 threads per core) family 6 model 60 stepping 3, cmov, cx8, fxsr, mmx, sse, sse2, sse3, ssse3, sse4.1, sse4.2, popcnt, avx, avx2, aes, clmul, erms, lzcnt, ht, tsc, tscinvbit, bmi1, bmi2

Memory: 4k page, physical 6169708k(880480k free), swap 9315436k(5164k free)

vm_info: Java HotSpot(TM) 64-Bit Server VM (25.25-b02) for windows-amd64 JRE (1.8.0_25-b18), built on Oct  7 2014 14:25:37 by "java_re" with MS VC++ 10.0 (VS2010)

time: Sat Apr 30 15:15:48 2016
elapsed time: 2 seconds (0d 0h 0m 2s)

