#
# There is insufficient memory for the Java Runtime Environment to continue.
# Native memory allocation (malloc) failed to allocate 262160 bytes for Chunk::new
# Possible reasons:
#   The system is out of physical RAM or swap space
#   In 32 bit mode, the process size limit was hit
# Possible solutions:
#   Reduce memory load on the system
#   Increase physical memory or swap space
#   Check if swap backing store is full
#   Use 64 bit Java on a 64 bit OS
#   Decrease Java heap size (-Xmx/-Xms)
#   Decrease number of Java threads
#   Decrease Java thread stack sizes (-Xss)
#   Set larger code cache with -XX:ReservedCodeCacheSize=
# This output file may be truncated or incomplete.
#
#  Out of Memory Error (allocation.cpp:390), pid=7220, tid=7956
#
# JRE version: Java(TM) SE Runtime Environment (8.0_25-b18) (build 1.8.0_25-b18)
# Java VM: Java HotSpot(TM) 64-Bit Server VM (25.25-b02 mixed mode windows-amd64 compressed oops)
# Failed to write core dump. Minidumps are not enabled by default on client versions of Windows
#

---------------  T H R E A D  ---------------

Current thread (0x0000000014bad000):  JavaThread "C2 CompilerThread1" daemon [_thread_in_native, id=7956, stack(0x00000000161c0000,0x00000000162c0000)]

Stack: [0x00000000161c0000,0x00000000162c0000]
Native frames: (J=compiled Java code, j=interpreted, Vv=VM code, C=native code)
V  [jvm.dll+0x31667a]
V  [jvm.dll+0x267073]
V  [jvm.dll+0x267cb3]
V  [jvm.dll+0x25f5b5]
V  [jvm.dll+0xbf165]
V  [jvm.dll+0xbf60c]
V  [jvm.dll+0xbf8b4]
V  [jvm.dll+0x4e6020]
V  [jvm.dll+0x4a7abe]
V  [jvm.dll+0x4a8ec3]
V  [jvm.dll+0x4a9191]
V  [jvm.dll+0x4a9870]
V  [jvm.dll+0x4a9a6f]
V  [jvm.dll+0x4a9a83]
V  [jvm.dll+0x4a9a83]
V  [jvm.dll+0x4a9a83]
V  [jvm.dll+0x4a9a83]
V  [jvm.dll+0x4a9a83]
V  [jvm.dll+0x4a9a83]
V  [jvm.dll+0x4a9a83]
V  [jvm.dll+0x4a9a83]
V  [jvm.dll+0x4a9a83]
V  [jvm.dll+0x4a9a83]
V  [jvm.dll+0x4a9a83]
V  [jvm.dll+0x4a9a83]
V  [jvm.dll+0x4a9a83]
V  [jvm.dll+0x4a9a83]
V  [jvm.dll+0x4a9a83]
V  [jvm.dll+0x4a9a83]
V  [jvm.dll+0x4a9a83]
V  [jvm.dll+0x4a9a83]
V  [jvm.dll+0x49ee41]
V  [jvm.dll+0x452668]
V  [jvm.dll+0x453864]
V  [jvm.dll+0x437372]
V  [jvm.dll+0x98a02]
V  [jvm.dll+0x991f3]
V  [jvm.dll+0x22bde4]
V  [jvm.dll+0x2852fa]
C  [msvcr100.dll+0x21d9f]
C  [msvcr100.dll+0x21e3b]
C  [KERNEL32.DLL+0x13d2]
C  [ntdll.dll+0x154e4]


Current CompileTask:
C2:  10864 1256   !   4       com.android.dx.cf.cst.ConstantPoolParser::parse0 (731 bytes)


---------------  P R O C E S S  ---------------

Java Threads: ( => current thread )
  0x000000001664e000 JavaThread "pool-1-thread-4" [_thread_blocked, id=96, stack(0x0000000016fc0000,0x00000000170c0000)]
  0x000000001664b800 JavaThread "pool-1-thread-3" [_thread_blocked, id=9020, stack(0x0000000016cc0000,0x0000000016dc0000)]
  0x000000001663d800 JavaThread "pool-1-thread-2" [_thread_blocked, id=7464, stack(0x0000000016bc0000,0x0000000016cc0000)]
  0x000000001660e000 JavaThread "pool-2-thread-1" [_thread_blocked, id=7024, stack(0x0000000016ac0000,0x0000000016bc0000)]
  0x000000001660d800 JavaThread "pool-1-thread-1" [_thread_blocked, id=3208, stack(0x00000000169c0000,0x0000000016ac0000)]
  0x0000000014bbe000 JavaThread "Service Thread" daemon [_thread_blocked, id=3488, stack(0x00000000167c0000,0x00000000168c0000)]
  0x0000000014bb0000 JavaThread "C1 CompilerThread2" daemon [_thread_in_native, id=7924, stack(0x00000000162c0000,0x00000000163c0000)]
=>0x0000000014bad000 JavaThread "C2 CompilerThread1" daemon [_thread_in_native, id=7956, stack(0x00000000161c0000,0x00000000162c0000)]
  0x0000000014b5c000 JavaThread "C2 CompilerThread0" daemon [_thread_in_native, id=8960, stack(0x00000000160c0000,0x00000000161c0000)]
  0x0000000014b5b000 JavaThread "Attach Listener" daemon [_thread_blocked, id=9192, stack(0x0000000015fc0000,0x00000000160c0000)]
  0x0000000014b58000 JavaThread "Signal Dispatcher" daemon [_thread_blocked, id=4780, stack(0x0000000015ec0000,0x0000000015fc0000)]
  0x0000000002486000 JavaThread "Finalizer" daemon [_thread_blocked, id=7832, stack(0x0000000015dc0000,0x0000000015ec0000)]
  0x000000000247d000 JavaThread "Reference Handler" daemon [_thread_blocked, id=6740, stack(0x0000000015cc0000,0x0000000015dc0000)]
  0x0000000002390800 JavaThread "main" [_thread_in_vm, id=4560, stack(0x00000000021f0000,0x00000000022f0000)]

Other Threads:
  0x0000000014b25800 VMThread [stack: 0x0000000015bc0000,0x0000000015cc0000] [id=7776]
  0x00000000163c5800 WatcherThread [stack: 0x00000000168c0000,0x00000000169c0000] [id=7768]

VM state:synchronizing (normal execution)

VM Mutex/Monitor currently owned by a thread:  ([mutex/lock_event])
[0x0000000000a7c490] Threads_lock - owner thread: 0x0000000014b25800
[0x0000000000a7c390] Heap_lock - owner thread: 0x000000001663d800

Heap:
 PSYoungGen      total 28672K, used 28658K [0x00000000eab00000, 0x00000000ecb00000, 0x0000000100000000)
  eden space 24576K, 100% used [0x00000000eab00000,0x00000000ec300000,0x00000000ec300000)
  from space 4096K, 99% used [0x00000000ec700000,0x00000000ecafcbc8,0x00000000ecb00000)
  to   space 4096K, 0% used [0x00000000ec300000,0x00000000ec300000,0x00000000ec700000)
 ParOldGen       total 32768K, used 2459K [0x00000000c0000000, 0x00000000c2000000, 0x00000000eab00000)
  object space 32768K, 7% used [0x00000000c0000000,0x00000000c0266f98,0x00000000c2000000)
 Metaspace       used 5928K, capacity 6960K, committed 7040K, reserved 1058816K
  class space    used 579K, capacity 616K, committed 640K, reserved 1048576K

Card table byte_map: [0x0000000011850000,0x0000000011a60000] byte_map_base: 0x0000000011250000

Marking Bits: (ParMarkBitMap*) 0x000000006cfcd490
 Begin Bits: [0x0000000011fc0000, 0x0000000012fc0000)
 End Bits:   [0x0000000012fc0000, 0x0000000013fc0000)

Polling page: 0x0000000000910000

CodeCache: size=245760Kb used=5286Kb max_used=5286Kb free=240473Kb
 bounds [0x0000000002490000, 0x00000000029c0000, 0x0000000011490000]
 total_blobs=1580 nmethods=1317 adapters=177
 compilation: enabled

Compilation events (10 events):
Event: 3.276 Thread 0x0000000014bb0000 1312       3       com.android.dx.dex.file.AnnotationItem::<init> (41 bytes)
Event: 3.276 Thread 0x0000000014bb0000 nmethod 1312 0x00000000029b4410 code [0x00000000029b45c0, 0x00000000029b4bb8]
Event: 3.277 Thread 0x0000000014bb0000 1313       3       com.android.dx.ssa.back.SsaToRop::verifyValidExitPredecessor (53 bytes)
Event: 3.278 Thread 0x0000000014bb0000 nmethod 1313 0x00000000029b4dd0 code [0x00000000029b4fa0, 0x00000000029b5798]
Event: 3.279 Thread 0x0000000014bb0000 1314       3       com.android.dx.rop.code.DexTranslationAdvice::hasConstantOperation (163 bytes)
Event: 3.280 Thread 0x0000000014bb0000 nmethod 1314 0x00000000029b5c10 code [0x00000000029b5e60, 0x00000000029b76f8]
Event: 3.280 Thread 0x0000000014bb0000 1315       3       com.android.dx.ssa.PhiInsn::getOpcode (2 bytes)
Event: 3.280 Thread 0x0000000014bb0000 nmethod 1315 0x00000000029b7c10 code [0x00000000029b7d60, 0x00000000029b7eb0]
Event: 3.282 Thread 0x0000000014bb0000 1316       3       com.android.dx.rop.cst.CstBaseMethodRef::<init> (31 bytes)
Event: 3.282 Thread 0x0000000014bb0000 nmethod 1316 0x00000000029b7f50 code [0x00000000029b80c0, 0x00000000029b8478]

GC Heap History (6 events):
Event: 2.444 GC heap before
{Heap before GC invocations=1 (full 0):
 PSYoungGen      total 28672K, used 3953K [0x00000000eab00000, 0x00000000ecb00000, 0x0000000100000000)
  eden space 24576K, 16% used [0x00000000eab00000,0x00000000eaedc4a8,0x00000000ec300000)
  from space 4096K, 0% used [0x00000000ec700000,0x00000000ec700000,0x00000000ecb00000)
  to   space 4096K, 0% used [0x00000000ec300000,0x00000000ec300000,0x00000000ec700000)
 ParOldGen       total 65536K, used 0K [0x00000000c0000000, 0x00000000c4000000, 0x00000000eab00000)
  object space 65536K, 0% used [0x00000000c0000000,0x00000000c0000000,0x00000000c4000000)
 Metaspace       used 3750K, capacity 5040K, committed 5120K, reserved 1060864K
  class space    used 418K, capacity 488K, committed 512K, reserved 1048576K
Event: 2.467 GC heap after
Heap after GC invocations=1 (full 0):
 PSYoungGen      total 28672K, used 1349K [0x00000000eab00000, 0x00000000ecb00000, 0x0000000100000000)
  eden space 24576K, 0% used [0x00000000eab00000,0x00000000eab00000,0x00000000ec300000)
  from space 4096K, 32% used [0x00000000ec300000,0x00000000ec451528,0x00000000ec700000)
  to   space 4096K, 0% used [0x00000000ec700000,0x00000000ec700000,0x00000000ecb00000)
 ParOldGen       total 65536K, used 0K [0x00000000c0000000, 0x00000000c4000000, 0x00000000eab00000)
  object space 65536K, 0% used [0x00000000c0000000,0x00000000c0000000,0x00000000c4000000)
 Metaspace       used 3750K, capacity 5040K, committed 5120K, reserved 1060864K
  class space    used 418K, capacity 488K, committed 512K, reserved 1048576K
}
Event: 2.467 GC heap before
{Heap before GC invocations=2 (full 1):
 PSYoungGen      total 28672K, used 1349K [0x00000000eab00000, 0x00000000ecb00000, 0x0000000100000000)
  eden space 24576K, 0% used [0x00000000eab00000,0x00000000eab00000,0x00000000ec300000)
  from space 4096K, 32% used [0x00000000ec300000,0x00000000ec451528,0x00000000ec700000)
  to   space 4096K, 0% used [0x00000000ec700000,0x00000000ec700000,0x00000000ecb00000)
 ParOldGen       total 65536K, used 0K [0x00000000c0000000, 0x00000000c4000000, 0x00000000eab00000)
  object space 65536K, 0% used [0x00000000c0000000,0x00000000c0000000,0x00000000c4000000)
 Metaspace       used 3750K, capacity 5040K, committed 5120K, reserved 1060864K
  class space    used 418K, capacity 488K, committed 512K, reserved 1048576K
Event: 2.475 GC heap after
Heap after GC invocations=2 (full 1):
 PSYoungGen      total 28672K, used 0K [0x00000000eab00000, 0x00000000ecb00000, 0x0000000100000000)
  eden space 24576K, 0% used [0x00000000eab00000,0x00000000eab00000,0x00000000ec300000)
  from space 4096K, 0% used [0x00000000ec300000,0x00000000ec300000,0x00000000ec700000)
  to   space 4096K, 0% used [0x00000000ec700000,0x00000000ec700000,0x00000000ecb00000)
 ParOldGen       total 32768K, used 1249K [0x00000000c0000000, 0x00000000c2000000, 0x00000000eab00000)
  object space 32768K, 3% used [0x00000000c0000000,0x00000000c0138768,0x00000000c2000000)
 Metaspace       used 3750K, capacity 5040K, committed 5120K, reserved 1058816K
  class space    used 418K, capacity 488K, committed 512K, reserved 1048576K
}
Event: 3.129 GC heap before
{Heap before GC invocations=3 (full 1):
 PSYoungGen      total 28672K, used 24576K [0x00000000eab00000, 0x00000000ecb00000, 0x0000000100000000)
  eden space 24576K, 100% used [0x00000000eab00000,0x00000000ec300000,0x00000000ec300000)
  from space 4096K, 0% used [0x00000000ec300000,0x00000000ec300000,0x00000000ec700000)
  to   space 4096K, 0% used [0x00000000ec700000,0x00000000ec700000,0x00000000ecb00000)
 ParOldGen       total 32768K, used 1249K [0x00000000c0000000, 0x00000000c2000000, 0x00000000eab00000)
  object space 32768K, 3% used [0x00000000c0000000,0x00000000c0138768,0x00000000c2000000)
 Metaspace       used 5876K, capacity 6960K, committed 7040K, reserved 1058816K
  class space    used 579K, capacity 616K, committed 640K, reserved 1048576K
Event: 3.141 GC heap after
Heap after GC invocations=3 (full 1):
 PSYoungGen      total 28672K, used 4082K [0x00000000eab00000, 0x00000000ecb00000, 0x0000000100000000)
  eden space 24576K, 0% used [0x00000000eab00000,0x00000000eab00000,0x00000000ec300000)
  from space 4096K, 99% used [0x00000000ec700000,0x00000000ecafcbc8,0x00000000ecb00000)
  to   space 4096K, 0% used [0x00000000ec300000,0x00000000ec300000,0x00000000ec700000)
 ParOldGen       total 32768K, used 2459K [0x00000000c0000000, 0x00000000c2000000, 0x00000000eab00000)
  object space 32768K, 7% used [0x00000000c0000000,0x00000000c0266f98,0x00000000c2000000)
 Metaspace       used 5876K, capacity 6960K, committed 7040K, reserved 1058816K
  class space    used 579K, capacity 616K, committed 640K, reserved 1048576K
}

Deoptimization events (3 events):
Event: 2.717 Thread 0x000000001660d800 Uncommon trap: reason=class_check action=maybe_recompile pc=0x0000000002705330 method=com.android.dx.ssa.NormalSsaInsn.accept(Lcom/android/dx/ssa/SsaInsn$Visitor;)V @ 9
Event: 2.750 Thread 0x000000001664e000 Uncommon trap: reason=class_check action=maybe_recompile pc=0x0000000002705330 method=com.android.dx.ssa.NormalSsaInsn.accept(Lcom/android/dx/ssa/SsaInsn$Visitor;)V @ 9
Event: 2.761 Thread 0x000000001664e000 Uncommon trap: reason=class_check action=maybe_recompile pc=0x0000000002705330 method=com.android.dx.ssa.NormalSsaInsn.accept(Lcom/android/dx/ssa/SsaInsn$Visitor;)V @ 9

Internal exceptions (10 events):
Event: 2.658 Thread 0x0000000002390800 Exception <a 'java/security/PrivilegedActionException'> (0x00000000eb084d40) thrown at [D:\re\workspace\8-2-build-windows-amd64-cygwin\jdk8u25\1677\hotspot\src\share\vm\prims\jvm.cpp, line 1312]
Event: 2.668 Thread 0x0000000002390800 Exception <a 'java/security/PrivilegedActionException'> (0x00000000eb2d0a18) thrown at [D:\re\workspace\8-2-build-windows-amd64-cygwin\jdk8u25\1677\hotspot\src\share\vm\prims\jvm.cpp, line 1312]
Event: 2.675 Thread 0x0000000002390800 Exception <a 'java/security/PrivilegedActionException'> (0x00000000eb38de00) thrown at [D:\re\workspace\8-2-build-windows-amd64-cygwin\jdk8u25\1677\hotspot\src\share\vm\prims\jvm.cpp, line 1312]
Event: 2.676 Thread 0x000000001663d800 Exception <a 'java/security/PrivilegedActionException'> (0x00000000eb3fe478) thrown at [D:\re\workspace\8-2-build-windows-amd64-cygwin\jdk8u25\1677\hotspot\src\share\vm\prims\jvm.cpp, line 1312]
Event: 2.677 Thread 0x000000001663d800 Exception <a 'java/security/PrivilegedActionException'> (0x00000000eb403f10) thrown at [D:\re\workspace\8-2-build-windows-amd64-cygwin\jdk8u25\1677\hotspot\src\share\vm\prims\jvm.cpp, line 1312]
Event: 2.781 Thread 0x000000001664b800 Exception <a 'java/security/PrivilegedActionException'> (0x00000000eb61d1a8) thrown at [D:\re\workspace\8-2-build-windows-amd64-cygwin\jdk8u25\1677\hotspot\src\share\vm\prims\jvm.cpp, line 1312]
Event: 2.909 Thread 0x0000000002390800 Exception <a 'java/security/PrivilegedActionException'> (0x00000000eb9d1ef0) thrown at [D:\re\workspace\8-2-build-windows-amd64-cygwin\jdk8u25\1677\hotspot\src\share\vm\prims\jvm.cpp, line 1312]
Event: 2.919 Thread 0x0000000002390800 Exception <a 'java/security/PrivilegedActionException'> (0x00000000ebb7e738) thrown at [D:\re\workspace\8-2-build-windows-amd64-cygwin\jdk8u25\1677\hotspot\src\share\vm\prims\jvm.cpp, line 1312]
Event: 2.920 Thread 0x0000000002390800 Exception <a 'java/security/PrivilegedActionException'> (0x00000000ebb84b30) thrown at [D:\re\workspace\8-2-build-windows-amd64-cygwin\jdk8u25\1677\hotspot\src\share\vm\prims\jvm.cpp, line 1312]
Event: 3.060 Thread 0x000000001664e000 Exception <a 'java/security/PrivilegedActionException'> (0x00000000ec058588) thrown at [D:\re\workspace\8-2-build-windows-amd64-cygwin\jdk8u25\1677\hotspot\src\share\vm\prims\jvm.cpp, line 1312]

Events (10 events):
Event: 2.926 loading class java/util/HashMap$Values
Event: 2.926 loading class java/util/HashMap$Values done
Event: 2.926 loading class java/util/HashMap$ValueIterator
Event: 2.926 loading class java/util/HashMap$ValueIterator done
Event: 3.060 loading class com/android/dx/cf/code/SwitchList
Event: 3.060 loading class com/android/dx/cf/code/SwitchList done
Event: 3.125 Executing VM operation: ForceSafepoint
Event: 3.126 Executing VM operation: ForceSafepoint done
Event: 3.129 Executing VM operation: ParallelGCFailedAllocation
Event: 3.141 Executing VM operation: ParallelGCFailedAllocation done


Dynamic libraries:
0x00007ff678b70000 - 0x00007ff678ba4000 	C:\Program Files\Java\jdk1.8.0_25\bin\java.exe
0x00007ff9b4cb0000 - 0x00007ff9b4e5d000 	C:\Windows\SYSTEM32\ntdll.dll
0x00007ff9b2330000 - 0x00007ff9b246e000 	C:\Windows\system32\KERNEL32.DLL
0x00007ff9b2210000 - 0x00007ff9b2325000 	C:\Windows\system32\KERNELBASE.dll
0x00007ff9b09a0000 - 0x00007ff9b0a2e000 	C:\Windows\system32\apphelp.dll
0x00007ff99bff0000 - 0x00007ff99c043000 	C:\Windows\AppPatch\AppPatch64\AcGenral.DLL
0x00007ff9b4ba0000 - 0x00007ff9b4c4a000 	C:\Windows\system32\msvcrt.dll
0x00007ff9b1ca0000 - 0x00007ff9b1cce000 	C:\Windows\SYSTEM32\SspiCli.dll
0x00007ff9b4320000 - 0x00007ff9b4374000 	C:\Windows\system32\SHLWAPI.dll
0x00007ff9b4800000 - 0x00007ff9b4977000 	C:\Windows\system32\USER32.dll
0x00007ff9b45a0000 - 0x00007ff9b4734000 	C:\Windows\system32\ole32.dll
0x00007ff9b2470000 - 0x00007ff9b399a000 	C:\Windows\system32\SHELL32.dll
0x00007ff9b1250000 - 0x00007ff9b1271000 	C:\Windows\SYSTEM32\USERENV.dll
0x00007ff9b4380000 - 0x00007ff9b442a000 	C:\Windows\system32\ADVAPI32.dll
0x00007ff9a82f0000 - 0x00007ff9a830e000 	C:\Windows\SYSTEM32\MPR.dll
0x00007ff9b3bc0000 - 0x00007ff9b3d01000 	C:\Windows\system32\RPCRT4.dll
0x00007ff9b4140000 - 0x00007ff9b4199000 	C:\Windows\SYSTEM32\sechost.dll
0x00007ff9b3f20000 - 0x00007ff9b4131000 	C:\Windows\SYSTEM32\combase.dll
0x00007ff9b4450000 - 0x00007ff9b45a0000 	C:\Windows\system32\GDI32.dll
0x00007ff9b1e00000 - 0x00007ff9b1e15000 	C:\Windows\SYSTEM32\profapi.dll
0x00007ff9b00f0000 - 0x00007ff9b01a2000 	C:\Windows\SYSTEM32\SHCORE.dll
0x00007ff9b39a0000 - 0x00007ff9b39d6000 	C:\Windows\system32\IMM32.DLL
0x00007ff9b41a0000 - 0x00007ff9b42f2000 	C:\Windows\system32\MSCTF.dll
0x00007ff9af7e0000 - 0x00007ff9afa5b000 	C:\Windows\WinSxS\amd64_microsoft.windows.common-controls_6595b64144ccf1df_6.0.9600.18006_none_623f33d3ecbe86e8\COMCTL32.dll
0x000000006c1b0000 - 0x000000006c282000 	C:\Program Files\Java\jdk1.8.0_25\jre\bin\msvcr100.dll
0x000000006c7f0000 - 0x000000006d04a000 	C:\Program Files\Java\jdk1.8.0_25\jre\bin\server\jvm.dll
0x00007ff9af160000 - 0x00007ff9af169000 	C:\Windows\SYSTEM32\WSOCK32.dll
0x00007ff9ae750000 - 0x00007ff9ae772000 	C:\Windows\SYSTEM32\WINMM.dll
0x00007ff9b4300000 - 0x00007ff9b4307000 	C:\Windows\system32\PSAPI.DLL
0x00007ff9b4c50000 - 0x00007ff9b4caa000 	C:\Windows\system32\WS2_32.dll
0x00007ff9ae720000 - 0x00007ff9ae74a000 	C:\Windows\SYSTEM32\WINMMBASE.dll
0x00007ff9b3d20000 - 0x00007ff9b3d29000 	C:\Windows\system32\NSI.dll
0x00007ff9b21c0000 - 0x00007ff9b220f000 	C:\Windows\SYSTEM32\cfgmgr32.dll
0x00007ff9b0bf0000 - 0x00007ff9b0c18000 	C:\Windows\SYSTEM32\DEVOBJ.dll
0x000000006c7e0000 - 0x000000006c7ef000 	C:\Program Files\Java\jdk1.8.0_25\jre\bin\verify.dll
0x000000006c7b0000 - 0x000000006c7d8000 	C:\Program Files\Java\jdk1.8.0_25\jre\bin\java.dll
0x000000006c790000 - 0x000000006c7a6000 	C:\Program Files\Java\jdk1.8.0_25\jre\bin\zip.dll
0x00007ff9a9b50000 - 0x00007ff9a9cd9000 	C:\Windows\SYSTEM32\dbghelp.dll

VM Arguments:
jvm_args: -Djava.awt.headless=true -Xmx1024M -Dfile.encoding=windows-1252 -Duser.country=US -Duser.language=en -Duser.variant 
java_command: com.android.dx.command.Main --dex --force-jumbo --num-threads=4 --output E:\android\HeRoes2\app\build\intermediates\pre-dexed\debug\jackson-databind-2.2.2_30431c51b13a140122e258b522a1a85aaa3660f4.jar C:\Users\pc\.gradle\caches\modules-2\files-2.1\com.fasterxml.jackson.core\jackson-databind\2.2.2\3c8f6018eaa72d43b261181e801e6f8676c16ef6\jackson-databind-2.2.2.jar
java_class_path (initial): C:\Users\pc\AppData\Local\Android\sdk\build-tools\23.0.1\lib\dx.jar
Launcher Type: SUN_STANDARD

Environment Variables:
PATH=C:\oraclexe\app\oracle\product\11.2.0\server\bin;C:\ProgramData\Oracle\Java\javapath;C:\Windows\system32;C:\Windows;C:\Windows\System32\Wbem;C:\Windows\System32\WindowsPowerShell\v1.0\;C:\Program Files (x86)\ATI Technologies\ATI.ACE\Core-Static;C:\Program Files (x86)\MySQL\MySQL Server 5.0\bin;C:\Program Files (x86)\Windows Kits\8.1\Windows Performance Toolkit\;C:\Program Files\Microsoft SQL Server\110\Tools\Binn\;C:\Program Files (x86)\Skype\Phone\;C:\Program Files (x86)\OpenVPN\bin
USERNAME=pc
OS=Windows_NT
PROCESSOR_IDENTIFIER=Intel64 Family 6 Model 60 Stepping 3, GenuineIntel



---------------  S Y S T E M  ---------------

OS: Windows 8.1 , 64 bit Build 9600 

CPU:total 4 (2 cores per cpu, 2 threads per core) family 6 model 60 stepping 3, cmov, cx8, fxsr, mmx, sse, sse2, sse3, ssse3, sse4.1, sse4.2, popcnt, avx, avx2, aes, clmul, erms, lzcnt, ht, tsc, tscinvbit, bmi1, bmi2

Memory: 4k page, physical 6169708k(853616k free), swap 9315436k(475932k free)

vm_info: Java HotSpot(TM) 64-Bit Server VM (25.25-b02) for windows-amd64 JRE (1.8.0_25-b18), built on Oct  7 2014 14:25:37 by "java_re" with MS VC++ 10.0 (VS2010)

time: Thu Apr 28 13:55:18 2016
elapsed time: 10 seconds (0d 0h 0m 10s)

