#
# There is insufficient memory for the Java Runtime Environment to continue.
# Native memory allocation (malloc) failed to allocate 32784 bytes for Chunk::new
# Possible reasons:
#   The system is out of physical RAM or swap space
#   In 32 bit mode, the process size limit was hit
# Possible solutions:
#   Reduce memory load on the system
#   Increase physical memory or swap space
#   Check if swap backing store is full
#   Use 64 bit Java on a 64 bit OS
#   Decrease Java heap size (-Xmx/-Xms)
#   Decrease number of Java threads
#   Decrease Java thread stack sizes (-Xss)
#   Set larger code cache with -XX:ReservedCodeCacheSize=
# This output file may be truncated or incomplete.
#
#  Out of Memory Error (allocation.cpp:390), pid=5380, tid=156
#
# JRE version: Java(TM) SE Runtime Environment (8.0_25-b18) (build 1.8.0_25-b18)
# Java VM: Java HotSpot(TM) 64-Bit Server VM (25.25-b02 mixed mode windows-amd64 compressed oops)
# Failed to write core dump. Minidumps are not enabled by default on client versions of Windows
#

---------------  T H R E A D  ---------------

Current thread (0x000000001457e000):  JavaThread "C2 CompilerThread1" daemon [_thread_in_native, id=156, stack(0x0000000015be0000,0x0000000015ce0000)]

Stack: [0x0000000015be0000,0x0000000015ce0000]
Native frames: (J=compiled Java code, j=interpreted, Vv=VM code, C=native code)
V  [jvm.dll+0x31667a]


Current CompileTask:
C2:   2363 1107       4       com.android.dx.ssa.SsaMethod::deleteInsns (239 bytes)


---------------  P R O C E S S  ---------------

Java Threads: ( => current thread )
  0x0000000015dec800 JavaThread "Service Thread" daemon [_thread_blocked, id=7344, stack(0x00000000161e0000,0x00000000162e0000)]
  0x00000000145cc000 JavaThread "C1 CompilerThread2" daemon [_thread_blocked, id=9780, stack(0x0000000015ce0000,0x0000000015de0000)]
=>0x000000001457e000 JavaThread "C2 CompilerThread1" daemon [_thread_in_native, id=156, stack(0x0000000015be0000,0x0000000015ce0000)]
  0x0000000014579000 JavaThread "C2 CompilerThread0" daemon [_thread_in_native, id=2628, stack(0x0000000015ae0000,0x0000000015be0000)]
  0x0000000014577800 JavaThread "Attach Listener" daemon [_thread_blocked, id=6964, stack(0x00000000159e0000,0x0000000015ae0000)]
  0x0000000014576800 JavaThread "Signal Dispatcher" daemon [_thread_blocked, id=6728, stack(0x00000000158e0000,0x00000000159e0000)]
  0x0000000001ea0800 JavaThread "Finalizer" daemon [_thread_blocked, id=5820, stack(0x00000000157e0000,0x00000000158e0000)]
  0x0000000001e9d000 JavaThread "Reference Handler" daemon [_thread_blocked, id=9068, stack(0x00000000156e0000,0x00000000157e0000)]
  0x0000000001db0800 JavaThread "main" [_thread_in_vm, id=10148, stack(0x0000000001bf0000,0x0000000001cf0000)]

Other Threads:
  0x0000000014545800 VMThread [stack: 0x00000000155e0000,0x00000000156e0000] [id=5972]
  0x0000000015def800 WatcherThread [stack: 0x00000000162e0000,0x00000000163e0000] [id=6276]

VM state:not at safepoint (normal execution)

VM Mutex/Monitor currently owned by a thread: None

Heap:
 PSYoungGen      total 28672K, used 21251K [0x00000000eab00000, 0x00000000ecb00000, 0x0000000100000000)
  eden space 24576K, 86% used [0x00000000eab00000,0x00000000ebfc0fc8,0x00000000ec300000)
  from space 4096K, 0% used [0x00000000ec700000,0x00000000ec700000,0x00000000ecb00000)
  to   space 4096K, 0% used [0x00000000ec300000,0x00000000ec300000,0x00000000ec700000)
 ParOldGen       total 65536K, used 0K [0x00000000c0000000, 0x00000000c4000000, 0x00000000eab00000)
  object space 65536K, 0% used [0x00000000c0000000,0x00000000c0000000,0x00000000c4000000)
 Metaspace       used 5556K, capacity 6832K, committed 7040K, reserved 1056768K
  class space    used 551K, capacity 616K, committed 640K, reserved 1048576K

Card table byte_map: [0x0000000011270000,0x0000000011480000] byte_map_base: 0x0000000010c70000

Marking Bits: (ParMarkBitMap*) 0x000000007512d490
 Begin Bits: [0x00000000119e0000, 0x00000000129e0000)
 End Bits:   [0x00000000129e0000, 0x00000000139e0000)

Polling page: 0x0000000000450000

CodeCache: size=245760Kb used=4524Kb max_used=4524Kb free=241235Kb
 bounds [0x0000000001eb0000, 0x0000000002320000, 0x0000000010eb0000]
 total_blobs=1374 nmethods=1113 adapters=174
 compilation: disabled (not enough contiguous free space left)

Compilation events (10 events):
Event: 2.327 Thread 0x00000000145cc000 nmethod 1103 0x0000000002310290 code [0x0000000002310460, 0x0000000002310c88]
Event: 2.327 Thread 0x00000000145cc000 1105       3       com.android.dx.ssa.SsaMethod::forEachBlockDepthFirstDom (128 bytes)
Event: 2.329 Thread 0x00000000145cc000 nmethod 1105 0x0000000002311890 code [0x0000000002311be0, 0x0000000002313cf8]
Event: 2.329 Thread 0x00000000145cc000 1104       3       com.android.dx.ssa.DomFront::buildDomTree (72 bytes)
Event: 2.329 Thread 0x000000001457e000 1107       4       com.android.dx.ssa.SsaMethod::deleteInsns (239 bytes)
Event: 2.330 Thread 0x0000000014579000 nmethod 1101 0x0000000002316b50 code [0x0000000002316ca0, 0x0000000002317198]
Event: 2.330 Thread 0x00000000145cc000 nmethod 1104 0x0000000002315090 code [0x00000000023152e0, 0x0000000002316128]
Event: 2.330 Thread 0x00000000145cc000 1106       3       com.android.dx.ssa.DeadCodeRemover::run (194 bytes)
Event: 2.332 Thread 0x00000000145cc000 nmethod 1106 0x0000000002317590 code [0x0000000002317920, 0x0000000002319728]
Event: 2.332 Thread 0x00000000145cc000 1109       3       com.android.dx.ssa.SsaMethod::buildUseList (112 bytes)

GC Heap History (0 events):
No events

Deoptimization events (6 events):
Event: 1.505 Thread 0x0000000001db0800 Uncommon trap: reason=class_check action=maybe_recompile pc=0x000000000211a5b0 method=com.android.dx.ssa.NormalSsaInsn.accept(Lcom/android/dx/ssa/SsaInsn$Visitor;)V @ 9
Event: 1.506 Thread 0x0000000001db0800 Uncommon trap: reason=class_check action=maybe_recompile pc=0x000000000211a5b0 method=com.android.dx.ssa.NormalSsaInsn.accept(Lcom/android/dx/ssa/SsaInsn$Visitor;)V @ 9
Event: 1.569 Thread 0x0000000001db0800 Uncommon trap: reason=class_check action=maybe_recompile pc=0x000000000211a5b0 method=com.android.dx.ssa.NormalSsaInsn.accept(Lcom/android/dx/ssa/SsaInsn$Visitor;)V @ 9
Event: 1.738 Thread 0x0000000001db0800 Uncommon trap: reason=class_check action=maybe_recompile pc=0x00000000021fccb0 method=com.android.dx.ssa.NormalSsaInsn.accept(Lcom/android/dx/ssa/SsaInsn$Visitor;)V @ 9
Event: 1.742 Thread 0x0000000001db0800 Uncommon trap: reason=class_check action=maybe_recompile pc=0x000000000211a5b0 method=com.android.dx.ssa.NormalSsaInsn.accept(Lcom/android/dx/ssa/SsaInsn$Visitor;)V @ 9
Event: 2.222 Thread 0x0000000001db0800 Uncommon trap: reason=null_check action=make_not_entrant pc=0x0000000002219988 method=com.android.dx.ssa.SsaRenamer.getLocalForNewReg(I)Lcom/android/dx/rop/code/LocalItem; @ 19

Internal exceptions (10 events):
Event: 1.416 Thread 0x0000000001db0800 Exception <a 'java/security/PrivilegedActionException'> (0x00000000eb588b68) thrown at [D:\re\workspace\8-2-build-windows-amd64-cygwin\jdk8u25\1677\hotspot\src\share\vm\prims\jvm.cpp, line 1312]
Event: 1.418 Thread 0x0000000001db0800 Exception <a 'java/security/PrivilegedActionException'> (0x00000000eb58bd80) thrown at [D:\re\workspace\8-2-build-windows-amd64-cygwin\jdk8u25\1677\hotspot\src\share\vm\prims\jvm.cpp, line 1312]
Event: 1.438 Thread 0x0000000001db0800 Exception <a 'java/security/PrivilegedActionException'> (0x00000000eb5d5b68) thrown at [D:\re\workspace\8-2-build-windows-amd64-cygwin\jdk8u25\1677\hotspot\src\share\vm\prims\jvm.cpp, line 1312]
Event: 1.978 Thread 0x0000000001db0800 Exception <a 'java/security/PrivilegedActionException'> (0x00000000eb8524b8) thrown at [D:\re\workspace\8-2-build-windows-amd64-cygwin\jdk8u25\1677\hotspot\src\share\vm\prims\jvm.cpp, line 1312]
Event: 1.978 Thread 0x0000000001db0800 Exception <a 'java/security/PrivilegedActionException'> (0x00000000eb854a20) thrown at [D:\re\workspace\8-2-build-windows-amd64-cygwin\jdk8u25\1677\hotspot\src\share\vm\prims\jvm.cpp, line 1312]
Event: 2.091 Thread 0x0000000001db0800 Exception <a 'java/security/PrivilegedActionException'> (0x00000000eb9548b0) thrown at [D:\re\workspace\8-2-build-windows-amd64-cygwin\jdk8u25\1677\hotspot\src\share\vm\prims\jvm.cpp, line 1312]
Event: 2.115 Thread 0x0000000001db0800 Exception <a 'java/security/PrivilegedActionException'> (0x00000000eb9fbfc0) thrown at [D:\re\workspace\8-2-build-windows-amd64-cygwin\jdk8u25\1677\hotspot\src\share\vm\prims\jvm.cpp, line 1312]
Event: 2.120 Thread 0x0000000001db0800 Exception <a 'java/security/PrivilegedActionException'> (0x00000000eba2a470) thrown at [D:\re\workspace\8-2-build-windows-amd64-cygwin\jdk8u25\1677\hotspot\src\share\vm\prims\jvm.cpp, line 1312]
Event: 2.151 Thread 0x0000000001db0800 Exception <a 'java/security/PrivilegedActionException'> (0x00000000eba70c18) thrown at [D:\re\workspace\8-2-build-windows-amd64-cygwin\jdk8u25\1677\hotspot\src\share\vm\prims\jvm.cpp, line 1312]
Event: 2.222 Thread 0x0000000001db0800 Implicit null exception at 0x0000000002217a9a to 0x0000000002219961

Events (10 events):
Event: 2.091 loading class com/android/dx/dex/file/MethodAnnotationStruct done
Event: 2.115 loading class com/android/dx/cf/attrib/AttEnclosingMethod
Event: 2.115 loading class com/android/dx/cf/attrib/AttEnclosingMethod done
Event: 2.120 loading class com/android/dx/rop/code/RegOps
Event: 2.120 loading class com/android/dx/rop/code/RegOps done
Event: 2.151 loading class com/android/dx/cf/attrib/AttRuntimeVisibleAnnotations
Event: 2.151 loading class com/android/dx/cf/attrib/AttRuntimeVisibleAnnotations done
Event: 2.222 Thread 0x0000000001db0800 Uncommon trap: trap_request=0xfffffff4 fr.pc=0x0000000002219988
Event: 2.222 Thread 0x0000000001db0800 DEOPT PACKING pc=0x0000000002219988 sp=0x0000000001cee520
Event: 2.222 Thread 0x0000000001db0800 DEOPT UNPACKING pc=0x0000000001ef556a sp=0x0000000001cee358 mode 2


Dynamic libraries:
0x00007ff680e00000 - 0x00007ff680e34000 	C:\Program Files\Java\jdk1.8.0_25\bin\java.exe
0x00007ffab5530000 - 0x00007ffab56dd000 	C:\Windows\SYSTEM32\ntdll.dll
0x00007ffab4d50000 - 0x00007ffab4e8e000 	C:\Windows\system32\KERNEL32.DLL
0x00007ffab2990000 - 0x00007ffab2aa5000 	C:\Windows\system32\KERNELBASE.dll
0x00007ffab1200000 - 0x00007ffab128e000 	C:\Windows\system32\apphelp.dll
0x00007ffa9e710000 - 0x00007ffa9e763000 	C:\Windows\AppPatch\AppPatch64\AcGenral.DLL
0x00007ffab5130000 - 0x00007ffab51da000 	C:\Windows\system32\msvcrt.dll
0x00007ffab2520000 - 0x00007ffab254e000 	C:\Windows\SYSTEM32\SspiCli.dll
0x00007ffab37b0000 - 0x00007ffab3804000 	C:\Windows\system32\SHLWAPI.dll
0x00007ffab2f00000 - 0x00007ffab3077000 	C:\Windows\system32\USER32.dll
0x00007ffab2bc0000 - 0x00007ffab2d54000 	C:\Windows\system32\ole32.dll
0x00007ffab3810000 - 0x00007ffab4d3a000 	C:\Windows\system32\SHELL32.dll
0x00007ffab1c20000 - 0x00007ffab1c41000 	C:\Windows\SYSTEM32\USERENV.dll
0x00007ffab4fb0000 - 0x00007ffab505a000 	C:\Windows\system32\ADVAPI32.dll
0x00007ffaa9d80000 - 0x00007ffaa9d9e000 	C:\Windows\SYSTEM32\MPR.dll
0x00007ffab32a0000 - 0x00007ffab33e1000 	C:\Windows\system32\RPCRT4.dll
0x00007ffab3750000 - 0x00007ffab37a9000 	C:\Windows\SYSTEM32\sechost.dll
0x00007ffab3080000 - 0x00007ffab3291000 	C:\Windows\SYSTEM32\combase.dll
0x00007ffab53e0000 - 0x00007ffab5530000 	C:\Windows\system32\GDI32.dll
0x00007ffab2680000 - 0x00007ffab2695000 	C:\Windows\SYSTEM32\profapi.dll
0x00007ffab06e0000 - 0x00007ffab0792000 	C:\Windows\SYSTEM32\SHCORE.dll
0x00007ffab2ec0000 - 0x00007ffab2ef6000 	C:\Windows\system32\IMM32.DLL
0x00007ffab2d60000 - 0x00007ffab2eb2000 	C:\Windows\system32\MSCTF.dll
0x00007ffab0260000 - 0x00007ffab04db000 	C:\Windows\WinSxS\amd64_microsoft.windows.common-controls_6595b64144ccf1df_6.0.9600.18006_none_623f33d3ecbe86e8\COMCTL32.dll
0x00000000744d0000 - 0x00000000745a2000 	C:\Program Files\Java\jdk1.8.0_25\jre\bin\msvcr100.dll
0x0000000074950000 - 0x00000000751aa000 	C:\Program Files\Java\jdk1.8.0_25\jre\bin\server\jvm.dll
0x00007ffaaa010000 - 0x00007ffaaa019000 	C:\Windows\SYSTEM32\WSOCK32.dll
0x00007ffaaf1f0000 - 0x00007ffaaf212000 	C:\Windows\SYSTEM32\WINMM.dll
0x00007ffab2bb0000 - 0x00007ffab2bb7000 	C:\Windows\system32\PSAPI.DLL
0x00007ffab5060000 - 0x00007ffab50ba000 	C:\Windows\system32\WS2_32.dll
0x00007ffaad3d0000 - 0x00007ffaad3fa000 	C:\Windows\SYSTEM32\WINMMBASE.dll
0x00007ffab4d40000 - 0x00007ffab4d49000 	C:\Windows\system32\NSI.dll
0x00007ffab2b60000 - 0x00007ffab2baf000 	C:\Windows\SYSTEM32\cfgmgr32.dll
0x00007ffab1490000 - 0x00007ffab14b8000 	C:\Windows\SYSTEM32\DEVOBJ.dll
0x0000000074940000 - 0x000000007494f000 	C:\Program Files\Java\jdk1.8.0_25\jre\bin\verify.dll
0x0000000074910000 - 0x0000000074938000 	C:\Program Files\Java\jdk1.8.0_25\jre\bin\java.dll
0x00000000748f0000 - 0x0000000074906000 	C:\Program Files\Java\jdk1.8.0_25\jre\bin\zip.dll

VM Arguments:
jvm_args: -Djava.awt.headless=true -Xmx1024M -Dfile.encoding=windows-1252 -Duser.country=US -Duser.language=en -Duser.variant 
java_command: com.android.dx.command.Main --dex --output E:\android\HeRoes2\app\build\intermediates\pre-dexed\debug\com.android.support-design-22.2.1_3e3189116d21364ac7ff0e3b8d8d3df865e42021.jar E:\android\HeRoes2\app\build\intermediates\exploded-aar\com.android.support\design\22.2.1\jars\classes.jar
java_class_path (initial): C:\Users\pc\AppData\Local\Android\sdk\build-tools\22.0.1\lib\dx.jar
Launcher Type: SUN_STANDARD

Environment Variables:
PATH=C:\oraclexe\app\oracle\product\11.2.0\server\bin;C:\ProgramData\Oracle\Java\javapath;C:\Windows\system32;C:\Windows;C:\Windows\System32\Wbem;C:\Windows\System32\WindowsPowerShell\v1.0\;C:\Program Files (x86)\ATI Technologies\ATI.ACE\Core-Static;C:\Program Files (x86)\MySQL\MySQL Server 5.0\bin;C:\Program Files (x86)\Windows Kits\8.1\Windows Performance Toolkit\;C:\Program Files\Microsoft SQL Server\110\Tools\Binn\;C:\Program Files (x86)\Skype\Phone\;C:\Program Files (x86)\OpenVPN\bin
USERNAME=pc
OS=Windows_NT
PROCESSOR_IDENTIFIER=Intel64 Family 6 Model 60 Stepping 3, GenuineIntel



---------------  S Y S T E M  ---------------

OS: Windows 8.1 , 64 bit Build 9600 

CPU:total 4 (2 cores per cpu, 2 threads per core) family 6 model 60 stepping 3, cmov, cx8, fxsr, mmx, sse, sse2, sse3, ssse3, sse4.1, sse4.2, popcnt, avx, avx2, aes, clmul, erms, lzcnt, ht, tsc, tscinvbit, bmi1, bmi2

Memory: 4k page, physical 6169708k(647608k free), swap 9315436k(4660k free)

vm_info: Java HotSpot(TM) 64-Bit Server VM (25.25-b02) for windows-amd64 JRE (1.8.0_25-b18), built on Oct  7 2014 14:25:37 by "java_re" with MS VC++ 10.0 (VS2010)

time: Mon Apr 11 17:59:28 2016
elapsed time: 2 seconds (0d 0h 0m 2s)

