#
# There is insufficient memory for the Java Runtime Environment to continue.
# Native memory allocation (malloc) failed to allocate 1922176 bytes for Chunk::new
# Possible reasons:
#   The system is out of physical RAM or swap space
#   In 32 bit mode, the process size limit was hit
# Possible solutions:
#   Reduce memory load on the system
#   Increase physical memory or swap space
#   Check if swap backing store is full
#   Use 64 bit Java on a 64 bit OS
#   Decrease Java heap size (-Xmx/-Xms)
#   Decrease number of Java threads
#   Decrease Java thread stack sizes (-Xss)
#   Set larger code cache with -XX:ReservedCodeCacheSize=
# This output file may be truncated or incomplete.
#
#  Out of Memory Error (allocation.cpp:390), pid=6208, tid=9404
#
# JRE version: Java(TM) SE Runtime Environment (8.0_25-b18) (build 1.8.0_25-b18)
# Java VM: Java HotSpot(TM) 64-Bit Server VM (25.25-b02 mixed mode windows-amd64 compressed oops)
# Failed to write core dump. Minidumps are not enabled by default on client versions of Windows
#

---------------  T H R E A D  ---------------

Current thread (0x0000000014f98000):  JavaThread "C2 CompilerThread0" daemon [_thread_in_native, id=9404, stack(0x0000000016500000,0x0000000016600000)]

Stack: [0x0000000016500000,0x0000000016600000]
Native frames: (J=compiled Java code, j=interpreted, Vv=VM code, C=native code)
V  [jvm.dll+0x31667a]
V  [jvm.dll+0x267073]
V  [jvm.dll+0x267cb3]
V  [jvm.dll+0x25f5b5]
V  [jvm.dll+0xbf165]
V  [jvm.dll+0xbf60c]
V  [jvm.dll+0x45d672]
V  [jvm.dll+0x49e8ef]
V  [jvm.dll+0x452668]
V  [jvm.dll+0x453864]
V  [jvm.dll+0x437372]
V  [jvm.dll+0x98a02]
V  [jvm.dll+0x991f3]
V  [jvm.dll+0x22bde4]
V  [jvm.dll+0x2852fa]
C  [msvcr100.dll+0x21d9f]
C  [msvcr100.dll+0x21e3b]
C  [KERNEL32.DLL+0x13d2]
C  [ntdll.dll+0x154e4]


Current CompileTask:
C2:   2920 1333   !   4       com.android.dx.cf.code.BytecodeArray::parseInstruction (2764 bytes)


---------------  P R O C E S S  ---------------

Java Threads: ( => current thread )
  0x0000000016a3a000 JavaThread "pool-2-thread-4" [_thread_blocked, id=4108, stack(0x0000000017a00000,0x0000000017b00000)]
  0x0000000016ace800 JavaThread "pool-2-thread-3" [_thread_in_Java, id=9144, stack(0x0000000017900000,0x0000000017a00000)]
  0x0000000016acd800 JavaThread "pool-2-thread-2" [_thread_in_Java, id=6724, stack(0x0000000017800000,0x0000000017900000)]
  0x0000000016e9b000 JavaThread "pool-3-thread-1" [_thread_blocked, id=384, stack(0x0000000017700000,0x0000000017800000)]
  0x0000000016e98800 JavaThread "pool-2-thread-1" [_thread_blocked, id=6620, stack(0x0000000017600000,0x0000000017700000)]
  0x0000000016804800 JavaThread "Service Thread" daemon [_thread_blocked, id=2480, stack(0x0000000016c00000,0x0000000016d00000)]
  0x0000000014f93800 JavaThread "C1 CompilerThread2" daemon [_thread_in_vm, id=1164, stack(0x0000000016700000,0x0000000016800000)]
  0x0000000014f89000 JavaThread "C2 CompilerThread1" daemon [_thread_in_native, id=6520, stack(0x0000000016600000,0x0000000016700000)]
=>0x0000000014f98000 JavaThread "C2 CompilerThread0" daemon [_thread_in_native, id=9404, stack(0x0000000016500000,0x0000000016600000)]
  0x0000000014f96800 JavaThread "Attach Listener" daemon [_thread_blocked, id=7556, stack(0x0000000016400000,0x0000000016500000)]
  0x0000000014f95800 JavaThread "Signal Dispatcher" daemon [_thread_blocked, id=6884, stack(0x0000000016300000,0x0000000016400000)]
  0x0000000002890800 JavaThread "Finalizer" daemon [_thread_blocked, id=4864, stack(0x00000000161f0000,0x00000000162f0000)]
  0x000000000288d000 JavaThread "Reference Handler" daemon [_thread_blocked, id=5644, stack(0x00000000160f0000,0x00000000161f0000)]
  0x00000000027a0800 JavaThread "main" [_thread_in_Java, id=7928, stack(0x00000000026a0000,0x00000000027a0000)]

Other Threads:
  0x0000000014f55800 VMThread [stack: 0x0000000015ff0000,0x00000000160f0000] [id=2132]
  0x0000000016807000 WatcherThread [stack: 0x0000000016d00000,0x0000000016e00000] [id=9968]

VM state:not at safepoint (normal execution)

VM Mutex/Monitor currently owned by a thread: None

Heap:
 PSYoungGen      total 53248K, used 16087K [0x00000000eab00000, 0x00000000ee300000, 0x0000000100000000)
  eden space 49152K, 24% used [0x00000000eab00000,0x00000000eb6b7218,0x00000000edb00000)
  from space 4096K, 99% used [0x00000000edf00000,0x00000000ee2feac8,0x00000000ee300000)
  to   space 4096K, 0% used [0x00000000edb00000,0x00000000edb00000,0x00000000edf00000)
 ParOldGen       total 65536K, used 4120K [0x00000000c0000000, 0x00000000c4000000, 0x00000000eab00000)
  object space 65536K, 6% used [0x00000000c0000000,0x00000000c0406318,0x00000000c4000000)
 Metaspace       used 6025K, capacity 7088K, committed 7296K, reserved 1056768K
  class space    used 584K, capacity 616K, committed 640K, reserved 1048576K

Card table byte_map: [0x0000000011c60000,0x0000000011e70000] byte_map_base: 0x0000000011660000

Marking Bits: (ParMarkBitMap*) 0x000000006e6ed490
 Begin Bits: [0x00000000123d0000, 0x00000000133d0000)
 End Bits:   [0x00000000133d0000, 0x00000000143d0000)

Polling page: 0x0000000002660000

CodeCache: size=245760Kb used=6158Kb max_used=6158Kb free=239601Kb
 bounds [0x00000000028a0000, 0x0000000002eb0000, 0x00000000118a0000]
 total_blobs=1803 nmethods=1539 adapters=178
 compilation: enabled

Compilation events (10 events):
Event: 2.896 Thread 0x0000000014f93800 nmethod 1517 0x0000000002e8b510 code [0x0000000002e8b680, 0x0000000002e8b8f8]
Event: 2.898 Thread 0x0000000014f93800 1518       2       com.android.dx.dex.file.ClassDefItem::addVirtualMethod (9 bytes)
Event: 2.899 Thread 0x0000000014f93800 nmethod 1518 0x0000000002e8ba50 code [0x0000000002e8bbe0, 0x0000000002e8bef8]
Event: 2.899 Thread 0x0000000014f93800 1519       1       com.android.dx.ssa.PhiInsn::getOriginalRopInsn (2 bytes)
Event: 2.899 Thread 0x0000000014f93800 nmethod 1519 0x0000000002e8c190 code [0x0000000002e8c2e0, 0x0000000002e8c3f0]
Event: 2.899 Thread 0x0000000014f93800 1520       2       com.android.dx.ssa.SsaMethod::<init> (50 bytes)
Event: 2.900 Thread 0x0000000014f93800 nmethod 1520 0x0000000002e8c450 code [0x0000000002e8c5c0, 0x0000000002e8c818]
Event: 2.900 Thread 0x0000000014f93800 1521       2       com.android.dx.ssa.LocalVariableExtractor::<init> (61 bytes)
Event: 2.900 Thread 0x0000000014f93800 nmethod 1521 0x0000000002e8c990 code [0x0000000002e8cb20, 0x0000000002e8ce88]
Event: 2.900 Thread 0x0000000014f93800 1524       2       com.android.dx.ssa.back.FirstFitLocalCombiningAllocator::handleLocalAssociatedParams (132 bytes)

GC Heap History (4 events):
Event: 1.184 GC heap before
{Heap before GC invocations=1 (full 0):
 PSYoungGen      total 28672K, used 24576K [0x00000000eab00000, 0x00000000ecb00000, 0x0000000100000000)
  eden space 24576K, 100% used [0x00000000eab00000,0x00000000ec300000,0x00000000ec300000)
  from space 4096K, 0% used [0x00000000ec700000,0x00000000ec700000,0x00000000ecb00000)
  to   space 4096K, 0% used [0x00000000ec300000,0x00000000ec300000,0x00000000ec700000)
 ParOldGen       total 65536K, used 0K [0x00000000c0000000, 0x00000000c4000000, 0x00000000eab00000)
  object space 65536K, 0% used [0x00000000c0000000,0x00000000c0000000,0x00000000c4000000)
 Metaspace       used 5736K, capacity 6832K, committed 7040K, reserved 1056768K
  class space    used 576K, capacity 616K, committed 640K, reserved 1048576K
Event: 1.320 GC heap after
Heap after GC invocations=1 (full 0):
 PSYoungGen      total 28672K, used 4068K [0x00000000eab00000, 0x00000000ee300000, 0x0000000100000000)
  eden space 24576K, 0% used [0x00000000eab00000,0x00000000eab00000,0x00000000ec300000)
  from space 4096K, 99% used [0x00000000ec300000,0x00000000ec6f91e8,0x00000000ec700000)
  to   space 4096K, 0% used [0x00000000edf00000,0x00000000edf00000,0x00000000ee300000)
 ParOldGen       total 65536K, used 1377K [0x00000000c0000000, 0x00000000c4000000, 0x00000000eab00000)
  object space 65536K, 2% used [0x00000000c0000000,0x00000000c0158798,0x00000000c4000000)
 Metaspace       used 5736K, capacity 6832K, committed 7040K, reserved 1056768K
  class space    used 576K, capacity 616K, committed 640K, reserved 1048576K
}
Event: 2.343 GC heap before
{Heap before GC invocations=2 (full 0):
 PSYoungGen      total 28672K, used 28644K [0x00000000eab00000, 0x00000000ee300000, 0x0000000100000000)
  eden space 24576K, 100% used [0x00000000eab00000,0x00000000ec300000,0x00000000ec300000)
  from space 4096K, 99% used [0x00000000ec300000,0x00000000ec6f91e8,0x00000000ec700000)
  to   space 4096K, 0% used [0x00000000edf00000,0x00000000edf00000,0x00000000ee300000)
 ParOldGen       total 65536K, used 1377K [0x00000000c0000000, 0x00000000c4000000, 0x00000000eab00000)
  object space 65536K, 2% used [0x00000000c0000000,0x00000000c0158798,0x00000000c4000000)
 Metaspace       used 5985K, capacity 7024K, committed 7296K, reserved 1056768K
  class space    used 584K, capacity 616K, committed 640K, reserved 1048576K
Event: 2.821 GC heap after
Heap after GC invocations=2 (full 0):
 PSYoungGen      total 53248K, used 4090K [0x00000000eab00000, 0x00000000ee300000, 0x0000000100000000)
  eden space 49152K, 0% used [0x00000000eab00000,0x00000000eab00000,0x00000000edb00000)
  from space 4096K, 99% used [0x00000000edf00000,0x00000000ee2feac8,0x00000000ee300000)
  to   space 4096K, 0% used [0x00000000edb00000,0x00000000edb00000,0x00000000edf00000)
 ParOldGen       total 65536K, used 4120K [0x00000000c0000000, 0x00000000c4000000, 0x00000000eab00000)
  object space 65536K, 6% used [0x00000000c0000000,0x00000000c0406318,0x00000000c4000000)
 Metaspace       used 5985K, capacity 7024K, committed 7296K, reserved 1056768K
  class space    used 584K, capacity 616K, committed 640K, reserved 1048576K
}

Deoptimization events (10 events):
Event: 0.642 Thread 0x0000000016acd800 Uncommon trap: reason=class_check action=maybe_recompile pc=0x0000000002b0e2f0 method=com.android.dx.ssa.NormalSsaInsn.accept(Lcom/android/dx/ssa/SsaInsn$Visitor;)V @ 9
Event: 0.766 Thread 0x0000000016acd800 Uncommon trap: reason=unreached action=reinterpret pc=0x0000000002be0964 method=java.util.HashMap.putVal(ILjava/lang/Object;Ljava/lang/Object;ZZ)Ljava/lang/Object; @ 193
Event: 0.954 Thread 0x0000000016e98800 Uncommon trap: reason=class_check action=maybe_recompile pc=0x0000000002b10db4 method=com.android.dx.rop.type.Type.equals(Ljava/lang/Object;)Z @ 8
Event: 0.954 Thread 0x0000000016e98800 Uncommon trap: reason=class_check action=maybe_recompile pc=0x0000000002b10db4 method=com.android.dx.rop.type.Type.equals(Ljava/lang/Object;)Z @ 8
Event: 0.954 Thread 0x0000000016e98800 Uncommon trap: reason=class_check action=maybe_recompile pc=0x0000000002b10db4 method=com.android.dx.rop.type.Type.equals(Ljava/lang/Object;)Z @ 8
Event: 0.954 Thread 0x0000000016e98800 Uncommon trap: reason=class_check action=maybe_recompile pc=0x0000000002b10db4 method=com.android.dx.rop.type.Type.equals(Ljava/lang/Object;)Z @ 8
Event: 0.960 Thread 0x0000000016e98800 Uncommon trap: reason=unreached action=reinterpret pc=0x0000000002c4671c method=com.android.dx.rop.cst.Constant.compareTo(Lcom/android/dx/rop/cst/Constant;)I @ 12
Event: 2.183 Thread 0x0000000016acd800 Uncommon trap: reason=bimorphic action=maybe_recompile pc=0x0000000002d883b4 method=com.android.dx.ssa.SCCP.setLatticeValueTo(IILcom/android/dx/rop/cst/Constant;)Z @ 43
Event: 2.183 Thread 0x0000000016acd800 Uncommon trap: reason=bimorphic action=maybe_recompile pc=0x0000000002ca3a38 method=java.util.HashMap.getNode(ILjava/lang/Object;)Ljava/util/HashMap$Node; @ 126
Event: 2.188 Thread 0x0000000016acd800 Uncommon trap: reason=bimorphic action=maybe_recompile pc=0x0000000002d883b4 method=com.android.dx.ssa.SCCP.setLatticeValueTo(IILcom/android/dx/rop/cst/Constant;)Z @ 43

Internal exceptions (10 events):
Event: 1.400 Thread 0x00000000027a0800 Exception <a 'java/security/PrivilegedActionException'> (0x00000000eabf69b0) thrown at [D:\re\workspace\8-2-build-windows-amd64-cygwin\jdk8u25\1677\hotspot\src\share\vm\prims\jvm.cpp, line 1312]
Event: 1.401 Thread 0x00000000027a0800 Exception <a 'java/security/PrivilegedActionException'> (0x00000000eac00d68) thrown at [D:\re\workspace\8-2-build-windows-amd64-cygwin\jdk8u25\1677\hotspot\src\share\vm\prims\jvm.cpp, line 1312]
Event: 1.402 Thread 0x00000000027a0800 Exception <a 'java/security/PrivilegedActionException'> (0x00000000eac03680) thrown at [D:\re\workspace\8-2-build-windows-amd64-cygwin\jdk8u25\1677\hotspot\src\share\vm\prims\jvm.cpp, line 1312]
Event: 1.402 Thread 0x00000000027a0800 Exception <a 'java/security/PrivilegedActionException'> (0x00000000eac07800) thrown at [D:\re\workspace\8-2-build-windows-amd64-cygwin\jdk8u25\1677\hotspot\src\share\vm\prims\jvm.cpp, line 1312]
Event: 1.403 Thread 0x00000000027a0800 Exception <a 'java/security/PrivilegedActionException'> (0x00000000eac09ef8) thrown at [D:\re\workspace\8-2-build-windows-amd64-cygwin\jdk8u25\1677\hotspot\src\share\vm\prims\jvm.cpp, line 1312]
Event: 1.653 Thread 0x0000000016acd800 Exception <a 'java/security/PrivilegedActionException'> (0x00000000eba918a8) thrown at [D:\re\workspace\8-2-build-windows-amd64-cygwin\jdk8u25\1677\hotspot\src\share\vm\prims\jvm.cpp, line 1312]
Event: 1.653 Thread 0x0000000016acd800 Exception <a 'java/security/PrivilegedActionException'> (0x00000000eba972b8) thrown at [D:\re\workspace\8-2-build-windows-amd64-cygwin\jdk8u25\1677\hotspot\src\share\vm\prims\jvm.cpp, line 1312]
Event: 1.654 Thread 0x0000000016acd800 Exception <a 'java/security/PrivilegedActionException'> (0x00000000ebb1eee8) thrown at [D:\re\workspace\8-2-build-windows-amd64-cygwin\jdk8u25\1677\hotspot\src\share\vm\prims\jvm.cpp, line 1312]
Event: 2.039 Thread 0x00000000027a0800 Exception <a 'java/security/PrivilegedActionException'> (0x00000000ebd47d78) thrown at [D:\re\workspace\8-2-build-windows-amd64-cygwin\jdk8u25\1677\hotspot\src\share\vm\prims\jvm.cpp, line 1312]
Event: 2.852 Thread 0x00000000027a0800 Exception <a 'java/security/PrivilegedActionException'> (0x00000000eac7c558) thrown at [D:\re\workspace\8-2-build-windows-amd64-cygwin\jdk8u25\1677\hotspot\src\share\vm\prims\jvm.cpp, line 1312]

Events (10 events):
Event: 2.183 Thread 0x0000000016acd800 DEOPT UNPACKING pc=0x00000000028e556a sp=0x00000000178fea50 mode 2
Event: 2.188 Thread 0x0000000016acd800 Uncommon trap: trap_request=0xffffffc6 fr.pc=0x0000000002d883b4
Event: 2.188 Thread 0x0000000016acd800 DEOPT PACKING pc=0x0000000002d883b4 sp=0x00000000178fead0
Event: 2.188 Thread 0x0000000016acd800 DEOPT UNPACKING pc=0x00000000028e556a sp=0x00000000178fea58 mode 2
Event: 2.302 Executing VM operation: ParallelGCFailedAllocation
Event: 2.821 Executing VM operation: ParallelGCFailedAllocation done
Event: 2.852 loading class com/android/dx/cf/attrib/AttRuntimeVisibleAnnotations
Event: 2.852 loading class com/android/dx/cf/attrib/AttRuntimeVisibleAnnotations done
Event: 2.863 Thread 0x0000000016ace800 DEOPT PACKING pc=0x0000000002b8e4fc sp=0x00000000179fed10
Event: 2.863 Thread 0x0000000016ace800 DEOPT UNPACKING pc=0x00000000028e75bf sp=0x00000000179fead8 mode 0


Dynamic libraries:
0x00007ff620b00000 - 0x00007ff620b34000 	C:\Program Files\Java\jdk1.8.0_25\bin\java.exe
0x00007ffd65b10000 - 0x00007ffd65cbd000 	C:\Windows\SYSTEM32\ntdll.dll
0x00007ffd656f0000 - 0x00007ffd6582e000 	C:\Windows\system32\KERNEL32.DLL
0x00007ffd62fc0000 - 0x00007ffd630d5000 	C:\Windows\system32\KERNELBASE.dll
0x00007ffd61800000 - 0x00007ffd6188e000 	C:\Windows\system32\apphelp.dll
0x00007ffd55320000 - 0x00007ffd55373000 	C:\Windows\AppPatch\AppPatch64\AcGenral.DLL
0x00007ffd65000000 - 0x00007ffd650aa000 	C:\Windows\system32\msvcrt.dll
0x00007ffd62af0000 - 0x00007ffd62b1e000 	C:\Windows\SYSTEM32\SspiCli.dll
0x00007ffd65ab0000 - 0x00007ffd65b04000 	C:\Windows\system32\SHLWAPI.dll
0x00007ffd636c0000 - 0x00007ffd63837000 	C:\Windows\system32\USER32.dll
0x00007ffd65340000 - 0x00007ffd654d4000 	C:\Windows\system32\ole32.dll
0x00007ffd63900000 - 0x00007ffd64e2a000 	C:\Windows\system32\SHELL32.dll
0x00007ffd62200000 - 0x00007ffd62221000 	C:\Windows\SYSTEM32\USERENV.dll
0x00007ffd63610000 - 0x00007ffd636ba000 	C:\Windows\system32\ADVAPI32.dll
0x00007ffd59220000 - 0x00007ffd5923e000 	C:\Windows\SYSTEM32\MPR.dll
0x00007ffd655a0000 - 0x00007ffd656e1000 	C:\Windows\system32\RPCRT4.dll
0x00007ffd64f80000 - 0x00007ffd64fd9000 	C:\Windows\SYSTEM32\sechost.dll
0x00007ffd650b0000 - 0x00007ffd652c1000 	C:\Windows\SYSTEM32\combase.dll
0x00007ffd64e30000 - 0x00007ffd64f80000 	C:\Windows\system32\GDI32.dll
0x00007ffd62c60000 - 0x00007ffd62c75000 	C:\Windows\SYSTEM32\profapi.dll
0x00007ffd60ac0000 - 0x00007ffd60b72000 	C:\Windows\SYSTEM32\SHCORE.dll
0x00007ffd65900000 - 0x00007ffd65936000 	C:\Windows\system32\IMM32.DLL
0x00007ffd65950000 - 0x00007ffd65aa2000 	C:\Windows\system32\MSCTF.dll
0x00007ffd60490000 - 0x00007ffd6070b000 	C:\Windows\WinSxS\amd64_microsoft.windows.common-controls_6595b64144ccf1df_6.0.9600.18006_none_623f33d3ecbe86e8\COMCTL32.dll
0x000000006d910000 - 0x000000006d9e2000 	C:\Program Files\Java\jdk1.8.0_25\jre\bin\msvcr100.dll
0x000000006df10000 - 0x000000006e76a000 	C:\Program Files\Java\jdk1.8.0_25\jre\bin\server\jvm.dll
0x00007ffd5a5f0000 - 0x00007ffd5a5f9000 	C:\Windows\SYSTEM32\WSOCK32.dll
0x00007ffd5f3f0000 - 0x00007ffd5f412000 	C:\Windows\SYSTEM32\WINMM.dll
0x00007ffd64ff0000 - 0x00007ffd64ff7000 	C:\Windows\system32\PSAPI.DLL
0x00007ffd65830000 - 0x00007ffd6588a000 	C:\Windows\system32\WS2_32.dll
0x00007ffd5f3c0000 - 0x00007ffd5f3ea000 	C:\Windows\SYSTEM32\WINMMBASE.dll
0x00007ffd652d0000 - 0x00007ffd652d9000 	C:\Windows\system32\NSI.dll
0x00007ffd62d90000 - 0x00007ffd62ddf000 	C:\Windows\SYSTEM32\cfgmgr32.dll
0x00007ffd61a60000 - 0x00007ffd61a88000 	C:\Windows\SYSTEM32\DEVOBJ.dll
0x000000006df00000 - 0x000000006df0f000 	C:\Program Files\Java\jdk1.8.0_25\jre\bin\verify.dll
0x000000006ded0000 - 0x000000006def8000 	C:\Program Files\Java\jdk1.8.0_25\jre\bin\java.dll
0x000000006deb0000 - 0x000000006dec6000 	C:\Program Files\Java\jdk1.8.0_25\jre\bin\zip.dll
0x00007ffd5a9b0000 - 0x00007ffd5ab39000 	C:\Windows\SYSTEM32\dbghelp.dll

VM Arguments:
jvm_args: -Djava.awt.headless=true -Xmx1024M -Dfile.encoding=windows-1252 -Duser.country=US -Duser.language=en -Duser.variant 
java_command: com.android.dx.command.Main --dex --force-jumbo --num-threads=4 --multi-dex --output E:\android\HeRoes2\app\build\intermediates\transforms\dex\debug\folders\1000\10\com.android.support-support-v4-23.1.1_2515767725a00a10e8e3830fd7a5a3740e376f22 E:\android\HeRoes2\app\build\intermediates\exploded-aar\com.android.support\support-v4\23.1.1\jars\classes.jar
java_class_path (initial): C:\Users\pc\AppData\Local\Android\sdk\build-tools\23.0.1\lib\dx.jar
Launcher Type: SUN_STANDARD

Environment Variables:
PATH=C:\oraclexe\app\oracle\product\11.2.0\server\bin;C:\ProgramData\Oracle\Java\javapath;C:\Windows\system32;C:\Windows;C:\Windows\System32\Wbem;C:\Windows\System32\WindowsPowerShell\v1.0\;C:\Program Files (x86)\ATI Technologies\ATI.ACE\Core-Static;C:\Program Files (x86)\MySQL\MySQL Server 5.0\bin;C:\Program Files (x86)\Windows Kits\8.1\Windows Performance Toolkit\;C:\Program Files\Microsoft SQL Server\110\Tools\Binn\;C:\Program Files (x86)\Skype\Phone\;C:\Program Files (x86)\OpenVPN\bin
USERNAME=pc
OS=Windows_NT
PROCESSOR_IDENTIFIER=Intel64 Family 6 Model 60 Stepping 3, GenuineIntel



---------------  S Y S T E M  ---------------

OS: Windows 8.1 , 64 bit Build 9600 

CPU:total 4 (2 cores per cpu, 2 threads per core) family 6 model 60 stepping 3, cmov, cx8, fxsr, mmx, sse, sse2, sse3, ssse3, sse4.1, sse4.2, popcnt, avx, avx2, aes, clmul, erms, lzcnt, ht, tsc, tscinvbit, bmi1, bmi2

Memory: 4k page, physical 6169708k(1094128k free), swap 9315436k(8944k free)

vm_info: Java HotSpot(TM) 64-Bit Server VM (25.25-b02) for windows-amd64 JRE (1.8.0_25-b18), built on Oct  7 2014 14:25:37 by "java_re" with MS VC++ 10.0 (VS2010)

time: Sat Apr 30 15:23:27 2016
elapsed time: 2 seconds (0d 0h 0m 2s)

