#
# There is insufficient memory for the Java Runtime Environment to continue.
# Native memory allocation (malloc) failed to allocate 65552 bytes for Chunk::new
# Possible reasons:
#   The system is out of physical RAM or swap space
#   In 32 bit mode, the process size limit was hit
# Possible solutions:
#   Reduce memory load on the system
#   Increase physical memory or swap space
#   Check if swap backing store is full
#   Use 64 bit Java on a 64 bit OS
#   Decrease Java heap size (-Xmx/-Xms)
#   Decrease number of Java threads
#   Decrease Java thread stack sizes (-Xss)
#   Set larger code cache with -XX:ReservedCodeCacheSize=
# This output file may be truncated or incomplete.
#
#  Out of Memory Error (allocation.cpp:390), pid=5628, tid=8584
#
# JRE version: Java(TM) SE Runtime Environment (8.0_25-b18) (build 1.8.0_25-b18)
# Java VM: Java HotSpot(TM) 64-Bit Server VM (25.25-b02 mixed mode windows-amd64 compressed oops)
# Failed to write core dump. Minidumps are not enabled by default on client versions of Windows
#

---------------  T H R E A D  ---------------

Current thread (0x0000000014f1a800):  JavaThread "C2 CompilerThread0" daemon [_thread_in_native, id=8584, stack(0x0000000016480000,0x0000000016580000)]

Stack: [0x0000000016480000,0x0000000016580000]
Native frames: (J=compiled Java code, j=interpreted, Vv=VM code, C=native code)
V  [jvm.dll+0x31667a]


Current CompileTask:
C2:   2849 1102       4       com.android.dx.ssa.SCCP::simulateStmt (481 bytes)


---------------  P R O C E S S  ---------------

Java Threads: ( => current thread )
  0x00000000168e1800 JavaThread "pool-2-thread-2" [_thread_blocked, id=8900, stack(0x0000000016f80000,0x0000000017080000)]
  0x00000000168dc000 JavaThread "pool-3-thread-1" [_thread_blocked, id=2576, stack(0x0000000016e80000,0x0000000016f80000)]
  0x00000000168d7800 JavaThread "pool-2-thread-1" [_thread_blocked, id=7480, stack(0x0000000016d80000,0x0000000016e80000)]
  0x0000000014f7e800 JavaThread "Service Thread" daemon [_thread_blocked, id=7936, stack(0x0000000016b80000,0x0000000016c80000)]
  0x0000000014f73000 JavaThread "C1 CompilerThread2" daemon [_thread_blocked, id=8296, stack(0x0000000016680000,0x0000000016780000)]
  0x0000000014f56000 JavaThread "C2 CompilerThread1" daemon [_thread_in_native, id=4384, stack(0x0000000016580000,0x0000000016680000)]
=>0x0000000014f1a800 JavaThread "C2 CompilerThread0" daemon [_thread_in_native, id=8584, stack(0x0000000016480000,0x0000000016580000)]
  0x0000000014f19800 JavaThread "Attach Listener" daemon [_thread_blocked, id=5160, stack(0x0000000016380000,0x0000000016480000)]
  0x0000000014f18800 JavaThread "Signal Dispatcher" daemon [_thread_blocked, id=6920, stack(0x0000000016280000,0x0000000016380000)]
  0x0000000002840800 JavaThread "Finalizer" daemon [_thread_blocked, id=5244, stack(0x0000000016180000,0x0000000016280000)]
  0x000000000283d000 JavaThread "Reference Handler" daemon [_thread_blocked, id=9864, stack(0x0000000016080000,0x0000000016180000)]
  0x0000000002750800 JavaThread "main" [_thread_blocked, id=5424, stack(0x00000000025e0000,0x00000000026e0000)]

Other Threads:
  0x0000000014ee5800 VMThread [stack: 0x0000000015f80000,0x0000000016080000] [id=2192]
  0x0000000016786800 WatcherThread [stack: 0x0000000016c80000,0x0000000016d80000] [id=7872]

VM state:at safepoint (normal execution)

VM Mutex/Monitor currently owned by a thread:  ([mutex/lock_event])
[0x000000000274cc10] Threads_lock - owner thread: 0x0000000014ee5800
[0x000000000274c590] Heap_lock - owner thread: 0x00000000168d7800

Heap:
 PSYoungGen      total 28672K, used 28650K [0x00000000eab00000, 0x00000000ecb00000, 0x0000000100000000)
  eden space 24576K, 100% used [0x00000000eab00000,0x00000000ec300000,0x00000000ec300000)
  from space 4096K, 99% used [0x00000000ec300000,0x00000000ec6faad8,0x00000000ec700000)
  to   space 4096K, 17% used [0x00000000ec700000,0x00000000ec7b0028,0x00000000ecb00000)
 ParOldGen       total 65536K, used 1372K [0x00000000c0000000, 0x00000000c4000000, 0x00000000eab00000)
  object space 65536K, 2% used [0x00000000c0000000,0x00000000c0157118,0x00000000c4000000)
 Metaspace       used 5839K, capacity 6896K, committed 7040K, reserved 1056768K
  class space    used 582K, capacity 616K, committed 640K, reserved 1048576K

Card table byte_map: [0x0000000011c10000,0x0000000011e20000] byte_map_base: 0x0000000011610000

Marking Bits: (ParMarkBitMap*) 0x000000006e6ed490
 Begin Bits: [0x0000000012380000, 0x0000000013380000)
 End Bits:   [0x0000000013380000, 0x0000000014380000)

Polling page: 0x0000000000c80000

CodeCache: size=245760Kb used=4524Kb max_used=4524Kb free=241235Kb
 bounds [0x0000000002850000, 0x0000000002cc0000, 0x0000000011850000]
 total_blobs=1449 nmethods=1184 adapters=178
 compilation: disabled (not enough contiguous free space left)

Compilation events (10 events):
Event: 2.064 Thread 0x0000000014f73000 nmethod 1113 0x0000000002c86450 code [0x0000000002c865c0, 0x0000000002c86788]
Event: 2.064 Thread 0x0000000014f73000 1114   !   3       com.android.dx.rop.type.Prototype::intern (233 bytes)
Event: 2.066 Thread 0x0000000014f56000 nmethod 1106 0x0000000002c897d0 code [0x0000000002c89920, 0x0000000002c89cd8]
Event: 2.066 Thread 0x0000000014f56000 1108       4       java.lang.String::getChars (62 bytes)
Event: 2.066 Thread 0x0000000014f73000 nmethod 1114 0x0000000002c8a010 code [0x0000000002c8a3c0, 0x0000000002c8c2f8]
Event: 2.066 Thread 0x0000000014f73000 1115       3       com.android.dx.cf.code.LineNumberList::set (15 bytes)
Event: 2.067 Thread 0x0000000014f73000 nmethod 1115 0x0000000002c88810 code [0x0000000002c889e0, 0x0000000002c89238]
Event: 2.067 Thread 0x0000000014f73000 1116       3       com.android.dx.cf.code.LineNumberList$Item::<init> (43 bytes)
Event: 2.067 Thread 0x0000000014f73000 nmethod 1116 0x0000000002c881d0 code [0x0000000002c88360, 0x0000000002c886d8]
Event: 2.067 Thread 0x0000000014f56000 nmethod 1108 0x0000000002c86810 code [0x0000000002c86960, 0x0000000002c86a98]

GC Heap History (2 events):
Event: 2.221 GC heap before
{Heap before GC invocations=1 (full 0):
 PSYoungGen      total 28672K, used 24576K [0x00000000eab00000, 0x00000000ecb00000, 0x0000000100000000)
  eden space 24576K, 100% used [0x00000000eab00000,0x00000000ec300000,0x00000000ec300000)
  from space 4096K, 0% used [0x00000000ec700000,0x00000000ec700000,0x00000000ecb00000)
  to   space 4096K, 0% used [0x00000000ec300000,0x00000000ec300000,0x00000000ec700000)
 ParOldGen       total 65536K, used 0K [0x00000000c0000000, 0x00000000c4000000, 0x00000000eab00000)
  object space 65536K, 0% used [0x00000000c0000000,0x00000000c0000000,0x00000000c4000000)
 Metaspace       used 5731K, capacity 6832K, committed 7040K, reserved 1056768K
  class space    used 580K, capacity 616K, committed 640K, reserved 1048576K
Event: 2.555 GC heap after
Heap after GC invocations=1 (full 0):
 PSYoungGen      total 28672K, used 4074K [0x00000000eab00000, 0x00000000ecb00000, 0x0000000100000000)
  eden space 24576K, 0% used [0x00000000eab00000,0x00000000eab00000,0x00000000ec300000)
  from space 4096K, 99% used [0x00000000ec300000,0x00000000ec6faad8,0x00000000ec700000)
  to   space 4096K, 0% used [0x00000000ec700000,0x00000000ec700000,0x00000000ecb00000)
 ParOldGen       total 65536K, used 1372K [0x00000000c0000000, 0x00000000c4000000, 0x00000000eab00000)
  object space 65536K, 2% used [0x00000000c0000000,0x00000000c0157118,0x00000000c4000000)
 Metaspace       used 5731K, capacity 6832K, committed 7040K, reserved 1056768K
  class space    used 580K, capacity 616K, committed 640K, reserved 1048576K
}

Deoptimization events (2 events):
Event: 1.769 Thread 0x00000000168e1800 Uncommon trap: reason=null_check action=make_not_entrant pc=0x0000000002b255b0 method=com.android.dx.ssa.SsaRenamer.getLocalForNewReg(I)Lcom/android/dx/rop/code/LocalItem; @ 19
Event: 2.071 Thread 0x00000000169b2000 Uncommon trap: reason=bimorphic action=maybe_recompile pc=0x0000000002a8ff44 method=java.util.HashMap.getNode(ILjava/lang/Object;)Ljava/util/HashMap$Node; @ 126

Internal exceptions (10 events):
Event: 1.376 Thread 0x00000000169b2000 Exception <a 'java/security/PrivilegedActionException'> (0x00000000eb437640) thrown at [D:\re\workspace\8-2-build-windows-amd64-cygwin\jdk8u25\1677\hotspot\src\share\vm\prims\jvm.cpp, line 1312]
Event: 1.376 Thread 0x00000000168e1800 Exception <a 'java/security/PrivilegedActionException'> (0x00000000eb50f668) thrown at [D:\re\workspace\8-2-build-windows-amd64-cygwin\jdk8u25\1677\hotspot\src\share\vm\prims\jvm.cpp, line 1312]
Event: 1.377 Thread 0x00000000169b2000 Exception <a 'java/security/PrivilegedActionException'> (0x00000000eb43a5e8) thrown at [D:\re\workspace\8-2-build-windows-amd64-cygwin\jdk8u25\1677\hotspot\src\share\vm\prims\jvm.cpp, line 1312]
Event: 1.400 Thread 0x00000000169b1000 Exception <a 'java/security/PrivilegedActionException'> (0x00000000eb2271c0) thrown at [D:\re\workspace\8-2-build-windows-amd64-cygwin\jdk8u25\1677\hotspot\src\share\vm\prims\jvm.cpp, line 1312]
Event: 1.404 Thread 0x00000000169b1000 Exception <a 'java/security/PrivilegedActionException'> (0x00000000eb2408d0) thrown at [D:\re\workspace\8-2-build-windows-amd64-cygwin\jdk8u25\1677\hotspot\src\share\vm\prims\jvm.cpp, line 1312]
Event: 1.408 Thread 0x00000000169b1000 Exception <a 'java/security/PrivilegedActionException'> (0x00000000eb62b140) thrown at [D:\re\workspace\8-2-build-windows-amd64-cygwin\jdk8u25\1677\hotspot\src\share\vm\prims\jvm.cpp, line 1312]
Event: 1.439 Thread 0x00000000169b1000 Exception <a 'java/security/PrivilegedActionException'> (0x00000000eb692810) thrown at [D:\re\workspace\8-2-build-windows-amd64-cygwin\jdk8u25\1677\hotspot\src\share\vm\prims\jvm.cpp, line 1312]
Event: 1.461 Thread 0x0000000002750800 Exception <a 'java/security/PrivilegedActionException'> (0x00000000eb82e698) thrown at [D:\re\workspace\8-2-build-windows-amd64-cygwin\jdk8u25\1677\hotspot\src\share\vm\prims\jvm.cpp, line 1312]
Event: 1.462 Thread 0x0000000002750800 Exception <a 'java/security/PrivilegedActionException'> (0x00000000eb830e40) thrown at [D:\re\workspace\8-2-build-windows-amd64-cygwin\jdk8u25\1677\hotspot\src\share\vm\prims\jvm.cpp, line 1312]
Event: 1.769 Thread 0x00000000168e1800 Implicit null exception at 0x0000000002b234fa to 0x0000000002b25589

Events (10 events):
Event: 1.830 Executing VM operation: ForceSafepoint done
Event: 1.982 loading class java/util/DualPivotQuicksort
Event: 1.982 loading class java/util/DualPivotQuicksort done
Event: 2.071 Thread 0x00000000169b2000 Uncommon trap: trap_request=0xffffffc6 fr.pc=0x0000000002a8ff44
Event: 2.071 Thread 0x00000000169b2000 DEOPT PACKING pc=0x0000000002a8ff44 sp=0x000000001727e5f0
Event: 2.071 Thread 0x00000000169b2000 DEOPT UNPACKING pc=0x000000000289556a sp=0x000000001727e518 mode 2
Event: 2.074 Executing VM operation: ParallelGCFailedAllocation
Event: 2.555 Executing VM operation: ParallelGCFailedAllocation done
Event: 2.557 loading class sun/misc/Cleaner
Event: 2.557 loading class sun/misc/Cleaner done


Dynamic libraries:
0x00007ff620b00000 - 0x00007ff620b34000 	C:\Program Files\Java\jdk1.8.0_25\bin\java.exe
0x00007ffd65b10000 - 0x00007ffd65cbd000 	C:\Windows\SYSTEM32\ntdll.dll
0x00007ffd656f0000 - 0x00007ffd6582e000 	C:\Windows\system32\KERNEL32.DLL
0x00007ffd62fc0000 - 0x00007ffd630d5000 	C:\Windows\system32\KERNELBASE.dll
0x00007ffd61800000 - 0x00007ffd6188e000 	C:\Windows\system32\apphelp.dll
0x00007ffd30a90000 - 0x00007ffd30ae3000 	C:\Windows\AppPatch\AppPatch64\AcGenral.DLL
0x00007ffd65000000 - 0x00007ffd650aa000 	C:\Windows\system32\msvcrt.dll
0x00007ffd62af0000 - 0x00007ffd62b1e000 	C:\Windows\SYSTEM32\SspiCli.dll
0x00007ffd65ab0000 - 0x00007ffd65b04000 	C:\Windows\system32\SHLWAPI.dll
0x00007ffd636c0000 - 0x00007ffd63837000 	C:\Windows\system32\USER32.dll
0x00007ffd65340000 - 0x00007ffd654d4000 	C:\Windows\system32\ole32.dll
0x00007ffd63900000 - 0x00007ffd64e2a000 	C:\Windows\system32\SHELL32.dll
0x00007ffd62200000 - 0x00007ffd62221000 	C:\Windows\SYSTEM32\USERENV.dll
0x00007ffd63610000 - 0x00007ffd636ba000 	C:\Windows\system32\ADVAPI32.dll
0x00007ffd59220000 - 0x00007ffd5923e000 	C:\Windows\SYSTEM32\MPR.dll
0x00007ffd655a0000 - 0x00007ffd656e1000 	C:\Windows\system32\RPCRT4.dll
0x00007ffd64f80000 - 0x00007ffd64fd9000 	C:\Windows\SYSTEM32\sechost.dll
0x00007ffd650b0000 - 0x00007ffd652c1000 	C:\Windows\SYSTEM32\combase.dll
0x00007ffd64e30000 - 0x00007ffd64f80000 	C:\Windows\system32\GDI32.dll
0x00007ffd62c60000 - 0x00007ffd62c75000 	C:\Windows\SYSTEM32\profapi.dll
0x00007ffd60ac0000 - 0x00007ffd60b72000 	C:\Windows\SYSTEM32\SHCORE.dll
0x00007ffd65900000 - 0x00007ffd65936000 	C:\Windows\system32\IMM32.DLL
0x00007ffd65950000 - 0x00007ffd65aa2000 	C:\Windows\system32\MSCTF.dll
0x00007ffd60490000 - 0x00007ffd6070b000 	C:\Windows\WinSxS\amd64_microsoft.windows.common-controls_6595b64144ccf1df_6.0.9600.18006_none_623f33d3ecbe86e8\COMCTL32.dll
0x000000006d910000 - 0x000000006d9e2000 	C:\Program Files\Java\jdk1.8.0_25\jre\bin\msvcr100.dll
0x000000006df10000 - 0x000000006e76a000 	C:\Program Files\Java\jdk1.8.0_25\jre\bin\server\jvm.dll
0x00007ffd5a5f0000 - 0x00007ffd5a5f9000 	C:\Windows\SYSTEM32\WSOCK32.dll
0x00007ffd5f3f0000 - 0x00007ffd5f412000 	C:\Windows\SYSTEM32\WINMM.dll
0x00007ffd64ff0000 - 0x00007ffd64ff7000 	C:\Windows\system32\PSAPI.DLL
0x00007ffd65830000 - 0x00007ffd6588a000 	C:\Windows\system32\WS2_32.dll
0x00007ffd5f3c0000 - 0x00007ffd5f3ea000 	C:\Windows\SYSTEM32\WINMMBASE.dll
0x00007ffd652d0000 - 0x00007ffd652d9000 	C:\Windows\system32\NSI.dll
0x00007ffd62d90000 - 0x00007ffd62ddf000 	C:\Windows\SYSTEM32\cfgmgr32.dll
0x00007ffd61a60000 - 0x00007ffd61a88000 	C:\Windows\SYSTEM32\DEVOBJ.dll
0x000000006df00000 - 0x000000006df0f000 	C:\Program Files\Java\jdk1.8.0_25\jre\bin\verify.dll
0x000000006ded0000 - 0x000000006def8000 	C:\Program Files\Java\jdk1.8.0_25\jre\bin\java.dll
0x000000006deb0000 - 0x000000006dec6000 	C:\Program Files\Java\jdk1.8.0_25\jre\bin\zip.dll
0x00007ffd5a9b0000 - 0x00007ffd5ab39000 	C:\Windows\SYSTEM32\dbghelp.dll

VM Arguments:
jvm_args: -Djava.awt.headless=true -Xmx1024M -Dfile.encoding=windows-1252 -Duser.country=US -Duser.language=en -Duser.variant 
java_command: com.android.dx.command.Main --dex --force-jumbo --num-threads=4 --multi-dex --output E:\android\HeRoes2\app\build\intermediates\transforms\dex\debug\folders\1000\10\picasso-2.3.3_ef6eb138a3f2c13a56f53d70a3f503b3cc03ff78 C:\Users\pc\.gradle\caches\modules-2\files-2.1\com.squareup.picasso\picasso\2.3.3\1262995965440e28ba5c4d480c9c9ab4ccce84cc\picasso-2.3.3.jar
java_class_path (initial): C:\Users\pc\AppData\Local\Android\sdk\build-tools\23.0.1\lib\dx.jar
Launcher Type: SUN_STANDARD

Environment Variables:
PATH=C:\oraclexe\app\oracle\product\11.2.0\server\bin;C:\ProgramData\Oracle\Java\javapath;C:\Windows\system32;C:\Windows;C:\Windows\System32\Wbem;C:\Windows\System32\WindowsPowerShell\v1.0\;C:\Program Files (x86)\ATI Technologies\ATI.ACE\Core-Static;C:\Program Files (x86)\MySQL\MySQL Server 5.0\bin;C:\Program Files (x86)\Windows Kits\8.1\Windows Performance Toolkit\;C:\Program Files\Microsoft SQL Server\110\Tools\Binn\;C:\Program Files (x86)\Skype\Phone\;C:\Program Files (x86)\OpenVPN\bin
USERNAME=pc
OS=Windows_NT
PROCESSOR_IDENTIFIER=Intel64 Family 6 Model 60 Stepping 3, GenuineIntel



---------------  S Y S T E M  ---------------

OS: Windows 8.1 , 64 bit Build 9600 

CPU:total 4 (2 cores per cpu, 2 threads per core) family 6 model 60 stepping 3, cmov, cx8, fxsr, mmx, sse, sse2, sse3, ssse3, sse4.1, sse4.2, popcnt, avx, avx2, aes, clmul, erms, lzcnt, ht, tsc, tscinvbit, bmi1, bmi2

Memory: 4k page, physical 6169708k(813736k free), swap 9315436k(3064k free)

vm_info: Java HotSpot(TM) 64-Bit Server VM (25.25-b02) for windows-amd64 JRE (1.8.0_25-b18), built on Oct  7 2014 14:25:37 by "java_re" with MS VC++ 10.0 (VS2010)

time: Sat Apr 30 15:15:41 2016
elapsed time: 2 seconds (0d 0h 0m 2s)

