#
# There is insufficient memory for the Java Runtime Environment to continue.
# Native memory allocation (malloc) failed to allocate 248176 bytes for Chunk::new
# Possible reasons:
#   The system is out of physical RAM or swap space
#   In 32 bit mode, the process size limit was hit
# Possible solutions:
#   Reduce memory load on the system
#   Increase physical memory or swap space
#   Check if swap backing store is full
#   Use 64 bit Java on a 64 bit OS
#   Decrease Java heap size (-Xmx/-Xms)
#   Decrease number of Java threads
#   Decrease Java thread stack sizes (-Xss)
#   Set larger code cache with -XX:ReservedCodeCacheSize=
# This output file may be truncated or incomplete.
#
#  Out of Memory Error (allocation.cpp:390), pid=8824, tid=1316
#
# JRE version: Java(TM) SE Runtime Environment (8.0_25-b18) (build 1.8.0_25-b18)
# Java VM: Java HotSpot(TM) 64-Bit Server VM (25.25-b02 mixed mode windows-amd64 compressed oops)
# Failed to write core dump. Minidumps are not enabled by default on client versions of Windows
#

---------------  T H R E A D  ---------------

Current thread (0x000000001527a800):  JavaThread "C2 CompilerThread0" daemon [_thread_in_native, id=1316, stack(0x0000000016810000,0x0000000016910000)]

Stack: [0x0000000016810000,0x0000000016910000]
Native frames: (J=compiled Java code, j=interpreted, Vv=VM code, C=native code)
V  [jvm.dll+0x31667a]


Current CompileTask:
C2:   5801 1880 %     4       sun.security.provider.SHA::implCompress @ 12 (491 bytes)


---------------  P R O C E S S  ---------------

Java Threads: ( => current thread )
  0x0000000002ab0800 JavaThread "DestroyJavaVM" [_thread_blocked, id=5596, stack(0x00000000028c0000,0x00000000029c0000)]
  0x00000000152d7000 JavaThread "Service Thread" daemon [_thread_blocked, id=2056, stack(0x0000000016b10000,0x0000000016c10000)]
  0x00000000152d3800 JavaThread "C1 CompilerThread2" daemon [_thread_blocked, id=5600, stack(0x0000000016a10000,0x0000000016b10000)]
  0x00000000152c5800 JavaThread "C2 CompilerThread1" daemon [_thread_blocked, id=7444, stack(0x0000000016910000,0x0000000016a10000)]
=>0x000000001527a800 JavaThread "C2 CompilerThread0" daemon [_thread_in_native, id=1316, stack(0x0000000016810000,0x0000000016910000)]
  0x0000000015279800 JavaThread "Attach Listener" daemon [_thread_blocked, id=5628, stack(0x0000000016710000,0x0000000016810000)]
  0x0000000015278800 JavaThread "Signal Dispatcher" daemon [_thread_blocked, id=4744, stack(0x0000000016610000,0x0000000016710000)]
  0x0000000002ba0800 JavaThread "Finalizer" daemon [_thread_blocked, id=6440, stack(0x0000000016510000,0x0000000016610000)]
  0x0000000002b9d000 JavaThread "Reference Handler" daemon [_thread_blocked, id=7984, stack(0x0000000016410000,0x0000000016510000)]

Other Threads:
  0x0000000015245800 VMThread [stack: 0x0000000016310000,0x0000000016410000] [id=3460]
  0x00000000152da000 WatcherThread [stack: 0x0000000016c10000,0x0000000016d10000] [id=9676]

VM state:not at safepoint (normal execution)

VM Mutex/Monitor currently owned by a thread: None

Heap:
 PSYoungGen      total 53248K, used 14183K [0x00000000eab00000, 0x00000000ee300000, 0x0000000100000000)
  eden space 49152K, 20% used [0x00000000eab00000,0x00000000eb4e1bf0,0x00000000edb00000)
  from space 4096K, 99% used [0x00000000edf00000,0x00000000ee2f8028,0x00000000ee300000)
  to   space 4096K, 0% used [0x00000000edb00000,0x00000000edb00000,0x00000000edf00000)
 ParOldGen       total 65536K, used 4276K [0x00000000c0000000, 0x00000000c4000000, 0x00000000eab00000)
  object space 65536K, 6% used [0x00000000c0000000,0x00000000c042d1f8,0x00000000c4000000)
 Metaspace       used 6656K, capacity 7480K, committed 7680K, reserved 1056768K
  class space    used 638K, capacity 688K, committed 768K, reserved 1048576K

Card table byte_map: [0x0000000011f70000,0x0000000012180000] byte_map_base: 0x0000000011970000

Marking Bits: (ParMarkBitMap*) 0x000000006e6ed490
 Begin Bits: [0x00000000126e0000, 0x00000000136e0000)
 End Bits:   [0x00000000136e0000, 0x00000000146e0000)

Polling page: 0x00000000029c0000

CodeCache: size=245760Kb used=7370Kb max_used=7382Kb free=238389Kb
 bounds [0x0000000002bb0000, 0x00000000032f0000, 0x0000000011bb0000]
 total_blobs=2146 nmethods=1874 adapters=186
 compilation: enabled

Compilation events (10 events):
Event: 5.700 Thread 0x00000000152d3800 nmethod 1875 0x00000000032e3590 code [0x00000000032e36e0, 0x00000000032e3830]
Event: 5.701 Thread 0x000000001527a800 1876       4       java.lang.Integer::reverseBytes (26 bytes)
Event: 5.701 Thread 0x000000001527a800 nmethod 1876 0x00000000032e3390 code [0x00000000032e34c0, 0x00000000032e3538]
Event: 5.701 Thread 0x00000000152d3800 1877       3       sun.security.provider.SHA::implCompress (491 bytes)
Event: 5.702 Thread 0x00000000152d3800 nmethod 1877 0x00000000032e69d0 code [0x00000000032e6bc0, 0x00000000032e74a8]
Event: 5.703 Thread 0x00000000152d3800 1878       3       sun.security.provider.ByteArrayAccess::b2iBig64 (614 bytes)
Event: 5.703 Thread 0x00000000152c5800 1879 %     4       sun.security.provider.SHA::implCompress @ 279 (491 bytes)
Event: 5.704 Thread 0x00000000152d3800 nmethod 1878 0x00000000032e5390 code [0x00000000032e55a0, 0x00000000032e6368]
Event: 5.714 Thread 0x00000000152c5800 nmethod 1879% 0x00000000032e4a50 code [0x00000000032e4ba0, 0x00000000032e5178]
Event: 5.742 Thread 0x000000001527a800 1880 %     4       sun.security.provider.SHA::implCompress @ 12 (491 bytes)

GC Heap History (4 events):
Event: 1.999 GC heap before
{Heap before GC invocations=1 (full 0):
 PSYoungGen      total 28672K, used 24576K [0x00000000eab00000, 0x00000000ecb00000, 0x0000000100000000)
  eden space 24576K, 100% used [0x00000000eab00000,0x00000000ec300000,0x00000000ec300000)
  from space 4096K, 0% used [0x00000000ec700000,0x00000000ec700000,0x00000000ecb00000)
  to   space 4096K, 0% used [0x00000000ec300000,0x00000000ec300000,0x00000000ec700000)
 ParOldGen       total 65536K, used 0K [0x00000000c0000000, 0x00000000c4000000, 0x00000000eab00000)
  object space 65536K, 0% used [0x00000000c0000000,0x00000000c0000000,0x00000000c4000000)
 Metaspace       used 5767K, capacity 6896K, committed 7040K, reserved 1056768K
  class space    used 580K, capacity 616K, committed 640K, reserved 1048576K
Event: 2.159 GC heap after
Heap after GC invocations=1 (full 0):
 PSYoungGen      total 28672K, used 4074K [0x00000000eab00000, 0x00000000ee300000, 0x0000000100000000)
  eden space 24576K, 0% used [0x00000000eab00000,0x00000000eab00000,0x00000000ec300000)
  from space 4096K, 99% used [0x00000000ec300000,0x00000000ec6faad8,0x00000000ec700000)
  to   space 4096K, 0% used [0x00000000edf00000,0x00000000edf00000,0x00000000ee300000)
 ParOldGen       total 65536K, used 1187K [0x00000000c0000000, 0x00000000c4000000, 0x00000000eab00000)
  object space 65536K, 1% used [0x00000000c0000000,0x00000000c0128e88,0x00000000c4000000)
 Metaspace       used 5767K, capacity 6896K, committed 7040K, reserved 1056768K
  class space    used 580K, capacity 616K, committed 640K, reserved 1048576K
}
Event: 3.545 GC heap before
{Heap before GC invocations=2 (full 0):
 PSYoungGen      total 28672K, used 28650K [0x00000000eab00000, 0x00000000ee300000, 0x0000000100000000)
  eden space 24576K, 100% used [0x00000000eab00000,0x00000000ec300000,0x00000000ec300000)
  from space 4096K, 99% used [0x00000000ec300000,0x00000000ec6faad8,0x00000000ec700000)
  to   space 4096K, 0% used [0x00000000edf00000,0x00000000edf00000,0x00000000ee300000)
 ParOldGen       total 65536K, used 1187K [0x00000000c0000000, 0x00000000c4000000, 0x00000000eab00000)
  object space 65536K, 1% used [0x00000000c0000000,0x00000000c0128e88,0x00000000c4000000)
 Metaspace       used 5951K, capacity 7024K, committed 7296K, reserved 1056768K
  class space    used 582K, capacity 616K, committed 640K, reserved 1048576K
Event: 3.698 GC heap after
Heap after GC invocations=2 (full 0):
 PSYoungGen      total 53248K, used 4064K [0x00000000eab00000, 0x00000000ee300000, 0x0000000100000000)
  eden space 49152K, 0% used [0x00000000eab00000,0x00000000eab00000,0x00000000edb00000)
  from space 4096K, 99% used [0x00000000edf00000,0x00000000ee2f8028,0x00000000ee300000)
  to   space 4096K, 0% used [0x00000000edb00000,0x00000000edb00000,0x00000000edf00000)
 ParOldGen       total 65536K, used 4276K [0x00000000c0000000, 0x00000000c4000000, 0x00000000eab00000)
  object space 65536K, 6% used [0x00000000c0000000,0x00000000c042d1f8,0x00000000c4000000)
 Metaspace       used 5951K, capacity 7024K, committed 7296K, reserved 1056768K
  class space    used 582K, capacity 616K, committed 640K, reserved 1048576K
}

Deoptimization events (10 events):
Event: 4.802 Thread 0x0000000016e63800 Uncommon trap: reason=bimorphic action=maybe_recompile pc=0x00000000031c3528 method=java.util.HashMap.putVal(ILjava/lang/Object;Ljava/lang/Object;ZZ)Ljava/lang/Object; @ 203
Event: 4.802 Thread 0x0000000016e63800 Uncommon trap: reason=bimorphic action=maybe_recompile pc=0x00000000031c3528 method=java.util.HashMap.putVal(ILjava/lang/Object;Ljava/lang/Object;ZZ)Ljava/lang/Object; @ 203
Event: 5.324 Thread 0x0000000016e63800 Uncommon trap: reason=class_check action=maybe_recompile pc=0x0000000002f3542c method=java.util.Arrays.equals([Ljava/lang/Object;[Ljava/lang/Object;)Z @ 62
Event: 5.324 Thread 0x0000000016e63800 Uncommon trap: reason=class_check action=maybe_recompile pc=0x0000000002f3542c method=java.util.Arrays.equals([Ljava/lang/Object;[Ljava/lang/Object;)Z @ 62
Event: 5.324 Thread 0x0000000016e63800 Uncommon trap: reason=class_check action=maybe_recompile pc=0x0000000002f3542c method=java.util.Arrays.equals([Ljava/lang/Object;[Ljava/lang/Object;)Z @ 62
Event: 5.324 Thread 0x0000000016e63800 Uncommon trap: reason=class_check action=maybe_recompile pc=0x0000000002f3542c method=java.util.Arrays.equals([Ljava/lang/Object;[Ljava/lang/Object;)Z @ 62
Event: 5.687 Thread 0x0000000016e63800 Uncommon trap: reason=unreached action=reinterpret pc=0x0000000002e7a868 method=java.util.Arrays.copyOf([Ljava/lang/Object;ILjava/lang/Class;)[Ljava/lang/Object; @ 3
Event: 5.688 Thread 0x0000000016e63800 Uncommon trap: reason=class_check action=maybe_recompile pc=0x00000000031d69b0 method=java.util.HashMap.putVal(ILjava/lang/Object;Ljava/lang/Object;ZZ)Ljava/lang/Object; @ 56
Event: 5.688 Thread 0x0000000016e63800 Uncommon trap: reason=class_check action=maybe_recompile pc=0x00000000031d6a10 method=java.util.HashMap.putVal(ILjava/lang/Object;Ljava/lang/Object;ZZ)Ljava/lang/Object; @ 152
Event: 5.688 Thread 0x0000000016e63800 Uncommon trap: reason=class_check action=maybe_recompile pc=0x00000000031d69b0 method=java.util.HashMap.putVal(ILjava/lang/Object;Ljava/lang/Object;ZZ)Ljava/lang/Object; @ 56

Internal exceptions (10 events):
Event: 5.325 Thread 0x0000000016e63800 Exception <a 'java/security/PrivilegedActionException'> (0x00000000eb271548) thrown at [D:\re\workspace\8-2-build-windows-amd64-cygwin\jdk8u25\1677\hotspot\src\share\vm\prims\jvm.cpp, line 1312]
Event: 5.325 Thread 0x0000000016e63800 Exception <a 'java/security/PrivilegedActionException'> (0x00000000eb2747e8) thrown at [D:\re\workspace\8-2-build-windows-amd64-cygwin\jdk8u25\1677\hotspot\src\share\vm\prims\jvm.cpp, line 1312]
Event: 5.537 Thread 0x0000000016e63800 Exception <a 'java/security/PrivilegedActionException'> (0x00000000eb376498) thrown at [D:\re\workspace\8-2-build-windows-amd64-cygwin\jdk8u25\1677\hotspot\src\share\vm\prims\jvm.cpp, line 1312]
Event: 5.541 Thread 0x0000000016e63800 Exception <a 'java/security/PrivilegedActionException'> (0x00000000eb382260) thrown at [D:\re\workspace\8-2-build-windows-amd64-cygwin\jdk8u25\1677\hotspot\src\share\vm\prims\jvm.cpp, line 1312]
Event: 5.544 Thread 0x0000000016e63800 Exception <a 'java/security/PrivilegedActionException'> (0x00000000eb384f88) thrown at [D:\re\workspace\8-2-build-windows-amd64-cygwin\jdk8u25\1677\hotspot\src\share\vm\prims\jvm.cpp, line 1312]
Event: 5.576 Thread 0x0000000016e63800 Exception <a 'java/security/PrivilegedActionException'> (0x00000000eb415d90) thrown at [D:\re\workspace\8-2-build-windows-amd64-cygwin\jdk8u25\1677\hotspot\src\share\vm\prims\jvm.cpp, line 1312]
Event: 5.583 Thread 0x0000000016e63800 Exception <a 'java/security/PrivilegedActionException'> (0x00000000eb44cab8) thrown at [D:\re\workspace\8-2-build-windows-amd64-cygwin\jdk8u25\1677\hotspot\src\share\vm\prims\jvm.cpp, line 1312]
Event: 5.584 Thread 0x0000000016e63800 Exception <a 'java/security/PrivilegedActionException'> (0x00000000eb4520f0) thrown at [D:\re\workspace\8-2-build-windows-amd64-cygwin\jdk8u25\1677\hotspot\src\share\vm\prims\jvm.cpp, line 1312]
Event: 5.587 Thread 0x0000000016e63800 Exception <a 'java/security/PrivilegedActionException'> (0x00000000eb457cf0) thrown at [D:\re\workspace\8-2-build-windows-amd64-cygwin\jdk8u25\1677\hotspot\src\share\vm\prims\jvm.cpp, line 1312]
Event: 5.675 Thread 0x0000000016e63800 Exception <a 'java/security/PrivilegedActionException'> (0x00000000eb45bdd0) thrown at [D:\re\workspace\8-2-build-windows-amd64-cygwin\jdk8u25\1677\hotspot\src\share\vm\prims\jvm.cpp, line 1312]

Events (10 events):
Event: 5.693 loading class sun/security/jca/GetInstance$Instance done
Event: 5.693 loading class java/security/MessageDigest$Delegate
Event: 5.693 loading class java/security/MessageDigest$Delegate done
Event: 5.693 loading class sun/security/provider/ByteArrayAccess
Event: 5.694 loading class sun/security/provider/ByteArrayAccess done
Event: 5.743 Thread 0x0000000016e63800 DEOPT PACKING pc=0x00000000032e7347 sp=0x000000001720edc0
Event: 5.743 Thread 0x0000000016e63800 DEOPT UNPACKING pc=0x0000000002bf75bf sp=0x000000001720ead8 mode 0
Event: 5.744 loading class java/util/zip/Adler32
Event: 5.744 loading class java/util/zip/Adler32 done
Event: 5.744 Thread 0x0000000016e63800 Thread exited: 0x0000000016e63800


Dynamic libraries:
0x00007ff620b00000 - 0x00007ff620b34000 	C:\Program Files\Java\jdk1.8.0_25\bin\java.exe
0x00007ffd65b10000 - 0x00007ffd65cbd000 	C:\Windows\SYSTEM32\ntdll.dll
0x00007ffd656f0000 - 0x00007ffd6582e000 	C:\Windows\system32\KERNEL32.DLL
0x00007ffd62fc0000 - 0x00007ffd630d5000 	C:\Windows\system32\KERNELBASE.dll
0x00007ffd61800000 - 0x00007ffd6188e000 	C:\Windows\system32\apphelp.dll
0x00007ffd30a90000 - 0x00007ffd30ae3000 	C:\Windows\AppPatch\AppPatch64\AcGenral.DLL
0x00007ffd65000000 - 0x00007ffd650aa000 	C:\Windows\system32\msvcrt.dll
0x00007ffd62af0000 - 0x00007ffd62b1e000 	C:\Windows\SYSTEM32\SspiCli.dll
0x00007ffd65ab0000 - 0x00007ffd65b04000 	C:\Windows\system32\SHLWAPI.dll
0x00007ffd636c0000 - 0x00007ffd63837000 	C:\Windows\system32\USER32.dll
0x00007ffd65340000 - 0x00007ffd654d4000 	C:\Windows\system32\ole32.dll
0x00007ffd63900000 - 0x00007ffd64e2a000 	C:\Windows\system32\SHELL32.dll
0x00007ffd62200000 - 0x00007ffd62221000 	C:\Windows\SYSTEM32\USERENV.dll
0x00007ffd63610000 - 0x00007ffd636ba000 	C:\Windows\system32\ADVAPI32.dll
0x00007ffd59220000 - 0x00007ffd5923e000 	C:\Windows\SYSTEM32\MPR.dll
0x00007ffd655a0000 - 0x00007ffd656e1000 	C:\Windows\system32\RPCRT4.dll
0x00007ffd64f80000 - 0x00007ffd64fd9000 	C:\Windows\SYSTEM32\sechost.dll
0x00007ffd650b0000 - 0x00007ffd652c1000 	C:\Windows\SYSTEM32\combase.dll
0x00007ffd64e30000 - 0x00007ffd64f80000 	C:\Windows\system32\GDI32.dll
0x00007ffd62c60000 - 0x00007ffd62c75000 	C:\Windows\SYSTEM32\profapi.dll
0x00007ffd60ac0000 - 0x00007ffd60b72000 	C:\Windows\SYSTEM32\SHCORE.dll
0x00007ffd65900000 - 0x00007ffd65936000 	C:\Windows\system32\IMM32.DLL
0x00007ffd65950000 - 0x00007ffd65aa2000 	C:\Windows\system32\MSCTF.dll
0x00007ffd60490000 - 0x00007ffd6070b000 	C:\Windows\WinSxS\amd64_microsoft.windows.common-controls_6595b64144ccf1df_6.0.9600.18006_none_623f33d3ecbe86e8\COMCTL32.dll
0x000000006d910000 - 0x000000006d9e2000 	C:\Program Files\Java\jdk1.8.0_25\jre\bin\msvcr100.dll
0x000000006df10000 - 0x000000006e76a000 	C:\Program Files\Java\jdk1.8.0_25\jre\bin\server\jvm.dll
0x00007ffd5a5f0000 - 0x00007ffd5a5f9000 	C:\Windows\SYSTEM32\WSOCK32.dll
0x00007ffd5f3f0000 - 0x00007ffd5f412000 	C:\Windows\SYSTEM32\WINMM.dll
0x00007ffd64ff0000 - 0x00007ffd64ff7000 	C:\Windows\system32\PSAPI.DLL
0x00007ffd65830000 - 0x00007ffd6588a000 	C:\Windows\system32\WS2_32.dll
0x00007ffd5f3c0000 - 0x00007ffd5f3ea000 	C:\Windows\SYSTEM32\WINMMBASE.dll
0x00007ffd652d0000 - 0x00007ffd652d9000 	C:\Windows\system32\NSI.dll
0x00007ffd62d90000 - 0x00007ffd62ddf000 	C:\Windows\SYSTEM32\cfgmgr32.dll
0x00007ffd61a60000 - 0x00007ffd61a88000 	C:\Windows\SYSTEM32\DEVOBJ.dll
0x000000006df00000 - 0x000000006df0f000 	C:\Program Files\Java\jdk1.8.0_25\jre\bin\verify.dll
0x000000006ded0000 - 0x000000006def8000 	C:\Program Files\Java\jdk1.8.0_25\jre\bin\java.dll
0x000000006deb0000 - 0x000000006dec6000 	C:\Program Files\Java\jdk1.8.0_25\jre\bin\zip.dll

VM Arguments:
jvm_args: -Djava.awt.headless=true -Xmx1024M -Dfile.encoding=windows-1252 -Duser.country=US -Duser.language=en -Duser.variant 
java_command: com.android.dx.command.Main --dex --force-jumbo --num-threads=4 --multi-dex --output E:\android\HeRoes2\app\build\intermediates\transforms\dex\debug\folders\1000\10\picasso-2.3.3_ef6eb138a3f2c13a56f53d70a3f503b3cc03ff78 C:\Users\pc\.gradle\caches\modules-2\files-2.1\com.squareup.picasso\picasso\2.3.3\1262995965440e28ba5c4d480c9c9ab4ccce84cc\picasso-2.3.3.jar
java_class_path (initial): C:\Users\pc\AppData\Local\Android\sdk\build-tools\23.0.1\lib\dx.jar
Launcher Type: SUN_STANDARD

Environment Variables:
PATH=C:\oraclexe\app\oracle\product\11.2.0\server\bin;C:\ProgramData\Oracle\Java\javapath;C:\Windows\system32;C:\Windows;C:\Windows\System32\Wbem;C:\Windows\System32\WindowsPowerShell\v1.0\;C:\Program Files (x86)\ATI Technologies\ATI.ACE\Core-Static;C:\Program Files (x86)\MySQL\MySQL Server 5.0\bin;C:\Program Files (x86)\Windows Kits\8.1\Windows Performance Toolkit\;C:\Program Files\Microsoft SQL Server\110\Tools\Binn\;C:\Program Files (x86)\Skype\Phone\;C:\Program Files (x86)\OpenVPN\bin
USERNAME=pc
OS=Windows_NT
PROCESSOR_IDENTIFIER=Intel64 Family 6 Model 60 Stepping 3, GenuineIntel



---------------  S Y S T E M  ---------------

OS: Windows 8.1 , 64 bit Build 9600 

CPU:total 4 (2 cores per cpu, 2 threads per core) family 6 model 60 stepping 3, cmov, cx8, fxsr, mmx, sse, sse2, sse3, ssse3, sse4.1, sse4.2, popcnt, avx, avx2, aes, clmul, erms, lzcnt, ht, tsc, tscinvbit, bmi1, bmi2

Memory: 4k page, physical 6169708k(865096k free), swap 9315436k(2040k free)

vm_info: Java HotSpot(TM) 64-Bit Server VM (25.25-b02) for windows-amd64 JRE (1.8.0_25-b18), built on Oct  7 2014 14:25:37 by "java_re" with MS VC++ 10.0 (VS2010)

time: Sat Apr 30 15:18:06 2016
elapsed time: 5 seconds (0d 0h 0m 5s)

