#
# There is insufficient memory for the Java Runtime Environment to continue.
# Native memory allocation (malloc) failed to allocate 497296 bytes for Chunk::new
# Possible reasons:
#   The system is out of physical RAM or swap space
#   In 32 bit mode, the process size limit was hit
# Possible solutions:
#   Reduce memory load on the system
#   Increase physical memory or swap space
#   Check if swap backing store is full
#   Use 64 bit Java on a 64 bit OS
#   Decrease Java heap size (-Xmx/-Xms)
#   Decrease number of Java threads
#   Decrease Java thread stack sizes (-Xss)
#   Set larger code cache with -XX:ReservedCodeCacheSize=
# This output file may be truncated or incomplete.
#
#  Out of Memory Error (allocation.cpp:390), pid=8444, tid=8336
#
# JRE version: Java(TM) SE Runtime Environment (8.0_25-b18) (build 1.8.0_25-b18)
# Java VM: Java HotSpot(TM) 64-Bit Server VM (25.25-b02 mixed mode windows-amd64 compressed oops)
# Failed to write core dump. Minidumps are not enabled by default on client versions of Windows
#

---------------  T H R E A D  ---------------

Current thread (0x0000000014578000):  JavaThread "C2 CompilerThread0" daemon [_thread_in_native, id=8336, stack(0x0000000015ae0000,0x0000000015be0000)]

Stack: [0x0000000015ae0000,0x0000000015be0000]
Native frames: (J=compiled Java code, j=interpreted, Vv=VM code, C=native code)
V  [jvm.dll+0x31667a]


Current CompileTask:
C2:    681  639       4       com.android.dx.ssa.SsaBasicBlock::forEachInsn (37 bytes)


---------------  P R O C E S S  ---------------

Java Threads: ( => current thread )
  0x0000000016132000 JavaThread "pool-2-thread-4" [_thread_in_Java, id=7296, stack(0x00000000167e0000,0x00000000168e0000)]
  0x0000000016131000 JavaThread "pool-2-thread-3" [_thread_blocked, id=10012, stack(0x00000000166e0000,0x00000000167e0000)]
  0x000000001612e000 JavaThread "pool-2-thread-2" [_thread_blocked, id=5804, stack(0x00000000165e0000,0x00000000166e0000)]
  0x000000001612c800 JavaThread "pool-3-thread-1" [_thread_blocked, id=8804, stack(0x00000000164e0000,0x00000000165e0000)]
  0x0000000016129800 JavaThread "pool-2-thread-1" [_thread_in_vm, id=8800, stack(0x00000000163e0000,0x00000000164e0000)]
  0x00000000145cb000 JavaThread "Service Thread" daemon [_thread_blocked, id=448, stack(0x0000000015de0000,0x0000000015ee0000)]
  0x00000000145c3800 JavaThread "C1 CompilerThread2" daemon [_thread_blocked, id=9740, stack(0x0000000015ce0000,0x0000000015de0000)]
  0x00000000145c1000 JavaThread "C2 CompilerThread1" daemon [_thread_in_native, id=8540, stack(0x0000000015be0000,0x0000000015ce0000)]
=>0x0000000014578000 JavaThread "C2 CompilerThread0" daemon [_thread_in_native, id=8336, stack(0x0000000015ae0000,0x0000000015be0000)]
  0x0000000014576800 JavaThread "Attach Listener" daemon [_thread_blocked, id=9572, stack(0x00000000159e0000,0x0000000015ae0000)]
  0x0000000014575800 JavaThread "Signal Dispatcher" daemon [_thread_blocked, id=6688, stack(0x00000000158e0000,0x00000000159e0000)]
  0x0000000001e90800 JavaThread "Finalizer" daemon [_thread_blocked, id=204, stack(0x00000000157e0000,0x00000000158e0000)]
  0x0000000001e8d000 JavaThread "Reference Handler" daemon [_thread_blocked, id=9396, stack(0x00000000156e0000,0x00000000157e0000)]
  0x0000000001da0800 JavaThread "main" [_thread_in_Java, id=9044, stack(0x0000000001ca0000,0x0000000001da0000)]

Other Threads:
  0x0000000014535800 VMThread [stack: 0x00000000155e0000,0x00000000156e0000] [id=3804]
  0x00000000145ce000 WatcherThread [stack: 0x0000000015ee0000,0x0000000015fe0000] [id=4628]

VM state:not at safepoint (normal execution)

VM Mutex/Monitor currently owned by a thread: None

Heap:
 PSYoungGen      total 28672K, used 14022K [0x00000000eab00000, 0x00000000ecb00000, 0x0000000100000000)
  eden space 24576K, 57% used [0x00000000eab00000,0x00000000eb8b1b60,0x00000000ec300000)
  from space 4096K, 0% used [0x00000000ec700000,0x00000000ec700000,0x00000000ecb00000)
  to   space 4096K, 0% used [0x00000000ec300000,0x00000000ec300000,0x00000000ec700000)
 ParOldGen       total 65536K, used 0K [0x00000000c0000000, 0x00000000c4000000, 0x00000000eab00000)
  object space 65536K, 0% used [0x00000000c0000000,0x00000000c0000000,0x00000000c4000000)
 Metaspace       used 5425K, capacity 6576K, committed 6784K, reserved 1056768K
  class space    used 576K, capacity 616K, committed 640K, reserved 1048576K

Card table byte_map: [0x0000000011260000,0x0000000011470000] byte_map_base: 0x0000000010c60000

Marking Bits: (ParMarkBitMap*) 0x000000006e6ed490
 Begin Bits: [0x00000000119d0000, 0x00000000129d0000)
 End Bits:   [0x00000000129d0000, 0x00000000139d0000)

Polling page: 0x0000000000470000

CodeCache: size=245760Kb used=2461Kb max_used=2461Kb free=243298Kb
 bounds [0x0000000001ea0000, 0x0000000002110000, 0x0000000010ea0000]
 total_blobs=910 nmethods=646 adapters=178
 compilation: enabled

Compilation events (10 events):
Event: 0.649 Thread 0x00000000145c3800  591       3       com.android.dx.rop.code.LocalItem::compareHandlesNulls (25 bytes)
Event: 0.650 Thread 0x00000000145c3800 nmethod 591 0x0000000002105a50 code [0x0000000002105c20, 0x0000000002106578]
Event: 0.650 Thread 0x00000000145c3800  608       3       com.android.dx.rop.code.LocalItem::compareTo (32 bytes)
Event: 0.650 Thread 0x00000000145c3800 nmethod 608 0x0000000002106910 code [0x0000000002106aa0, 0x0000000002107038]
Event: 0.650 Thread 0x00000000145c3800  645       3       com.android.dx.ssa.SsaMethod::updateOneDefinition (70 bytes)
Event: 0.651 Thread 0x00000000145c3800 nmethod 645 0x0000000002107210 code [0x00000000021073c0, 0x0000000002107bc8]
Event: 0.651 Thread 0x00000000145c3800  583       3       java.util.HashMap::afterNodeAccess (1 bytes)
Event: 0.651 Thread 0x00000000145c3800 nmethod 583 0x0000000002107ed0 code [0x0000000002108020, 0x0000000002108170]
Event: 0.651 Thread 0x00000000145c3800  624       1       com.android.dx.rop.code.RopMethod::getFirstLabel (5 bytes)
Event: 0.651 Thread 0x00000000145c3800 nmethod 624 0x00000000021081d0 code [0x0000000002108320, 0x0000000002108430]

GC Heap History (0 events):
No events

Deoptimization events (4 events):
Event: 0.625 Thread 0x0000000016132000 Uncommon trap: reason=class_check action=maybe_recompile pc=0x00000000020d24f0 method=com.android.dx.ssa.NormalSsaInsn.accept(Lcom/android/dx/ssa/SsaInsn$Visitor;)V @ 9
Event: 0.625 Thread 0x0000000016132000 Uncommon trap: reason=class_check action=maybe_recompile pc=0x00000000020d24f0 method=com.android.dx.ssa.NormalSsaInsn.accept(Lcom/android/dx/ssa/SsaInsn$Visitor;)V @ 9
Event: 0.625 Thread 0x0000000016132000 Uncommon trap: reason=class_check action=maybe_recompile pc=0x00000000020d24f0 method=com.android.dx.ssa.NormalSsaInsn.accept(Lcom/android/dx/ssa/SsaInsn$Visitor;)V @ 9
Event: 0.632 Thread 0x0000000016132000 Uncommon trap: reason=class_check action=maybe_recompile pc=0x00000000020d24f0 method=com.android.dx.ssa.NormalSsaInsn.accept(Lcom/android/dx/ssa/SsaInsn$Visitor;)V @ 9

Internal exceptions (10 events):
Event: 0.552 Thread 0x0000000016129800 Exception <a 'java/security/PrivilegedActionException'> (0x00000000eb4e1568) thrown at [D:\re\workspace\8-2-build-windows-amd64-cygwin\jdk8u25\1677\hotspot\src\share\vm\prims\jvm.cpp, line 1312]
Event: 0.552 Thread 0x0000000016129800 Exception <a 'java/security/PrivilegedActionException'> (0x00000000eb4e4d28) thrown at [D:\re\workspace\8-2-build-windows-amd64-cygwin\jdk8u25\1677\hotspot\src\share\vm\prims\jvm.cpp, line 1312]
Event: 0.555 Thread 0x0000000016129800 Exception <a 'java/security/PrivilegedActionException'> (0x00000000eb4f14f8) thrown at [D:\re\workspace\8-2-build-windows-amd64-cygwin\jdk8u25\1677\hotspot\src\share\vm\prims\jvm.cpp, line 1312]
Event: 0.556 Thread 0x0000000016129800 Exception <a 'java/security/PrivilegedActionException'> (0x00000000eb4f76f0) thrown at [D:\re\workspace\8-2-build-windows-amd64-cygwin\jdk8u25\1677\hotspot\src\share\vm\prims\jvm.cpp, line 1312]
Event: 0.557 Thread 0x0000000016129800 Exception <a 'java/security/PrivilegedActionException'> (0x00000000eb4fbfa0) thrown at [D:\re\workspace\8-2-build-windows-amd64-cygwin\jdk8u25\1677\hotspot\src\share\vm\prims\jvm.cpp, line 1312]
Event: 0.558 Thread 0x0000000016129800 Exception <a 'java/security/PrivilegedActionException'> (0x00000000eb5022a8) thrown at [D:\re\workspace\8-2-build-windows-amd64-cygwin\jdk8u25\1677\hotspot\src\share\vm\prims\jvm.cpp, line 1312]
Event: 0.573 Thread 0x000000001612e000 Exception <a 'java/security/PrivilegedActionException'> (0x00000000eb2001f8) thrown at [D:\re\workspace\8-2-build-windows-amd64-cygwin\jdk8u25\1677\hotspot\src\share\vm\prims\jvm.cpp, line 1312]
Event: 0.585 Thread 0x0000000001da0800 Exception <a 'java/security/PrivilegedActionException'> (0x00000000eb597098) thrown at [D:\re\workspace\8-2-build-windows-amd64-cygwin\jdk8u25\1677\hotspot\src\share\vm\prims\jvm.cpp, line 1312]
Event: 0.593 Thread 0x000000001612e000 Exception <a 'java/security/PrivilegedActionException'> (0x00000000eb20d790) thrown at [D:\re\workspace\8-2-build-windows-amd64-cygwin\jdk8u25\1677\hotspot\src\share\vm\prims\jvm.cpp, line 1312]
Event: 0.598 Thread 0x0000000016132000 Exception <a 'java/security/PrivilegedActionException'> (0x00000000eb319408) thrown at [D:\re\workspace\8-2-build-windows-amd64-cygwin\jdk8u25\1677\hotspot\src\share\vm\prims\jvm.cpp, line 1312]

Events (10 events):
Event: 0.625 Thread 0x0000000016132000 DEOPT UNPACKING pc=0x0000000001ee556a sp=0x00000000168de920 mode 2
Event: 0.625 Thread 0x0000000016132000 Uncommon trap: trap_request=0xffffffde fr.pc=0x00000000020d24f0
Event: 0.625 Thread 0x0000000016132000 DEOPT PACKING pc=0x00000000020d24f0 sp=0x00000000168de750
Event: 0.625 Thread 0x0000000016132000 DEOPT UNPACKING pc=0x0000000001ee556a sp=0x00000000168de6e0 mode 2
Event: 0.625 Thread 0x0000000016132000 Uncommon trap: trap_request=0xffffffde fr.pc=0x00000000020d24f0
Event: 0.625 Thread 0x0000000016132000 DEOPT PACKING pc=0x00000000020d24f0 sp=0x00000000168de6b0
Event: 0.625 Thread 0x0000000016132000 DEOPT UNPACKING pc=0x0000000001ee556a sp=0x00000000168de640 mode 2
Event: 0.632 Thread 0x0000000016132000 Uncommon trap: trap_request=0xffffffde fr.pc=0x00000000020d24f0
Event: 0.632 Thread 0x0000000016132000 DEOPT PACKING pc=0x00000000020d24f0 sp=0x00000000168de960
Event: 0.632 Thread 0x0000000016132000 DEOPT UNPACKING pc=0x0000000001ee556a sp=0x00000000168de8f0 mode 2


Dynamic libraries:
0x00007ff620b00000 - 0x00007ff620b34000 	C:\Program Files\Java\jdk1.8.0_25\bin\java.exe
0x00007ffd65b10000 - 0x00007ffd65cbd000 	C:\Windows\SYSTEM32\ntdll.dll
0x00007ffd656f0000 - 0x00007ffd6582e000 	C:\Windows\system32\KERNEL32.DLL
0x00007ffd62fc0000 - 0x00007ffd630d5000 	C:\Windows\system32\KERNELBASE.dll
0x00007ffd61800000 - 0x00007ffd6188e000 	C:\Windows\system32\apphelp.dll
0x00007ffd30a90000 - 0x00007ffd30ae3000 	C:\Windows\AppPatch\AppPatch64\AcGenral.DLL
0x00007ffd65000000 - 0x00007ffd650aa000 	C:\Windows\system32\msvcrt.dll
0x00007ffd62af0000 - 0x00007ffd62b1e000 	C:\Windows\SYSTEM32\SspiCli.dll
0x00007ffd65ab0000 - 0x00007ffd65b04000 	C:\Windows\system32\SHLWAPI.dll
0x00007ffd636c0000 - 0x00007ffd63837000 	C:\Windows\system32\USER32.dll
0x00007ffd65340000 - 0x00007ffd654d4000 	C:\Windows\system32\ole32.dll
0x00007ffd63900000 - 0x00007ffd64e2a000 	C:\Windows\system32\SHELL32.dll
0x00007ffd62200000 - 0x00007ffd62221000 	C:\Windows\SYSTEM32\USERENV.dll
0x00007ffd63610000 - 0x00007ffd636ba000 	C:\Windows\system32\ADVAPI32.dll
0x00007ffd59220000 - 0x00007ffd5923e000 	C:\Windows\SYSTEM32\MPR.dll
0x00007ffd655a0000 - 0x00007ffd656e1000 	C:\Windows\system32\RPCRT4.dll
0x00007ffd64f80000 - 0x00007ffd64fd9000 	C:\Windows\SYSTEM32\sechost.dll
0x00007ffd650b0000 - 0x00007ffd652c1000 	C:\Windows\SYSTEM32\combase.dll
0x00007ffd64e30000 - 0x00007ffd64f80000 	C:\Windows\system32\GDI32.dll
0x00007ffd62c60000 - 0x00007ffd62c75000 	C:\Windows\SYSTEM32\profapi.dll
0x00007ffd60ac0000 - 0x00007ffd60b72000 	C:\Windows\SYSTEM32\SHCORE.dll
0x00007ffd65900000 - 0x00007ffd65936000 	C:\Windows\system32\IMM32.DLL
0x00007ffd65950000 - 0x00007ffd65aa2000 	C:\Windows\system32\MSCTF.dll
0x00007ffd60490000 - 0x00007ffd6070b000 	C:\Windows\WinSxS\amd64_microsoft.windows.common-controls_6595b64144ccf1df_6.0.9600.18006_none_623f33d3ecbe86e8\COMCTL32.dll
0x000000006d910000 - 0x000000006d9e2000 	C:\Program Files\Java\jdk1.8.0_25\jre\bin\msvcr100.dll
0x000000006df10000 - 0x000000006e76a000 	C:\Program Files\Java\jdk1.8.0_25\jre\bin\server\jvm.dll
0x00007ffd5a5f0000 - 0x00007ffd5a5f9000 	C:\Windows\SYSTEM32\WSOCK32.dll
0x00007ffd5f3f0000 - 0x00007ffd5f412000 	C:\Windows\SYSTEM32\WINMM.dll
0x00007ffd64ff0000 - 0x00007ffd64ff7000 	C:\Windows\system32\PSAPI.DLL
0x00007ffd65830000 - 0x00007ffd6588a000 	C:\Windows\system32\WS2_32.dll
0x00007ffd5f3c0000 - 0x00007ffd5f3ea000 	C:\Windows\SYSTEM32\WINMMBASE.dll
0x00007ffd652d0000 - 0x00007ffd652d9000 	C:\Windows\system32\NSI.dll
0x00007ffd62d90000 - 0x00007ffd62ddf000 	C:\Windows\SYSTEM32\cfgmgr32.dll
0x00007ffd61a60000 - 0x00007ffd61a88000 	C:\Windows\SYSTEM32\DEVOBJ.dll
0x000000006df00000 - 0x000000006df0f000 	C:\Program Files\Java\jdk1.8.0_25\jre\bin\verify.dll
0x000000006ded0000 - 0x000000006def8000 	C:\Program Files\Java\jdk1.8.0_25\jre\bin\java.dll
0x000000006deb0000 - 0x000000006dec6000 	C:\Program Files\Java\jdk1.8.0_25\jre\bin\zip.dll
0x00007ffd5a9b0000 - 0x00007ffd5ab39000 	C:\Windows\SYSTEM32\dbghelp.dll

VM Arguments:
jvm_args: -Djava.awt.headless=true -Xmx1024M -Dfile.encoding=windows-1252 -Duser.country=US -Duser.language=en -Duser.variant 
java_command: com.android.dx.command.Main --dex --force-jumbo --num-threads=4 --multi-dex --output E:\android\HeRoes2\app\build\intermediates\transforms\dex\debug\folders\1000\10\tubesock-0.0.12_aa86a8b1097427ef2968b589c178ab5685da979f C:\Users\pc\.gradle\caches\modules-2\files-2.1\com.firebase\tubesock\0.0.12\6ec0bbd3e161a73ed672284b587fd32309a86d7a\tubesock-0.0.12.jar
java_class_path (initial): C:\Users\pc\AppData\Local\Android\sdk\build-tools\23.0.1\lib\dx.jar
Launcher Type: SUN_STANDARD

Environment Variables:
PATH=C:\oraclexe\app\oracle\product\11.2.0\server\bin;C:\ProgramData\Oracle\Java\javapath;C:\Windows\system32;C:\Windows;C:\Windows\System32\Wbem;C:\Windows\System32\WindowsPowerShell\v1.0\;C:\Program Files (x86)\ATI Technologies\ATI.ACE\Core-Static;C:\Program Files (x86)\MySQL\MySQL Server 5.0\bin;C:\Program Files (x86)\Windows Kits\8.1\Windows Performance Toolkit\;C:\Program Files\Microsoft SQL Server\110\Tools\Binn\;C:\Program Files (x86)\Skype\Phone\;C:\Program Files (x86)\OpenVPN\bin
USERNAME=pc
OS=Windows_NT
PROCESSOR_IDENTIFIER=Intel64 Family 6 Model 60 Stepping 3, GenuineIntel



---------------  S Y S T E M  ---------------

OS: Windows 8.1 , 64 bit Build 9600 

CPU:total 4 (2 cores per cpu, 2 threads per core) family 6 model 60 stepping 3, cmov, cx8, fxsr, mmx, sse, sse2, sse3, ssse3, sse4.1, sse4.2, popcnt, avx, avx2, aes, clmul, erms, lzcnt, ht, tsc, tscinvbit, bmi1, bmi2

Memory: 4k page, physical 6169708k(1015244k free), swap 9315436k(5100k free)

vm_info: Java HotSpot(TM) 64-Bit Server VM (25.25-b02) for windows-amd64 JRE (1.8.0_25-b18), built on Oct  7 2014 14:25:37 by "java_re" with MS VC++ 10.0 (VS2010)

time: Sat Apr 30 15:17:55 2016
elapsed time: 0 seconds (0d 0h 0m 0s)

