#
# There is insufficient memory for the Java Runtime Environment to continue.
# Native memory allocation (malloc) failed to allocate 1012016 bytes for Chunk::new
# Possible reasons:
#   The system is out of physical RAM or swap space
#   In 32 bit mode, the process size limit was hit
# Possible solutions:
#   Reduce memory load on the system
#   Increase physical memory or swap space
#   Check if swap backing store is full
#   Use 64 bit Java on a 64 bit OS
#   Decrease Java heap size (-Xmx/-Xms)
#   Decrease number of Java threads
#   Decrease Java thread stack sizes (-Xss)
#   Set larger code cache with -XX:ReservedCodeCacheSize=
# This output file may be truncated or incomplete.
#
#  Out of Memory Error (allocation.cpp:390), pid=3660, tid=7132
#
# JRE version: Java(TM) SE Runtime Environment (8.0_25-b18) (build 1.8.0_25-b18)
# Java VM: Java HotSpot(TM) 64-Bit Server VM (25.25-b02 mixed mode windows-amd64 compressed oops)
# Failed to write core dump. Minidumps are not enabled by default on client versions of Windows
#

---------------  T H R E A D  ---------------

Current thread (0x0000000014b39000):  JavaThread "C2 CompilerThread1" daemon [_thread_in_native, id=7132, stack(0x00000000161b0000,0x00000000162b0000)]

Stack: [0x00000000161b0000,0x00000000162b0000]
Native frames: (J=compiled Java code, j=interpreted, Vv=VM code, C=native code)
V  [jvm.dll+0x31667a]


Current CompileTask:
C2:   5772 1514       4       com.android.dx.dex.code.RopToDop::dopFor (792 bytes)


---------------  P R O C E S S  ---------------

Java Threads: ( => current thread )
  0x000000001661b800 JavaThread "pool-2-thread-4" [_thread_in_vm, id=6816, stack(0x0000000016db0000,0x0000000016eb0000)]
  0x0000000016619800 JavaThread "pool-2-thread-3" [_thread_in_Java, id=9172, stack(0x0000000016cb0000,0x0000000016db0000)]
  0x000000001660e800 JavaThread "pool-2-thread-2" [_thread_blocked, id=10016, stack(0x0000000016bb0000,0x0000000016cb0000)]
  0x0000000016600000 JavaThread "pool-3-thread-1" [_thread_blocked, id=4188, stack(0x0000000016ab0000,0x0000000016bb0000)]
  0x00000000165fb800 JavaThread "pool-2-thread-1" [_thread_blocked, id=9552, stack(0x00000000169b0000,0x0000000016ab0000)]
  0x00000000163c0800 JavaThread "Service Thread" daemon [_thread_blocked, id=7264, stack(0x00000000167b0000,0x00000000168b0000)]
  0x0000000014b3c000 JavaThread "C1 CompilerThread2" daemon [_thread_blocked, id=8208, stack(0x00000000162b0000,0x00000000163b0000)]
=>0x0000000014b39000 JavaThread "C2 CompilerThread1" daemon [_thread_in_native, id=7132, stack(0x00000000161b0000,0x00000000162b0000)]
  0x0000000014b48000 JavaThread "C2 CompilerThread0" daemon [_thread_in_native, id=6244, stack(0x00000000160b0000,0x00000000161b0000)]
  0x0000000014b46800 JavaThread "Attach Listener" daemon [_thread_blocked, id=8440, stack(0x0000000015fb0000,0x00000000160b0000)]
  0x0000000014b45800 JavaThread "Signal Dispatcher" daemon [_thread_blocked, id=7760, stack(0x0000000015eb0000,0x0000000015fb0000)]
  0x0000000002460800 JavaThread "Finalizer" daemon [_thread_blocked, id=7308, stack(0x0000000015db0000,0x0000000015eb0000)]
  0x000000000245d000 JavaThread "Reference Handler" daemon [_thread_blocked, id=2288, stack(0x0000000015cb0000,0x0000000015db0000)]
  0x0000000002370800 JavaThread "main" [_thread_in_Java, id=3752, stack(0x00000000021f0000,0x00000000022f0000)]

Other Threads:
  0x0000000014b05800 VMThread [stack: 0x0000000015bb0000,0x0000000015cb0000] [id=1796]
  0x0000000014b43800 WatcherThread [stack: 0x00000000168b0000,0x00000000169b0000] [id=5572]

VM state:not at safepoint (normal execution)

VM Mutex/Monitor currently owned by a thread: None

Heap:
 PSYoungGen      total 53248K, used 20599K [0x00000000eab00000, 0x00000000ee300000, 0x0000000100000000)
  eden space 49152K, 33% used [0x00000000eab00000,0x00000000ebb25b78,0x00000000edb00000)
  from space 4096K, 99% used [0x00000000edf00000,0x00000000ee2f8230,0x00000000ee300000)
  to   space 4096K, 0% used [0x00000000edb00000,0x00000000edb00000,0x00000000edf00000)
 ParOldGen       total 65536K, used 5274K [0x00000000c0000000, 0x00000000c4000000, 0x00000000eab00000)
  object space 65536K, 8% used [0x00000000c0000000,0x00000000c0526a88,0x00000000c4000000)
 Metaspace       used 6020K, capacity 7088K, committed 7296K, reserved 1056768K
  class space    used 584K, capacity 616K, committed 640K, reserved 1048576K

Card table byte_map: [0x0000000011830000,0x0000000011a40000] byte_map_base: 0x0000000011230000

Marking Bits: (ParMarkBitMap*) 0x000000006e6ed490
 Begin Bits: [0x0000000011fa0000, 0x0000000012fa0000)
 End Bits:   [0x0000000012fa0000, 0x0000000013fa0000)

Polling page: 0x0000000000900000

CodeCache: size=245760Kb used=6454Kb max_used=6454Kb free=239305Kb
 bounds [0x0000000002470000, 0x0000000002ad0000, 0x0000000011470000]
 total_blobs=1775 nmethods=1511 adapters=178
 compilation: enabled

Compilation events (10 events):
Event: 5.741 Thread 0x0000000014b3c000 1517       3       com.android.dx.ssa.SsaInsn::makeFromRop (10 bytes)
Event: 5.741 Thread 0x0000000014b3c000 nmethod 1517 0x0000000002a97510 code [0x0000000002a976a0, 0x0000000002a97b28]
Event: 5.761 Thread 0x0000000014b3c000 1525       3       com.android.dx.rop.cst.CstInterfaceMethodRef::toMethodRef (31 bytes)
Event: 5.762 Thread 0x0000000014b3c000 nmethod 1525 0x0000000002a96ad0 code [0x0000000002a96c60, 0x0000000002a972d8]
Event: 5.763 Thread 0x0000000014b3c000 1526       3       com.android.dx.rop.type.Type::isReference (15 bytes)
Event: 5.763 Thread 0x0000000014b3c000 nmethod 1526 0x0000000002aa0a90 code [0x0000000002aa0be0, 0x0000000002aa0d90]
Event: 5.763 Thread 0x0000000014b3c000 1527       3       com.android.dx.rop.annotation.Annotations::add (75 bytes)
Event: 5.764 Thread 0x0000000014b3c000 nmethod 1527 0x0000000002ac0750 code [0x0000000002ac09a0, 0x0000000002ac1848]
Event: 5.767 Thread 0x0000000014b3c000 1529       3       java.util.concurrent.locks.ReentrantLock::unlock (10 bytes)
Event: 5.768 Thread 0x0000000014b3c000 nmethod 1529 0x0000000002aa03d0 code [0x0000000002aa0560, 0x0000000002aa0958]

GC Heap History (4 events):
Event: 3.936 GC heap before
{Heap before GC invocations=1 (full 0):
 PSYoungGen      total 28672K, used 24576K [0x00000000eab00000, 0x00000000ecb00000, 0x0000000100000000)
  eden space 24576K, 100% used [0x00000000eab00000,0x00000000ec300000,0x00000000ec300000)
  from space 4096K, 0% used [0x00000000ec700000,0x00000000ec700000,0x00000000ecb00000)
  to   space 4096K, 0% used [0x00000000ec300000,0x00000000ec300000,0x00000000ec700000)
 ParOldGen       total 65536K, used 0K [0x00000000c0000000, 0x00000000c4000000, 0x00000000eab00000)
  object space 65536K, 0% used [0x00000000c0000000,0x00000000c0000000,0x00000000c4000000)
 Metaspace       used 5768K, capacity 6832K, committed 7040K, reserved 1056768K
  class space    used 582K, capacity 616K, committed 640K, reserved 1048576K
Event: 4.219 GC heap after
Heap after GC invocations=1 (full 0):
 PSYoungGen      total 28672K, used 4071K [0x00000000eab00000, 0x00000000ee300000, 0x0000000100000000)
  eden space 24576K, 0% used [0x00000000eab00000,0x00000000eab00000,0x00000000ec300000)
  from space 4096K, 99% used [0x00000000ec300000,0x00000000ec6f9c88,0x00000000ec700000)
  to   space 4096K, 0% used [0x00000000edf00000,0x00000000edf00000,0x00000000ee300000)
 ParOldGen       total 65536K, used 1470K [0x00000000c0000000, 0x00000000c4000000, 0x00000000eab00000)
  object space 65536K, 2% used [0x00000000c0000000,0x00000000c016f930,0x00000000c4000000)
 Metaspace       used 5768K, capacity 6832K, committed 7040K, reserved 1056768K
  class space    used 582K, capacity 616K, committed 640K, reserved 1048576K
}
Event: 5.517 GC heap before
{Heap before GC invocations=2 (full 0):
 PSYoungGen      total 28672K, used 28647K [0x00000000eab00000, 0x00000000ee300000, 0x0000000100000000)
  eden space 24576K, 100% used [0x00000000eab00000,0x00000000ec300000,0x00000000ec300000)
  from space 4096K, 99% used [0x00000000ec300000,0x00000000ec6f9c88,0x00000000ec700000)
  to   space 4096K, 0% used [0x00000000edf00000,0x00000000edf00000,0x00000000ee300000)
 ParOldGen       total 65536K, used 1470K [0x00000000c0000000, 0x00000000c4000000, 0x00000000eab00000)
  object space 65536K, 2% used [0x00000000c0000000,0x00000000c016f930,0x00000000c4000000)
 Metaspace       used 5942K, capacity 7024K, committed 7296K, reserved 1056768K
  class space    used 584K, capacity 616K, committed 640K, reserved 1048576K
Event: 5.556 GC heap after
Heap after GC invocations=2 (full 0):
 PSYoungGen      total 53248K, used 4064K [0x00000000eab00000, 0x00000000ee300000, 0x0000000100000000)
  eden space 49152K, 0% used [0x00000000eab00000,0x00000000eab00000,0x00000000edb00000)
  from space 4096K, 99% used [0x00000000edf00000,0x00000000ee2f8230,0x00000000ee300000)
  to   space 4096K, 0% used [0x00000000edb00000,0x00000000edb00000,0x00000000edf00000)
 ParOldGen       total 65536K, used 5274K [0x00000000c0000000, 0x00000000c4000000, 0x00000000eab00000)
  object space 65536K, 8% used [0x00000000c0000000,0x00000000c0526a88,0x00000000c4000000)
 Metaspace       used 5942K, capacity 7024K, committed 7296K, reserved 1056768K
  class space    used 584K, capacity 616K, committed 640K, reserved 1048576K
}

Deoptimization events (10 events):
Event: 5.197 Thread 0x0000000002370800 Uncommon trap: reason=class_check action=maybe_recompile pc=0x000000000298b894 method=java.util.HashMap.putVal(ILjava/lang/Object;Ljava/lang/Object;ZZ)Ljava/lang/Object; @ 203
Event: 5.580 Thread 0x000000001660e800 Uncommon trap: reason=bimorphic action=maybe_recompile pc=0x00000000026a5ad0 method=java.util.HashMap.getNode(ILjava/lang/Object;)Ljava/util/HashMap$Node; @ 126
Event: 5.580 Thread 0x000000001660e800 Uncommon trap: reason=class_check action=maybe_recompile pc=0x000000000298b894 method=java.util.HashMap.putVal(ILjava/lang/Object;Ljava/lang/Object;ZZ)Ljava/lang/Object; @ 203
Event: 5.580 Thread 0x000000001660e800 Uncommon trap: reason=bimorphic action=maybe_recompile pc=0x00000000026a5ad0 method=java.util.HashMap.getNode(ILjava/lang/Object;)Ljava/util/HashMap$Node; @ 126
Event: 5.580 Thread 0x000000001660e800 Uncommon trap: reason=class_check action=maybe_recompile pc=0x000000000298b894 method=java.util.HashMap.putVal(ILjava/lang/Object;Ljava/lang/Object;ZZ)Ljava/lang/Object; @ 203
Event: 5.580 Thread 0x000000001660e800 Uncommon trap: reason=bimorphic action=maybe_recompile pc=0x00000000026cb4b4 method=java.util.HashMap.getNode(ILjava/lang/Object;)Ljava/util/HashMap$Node; @ 126
Event: 5.655 Thread 0x0000000002370800 Uncommon trap: reason=bimorphic action=maybe_recompile pc=0x00000000029e5920 method=com.android.dx.cf.code.BytecodeArray.parseInstruction(ILcom/android/dx/cf/code/BytecodeArray$Visitor;)I @ 939
Event: 5.655 Thread 0x0000000002370800 Uncommon trap: reason=bimorphic action=maybe_recompile pc=0x00000000029e5920 method=com.android.dx.cf.code.BytecodeArray.parseInstruction(ILcom/android/dx/cf/code/BytecodeArray$Visitor;)I @ 939
Event: 5.658 Thread 0x0000000002370800 Uncommon trap: reason=bimorphic action=maybe_recompile pc=0x00000000029e5920 method=com.android.dx.cf.code.BytecodeArray.parseInstruction(ILcom/android/dx/cf/code/BytecodeArray$Visitor;)I @ 939
Event: 5.659 Thread 0x0000000002370800 Uncommon trap: reason=bimorphic action=maybe_recompile pc=0x00000000029e5920 method=com.android.dx.cf.code.BytecodeArray.parseInstruction(ILcom/android/dx/cf/code/BytecodeArray$Visitor;)I @ 939

Internal exceptions (10 events):
Event: 2.967 Thread 0x000000001661b800 Exception <a 'java/security/PrivilegedActionException'> (0x00000000eb6d8d70) thrown at [D:\re\workspace\8-2-build-windows-amd64-cygwin\jdk8u25\1677\hotspot\src\share\vm\prims\jvm.cpp, line 1312]
Event: 2.967 Thread 0x000000001661b800 Exception <a 'java/security/PrivilegedActionException'> (0x00000000eb6de460) thrown at [D:\re\workspace\8-2-build-windows-amd64-cygwin\jdk8u25\1677\hotspot\src\share\vm\prims\jvm.cpp, line 1312]
Event: 2.968 Thread 0x00000000165fb800 Exception <a 'java/security/PrivilegedActionException'> (0x00000000eb413bd0) thrown at [D:\re\workspace\8-2-build-windows-amd64-cygwin\jdk8u25\1677\hotspot\src\share\vm\prims\jvm.cpp, line 1312]
Event: 2.983 Thread 0x0000000002370800 Exception <a 'java/security/PrivilegedActionException'> (0x00000000eb6037f0) thrown at [D:\re\workspace\8-2-build-windows-amd64-cygwin\jdk8u25\1677\hotspot\src\share\vm\prims\jvm.cpp, line 1312]
Event: 3.360 Thread 0x0000000002370800 Exception <a 'java/security/PrivilegedActionException'> (0x00000000eba4f628) thrown at [D:\re\workspace\8-2-build-windows-amd64-cygwin\jdk8u25\1677\hotspot\src\share\vm\prims\jvm.cpp, line 1312]
Event: 3.373 Thread 0x0000000002370800 Exception <a 'java/security/PrivilegedActionException'> (0x00000000ebb5b510) thrown at [D:\re\workspace\8-2-build-windows-amd64-cygwin\jdk8u25\1677\hotspot\src\share\vm\prims\jvm.cpp, line 1312]
Event: 3.373 Thread 0x0000000002370800 Exception <a 'java/security/PrivilegedActionException'> (0x00000000ebb5dc18) thrown at [D:\re\workspace\8-2-build-windows-amd64-cygwin\jdk8u25\1677\hotspot\src\share\vm\prims\jvm.cpp, line 1312]
Event: 3.374 Thread 0x0000000002370800 Exception <a 'java/security/PrivilegedActionException'> (0x00000000ebb62358) thrown at [D:\re\workspace\8-2-build-windows-amd64-cygwin\jdk8u25\1677\hotspot\src\share\vm\prims\jvm.cpp, line 1312]
Event: 3.705 Thread 0x0000000002370800 Exception <a 'java/security/PrivilegedActionException'> (0x00000000ebc4d570) thrown at [D:\re\workspace\8-2-build-windows-amd64-cygwin\jdk8u25\1677\hotspot\src\share\vm\prims\jvm.cpp, line 1312]
Event: 4.252 Thread 0x0000000016619800 Implicit null exception at 0x000000000280f422 to 0x000000000280f515

Events (10 events):
Event: 5.655 Thread 0x0000000002370800 DEOPT UNPACKING pc=0x00000000024b556a sp=0x00000000022ee338 mode 2
Event: 5.655 Thread 0x0000000002370800 Uncommon trap: trap_request=0xffffffc6 fr.pc=0x00000000029e5920
Event: 5.655 Thread 0x0000000002370800 DEOPT PACKING pc=0x00000000029e5920 sp=0x00000000022ee160
Event: 5.655 Thread 0x0000000002370800 DEOPT UNPACKING pc=0x00000000024b556a sp=0x00000000022ee0f8 mode 2
Event: 5.658 Thread 0x0000000002370800 Uncommon trap: trap_request=0xffffffc6 fr.pc=0x00000000029e5920
Event: 5.658 Thread 0x0000000002370800 DEOPT PACKING pc=0x00000000029e5920 sp=0x00000000022ee3a0
Event: 5.658 Thread 0x0000000002370800 DEOPT UNPACKING pc=0x00000000024b556a sp=0x00000000022ee338 mode 2
Event: 5.659 Thread 0x0000000002370800 Uncommon trap: trap_request=0xffffffc6 fr.pc=0x00000000029e5920
Event: 5.659 Thread 0x0000000002370800 DEOPT PACKING pc=0x00000000029e5920 sp=0x00000000022ee160
Event: 5.659 Thread 0x0000000002370800 DEOPT UNPACKING pc=0x00000000024b556a sp=0x00000000022ee0f8 mode 2


Dynamic libraries:
0x00007ff620b00000 - 0x00007ff620b34000 	C:\Program Files\Java\jdk1.8.0_25\bin\java.exe
0x00007ffd65b10000 - 0x00007ffd65cbd000 	C:\Windows\SYSTEM32\ntdll.dll
0x00007ffd656f0000 - 0x00007ffd6582e000 	C:\Windows\system32\KERNEL32.DLL
0x00007ffd62fc0000 - 0x00007ffd630d5000 	C:\Windows\system32\KERNELBASE.dll
0x00007ffd61800000 - 0x00007ffd6188e000 	C:\Windows\system32\apphelp.dll
0x00007ffd55320000 - 0x00007ffd55373000 	C:\Windows\AppPatch\AppPatch64\AcGenral.DLL
0x00007ffd65000000 - 0x00007ffd650aa000 	C:\Windows\system32\msvcrt.dll
0x00007ffd62af0000 - 0x00007ffd62b1e000 	C:\Windows\SYSTEM32\SspiCli.dll
0x00007ffd65ab0000 - 0x00007ffd65b04000 	C:\Windows\system32\SHLWAPI.dll
0x00007ffd636c0000 - 0x00007ffd63837000 	C:\Windows\system32\USER32.dll
0x00007ffd65340000 - 0x00007ffd654d4000 	C:\Windows\system32\ole32.dll
0x00007ffd63900000 - 0x00007ffd64e2a000 	C:\Windows\system32\SHELL32.dll
0x00007ffd62200000 - 0x00007ffd62221000 	C:\Windows\SYSTEM32\USERENV.dll
0x00007ffd63610000 - 0x00007ffd636ba000 	C:\Windows\system32\ADVAPI32.dll
0x00007ffd59220000 - 0x00007ffd5923e000 	C:\Windows\SYSTEM32\MPR.dll
0x00007ffd655a0000 - 0x00007ffd656e1000 	C:\Windows\system32\RPCRT4.dll
0x00007ffd64f80000 - 0x00007ffd64fd9000 	C:\Windows\SYSTEM32\sechost.dll
0x00007ffd650b0000 - 0x00007ffd652c1000 	C:\Windows\SYSTEM32\combase.dll
0x00007ffd64e30000 - 0x00007ffd64f80000 	C:\Windows\system32\GDI32.dll
0x00007ffd62c60000 - 0x00007ffd62c75000 	C:\Windows\SYSTEM32\profapi.dll
0x00007ffd60ac0000 - 0x00007ffd60b72000 	C:\Windows\SYSTEM32\SHCORE.dll
0x00007ffd65900000 - 0x00007ffd65936000 	C:\Windows\system32\IMM32.DLL
0x00007ffd65950000 - 0x00007ffd65aa2000 	C:\Windows\system32\MSCTF.dll
0x00007ffd60490000 - 0x00007ffd6070b000 	C:\Windows\WinSxS\amd64_microsoft.windows.common-controls_6595b64144ccf1df_6.0.9600.18006_none_623f33d3ecbe86e8\COMCTL32.dll
0x000000006d910000 - 0x000000006d9e2000 	C:\Program Files\Java\jdk1.8.0_25\jre\bin\msvcr100.dll
0x000000006df10000 - 0x000000006e76a000 	C:\Program Files\Java\jdk1.8.0_25\jre\bin\server\jvm.dll
0x00007ffd5a5f0000 - 0x00007ffd5a5f9000 	C:\Windows\SYSTEM32\WSOCK32.dll
0x00007ffd5f3f0000 - 0x00007ffd5f412000 	C:\Windows\SYSTEM32\WINMM.dll
0x00007ffd64ff0000 - 0x00007ffd64ff7000 	C:\Windows\system32\PSAPI.DLL
0x00007ffd65830000 - 0x00007ffd6588a000 	C:\Windows\system32\WS2_32.dll
0x00007ffd5f3c0000 - 0x00007ffd5f3ea000 	C:\Windows\SYSTEM32\WINMMBASE.dll
0x00007ffd652d0000 - 0x00007ffd652d9000 	C:\Windows\system32\NSI.dll
0x00007ffd62d90000 - 0x00007ffd62ddf000 	C:\Windows\SYSTEM32\cfgmgr32.dll
0x00007ffd61a60000 - 0x00007ffd61a88000 	C:\Windows\SYSTEM32\DEVOBJ.dll
0x000000006df00000 - 0x000000006df0f000 	C:\Program Files\Java\jdk1.8.0_25\jre\bin\verify.dll
0x000000006ded0000 - 0x000000006def8000 	C:\Program Files\Java\jdk1.8.0_25\jre\bin\java.dll
0x000000006deb0000 - 0x000000006dec6000 	C:\Program Files\Java\jdk1.8.0_25\jre\bin\zip.dll

VM Arguments:
jvm_args: -Djava.awt.headless=true -Xmx1024M -Dfile.encoding=windows-1252 -Duser.country=US -Duser.language=en -Duser.variant 
java_command: com.android.dx.command.Main --dex --force-jumbo --num-threads=4 --multi-dex --output E:\android\HeRoes2\app\build\intermediates\transforms\dex\debug\folders\1000\10\com.android.support-appcompat-v7-23.1.1_a9fdc47d1be89b27453b6a7b7df5400b0fc125b8 E:\android\HeRoes2\app\build\intermediates\exploded-aar\com.android.support\appcompat-v7\23.1.1\jars\classes.jar
java_class_path (initial): C:\Users\pc\AppData\Local\Android\sdk\build-tools\23.0.1\lib\dx.jar
Launcher Type: SUN_STANDARD

Environment Variables:
PATH=C:\oraclexe\app\oracle\product\11.2.0\server\bin;C:\ProgramData\Oracle\Java\javapath;C:\Windows\system32;C:\Windows;C:\Windows\System32\Wbem;C:\Windows\System32\WindowsPowerShell\v1.0\;C:\Program Files (x86)\ATI Technologies\ATI.ACE\Core-Static;C:\Program Files (x86)\MySQL\MySQL Server 5.0\bin;C:\Program Files (x86)\Windows Kits\8.1\Windows Performance Toolkit\;C:\Program Files\Microsoft SQL Server\110\Tools\Binn\;C:\Program Files (x86)\Skype\Phone\;C:\Program Files (x86)\OpenVPN\bin
USERNAME=pc
OS=Windows_NT
PROCESSOR_IDENTIFIER=Intel64 Family 6 Model 60 Stepping 3, GenuineIntel



---------------  S Y S T E M  ---------------

OS: Windows 8.1 , 64 bit Build 9600 

CPU:total 4 (2 cores per cpu, 2 threads per core) family 6 model 60 stepping 3, cmov, cx8, fxsr, mmx, sse, sse2, sse3, ssse3, sse4.1, sse4.2, popcnt, avx, avx2, aes, clmul, erms, lzcnt, ht, tsc, tscinvbit, bmi1, bmi2

Memory: 4k page, physical 6169708k(1096644k free), swap 9315436k(5208k free)

vm_info: Java HotSpot(TM) 64-Bit Server VM (25.25-b02) for windows-amd64 JRE (1.8.0_25-b18), built on Oct  7 2014 14:25:37 by "java_re" with MS VC++ 10.0 (VS2010)

time: Sat Apr 30 15:23:23 2016
elapsed time: 5 seconds (0d 0h 0m 5s)

