#
# There is insufficient memory for the Java Runtime Environment to continue.
# Native memory allocation (malloc) failed to allocate 51056 bytes for Chunk::new
# Possible reasons:
#   The system is out of physical RAM or swap space
#   In 32 bit mode, the process size limit was hit
# Possible solutions:
#   Reduce memory load on the system
#   Increase physical memory or swap space
#   Check if swap backing store is full
#   Use 64 bit Java on a 64 bit OS
#   Decrease Java heap size (-Xmx/-Xms)
#   Decrease number of Java threads
#   Decrease Java thread stack sizes (-Xss)
#   Set larger code cache with -XX:ReservedCodeCacheSize=
# This output file may be truncated or incomplete.
#
#  Out of Memory Error (allocation.cpp:390), pid=9392, tid=6136
#
# JRE version: Java(TM) SE Runtime Environment (8.0_25-b18) (build 1.8.0_25-b18)
# Java VM: Java HotSpot(TM) 64-Bit Server VM (25.25-b02 mixed mode windows-amd64 compressed oops)
# Failed to write core dump. Minidumps are not enabled by default on client versions of Windows
#

---------------  T H R E A D  ---------------

Current thread (0x0000000014ce1000):  JavaThread "C2 CompilerThread1" daemon [_thread_in_native, id=6136, stack(0x0000000016350000,0x0000000016450000)]

Stack: [0x0000000016350000,0x0000000016450000]
Native frames: (J=compiled Java code, j=interpreted, Vv=VM code, C=native code)
V  [jvm.dll+0x31667a]


Current CompileTask:
C2:   1191  454       4       java.lang.String::replace (127 bytes)


---------------  P R O C E S S  ---------------

Java Threads: ( => current thread )
  0x00000000167a9000 JavaThread "pool-2-thread-4" [_thread_blocked, id=1380, stack(0x0000000016f50000,0x0000000017050000)]
  0x00000000167a8000 JavaThread "pool-2-thread-3" [_thread_in_vm, id=7488, stack(0x0000000016e50000,0x0000000016f50000)]
  0x00000000167a5000 JavaThread "pool-2-thread-2" [_thread_in_vm, id=6520, stack(0x0000000016d50000,0x0000000016e50000)]
  0x000000001679d000 JavaThread "pool-3-thread-1" [_thread_blocked, id=3168, stack(0x0000000016c50000,0x0000000016d50000)]
  0x0000000016797800 JavaThread "pool-2-thread-1" [_thread_in_vm, id=5788, stack(0x0000000016b50000,0x0000000016c50000)]
  0x000000001655b000 JavaThread "Service Thread" daemon [_thread_blocked, id=5524, stack(0x0000000016950000,0x0000000016a50000)]
  0x0000000014d27800 JavaThread "C1 CompilerThread2" daemon [_thread_in_vm, id=8756, stack(0x0000000016450000,0x0000000016550000)]
=>0x0000000014ce1000 JavaThread "C2 CompilerThread1" daemon [_thread_in_native, id=6136, stack(0x0000000016350000,0x0000000016450000)]
  0x0000000014cd9800 JavaThread "C2 CompilerThread0" daemon [_thread_in_native, id=4724, stack(0x0000000016250000,0x0000000016350000)]
  0x0000000014cd8800 JavaThread "Attach Listener" daemon [_thread_blocked, id=1500, stack(0x0000000016150000,0x0000000016250000)]
  0x0000000014cd7000 JavaThread "Signal Dispatcher" daemon [_thread_blocked, id=10196, stack(0x0000000016050000,0x0000000016150000)]
  0x000000000252e800 JavaThread "Finalizer" daemon [_thread_blocked, id=6236, stack(0x0000000015f50000,0x0000000016050000)]
  0x000000000252d800 JavaThread "Reference Handler" daemon [_thread_blocked, id=7996, stack(0x0000000015e50000,0x0000000015f50000)]
  0x0000000002440800 JavaThread "main" [_thread_blocked, id=6180, stack(0x0000000000bf0000,0x0000000000cf0000)]

Other Threads:
  0x0000000014ca6800 VMThread [stack: 0x0000000015d50000,0x0000000015e50000] [id=6572]
  0x000000001655e000 WatcherThread [stack: 0x0000000016a50000,0x0000000016b50000] [id=6072]

VM state:not at safepoint (normal execution)

VM Mutex/Monitor currently owned by a thread: None

Heap:
 PSYoungGen      total 28672K, used 9359K [0x00000000eab00000, 0x00000000ecb00000, 0x0000000100000000)
  eden space 24576K, 38% used [0x00000000eab00000,0x00000000eb423d38,0x00000000ec300000)
  from space 4096K, 0% used [0x00000000ec700000,0x00000000ec700000,0x00000000ecb00000)
  to   space 4096K, 0% used [0x00000000ec300000,0x00000000ec300000,0x00000000ec700000)
 ParOldGen       total 65536K, used 0K [0x00000000c0000000, 0x00000000c4000000, 0x00000000eab00000)
  object space 65536K, 0% used [0x00000000c0000000,0x00000000c0000000,0x00000000c4000000)
 Metaspace       used 4733K, capacity 6000K, committed 6272K, reserved 1056768K
  class space    used 515K, capacity 552K, committed 640K, reserved 1048576K

Card table byte_map: [0x00000000119d0000,0x0000000011be0000] byte_map_base: 0x00000000113d0000

Marking Bits: (ParMarkBitMap*) 0x000000006e6ed490
 Begin Bits: [0x0000000012140000, 0x0000000013140000)
 End Bits:   [0x0000000013140000, 0x0000000014140000)

Polling page: 0x0000000000a30000

CodeCache: size=245760Kb used=2201Kb max_used=2201Kb free=243558Kb
 bounds [0x0000000002610000, 0x0000000002880000, 0x0000000011610000]
 total_blobs=743 nmethods=485 adapters=172
 compilation: enabled

Compilation events (10 events):
Event: 1.187 Thread 0x0000000014d27800 nmethod 476 0x000000000282f090 code [0x000000000282f1e0, 0x000000000282f2f0]
Event: 1.187 Thread 0x0000000014d27800  470       1       com.android.dx.ssa.SsaRenamer::access$100 (5 bytes)
Event: 1.187 Thread 0x0000000014d27800 nmethod 470 0x000000000282f350 code [0x000000000282f4a0, 0x000000000282f590]
Event: 1.188 Thread 0x0000000014d27800  473       3       com.android.dx.ssa.SsaRenamer::access$800 (6 bytes)
Event: 1.188 Thread 0x0000000014d27800 nmethod 473 0x000000000282f610 code [0x000000000282f780, 0x000000000282f970]
Event: 1.188 Thread 0x0000000014d27800  474       3       com.android.dx.ssa.SsaRenamer$BlockRenamer::processResultReg (56 bytes)
Event: 1.188 Thread 0x0000000014d27800 nmethod 474 0x000000000282fa50 code [0x000000000282fc20, 0x00000000028304d8]
Event: 1.188 Thread 0x0000000014d27800  478       3       com.android.dx.ssa.SsaBasicBlock::forEachPhiInsn (54 bytes)
Event: 1.189 Thread 0x0000000014d27800 nmethod 478 0x0000000002830850 code [0x0000000002830a40, 0x00000000028312a8]
Event: 1.189 Thread 0x0000000014d27800  481       3       com.android.dx.ssa.RegisterMapper::map (63 bytes)

GC Heap History (0 events):
No events

Deoptimization events (0 events):
No events

Internal exceptions (10 events):
Event: 1.179 Thread 0x00000000167a5000 Exception <a 'java/security/PrivilegedActionException'> (0x00000000eb2edef8) thrown at [D:\re\workspace\8-2-build-windows-amd64-cygwin\jdk8u25\1677\hotspot\src\share\vm\prims\jvm.cpp, line 1312]
Event: 1.179 Thread 0x0000000016797800 Exception <a 'java/security/PrivilegedActionException'> (0x00000000eb292be8) thrown at [D:\re\workspace\8-2-build-windows-amd64-cygwin\jdk8u25\1677\hotspot\src\share\vm\prims\jvm.cpp, line 1312]
Event: 1.179 Thread 0x00000000167a5000 Exception <a 'java/security/PrivilegedActionException'> (0x00000000eb2f0d28) thrown at [D:\re\workspace\8-2-build-windows-amd64-cygwin\jdk8u25\1677\hotspot\src\share\vm\prims\jvm.cpp, line 1312]
Event: 1.181 Thread 0x00000000167a5000 Exception <a 'java/security/PrivilegedActionException'> (0x00000000eb2f3aa0) thrown at [D:\re\workspace\8-2-build-windows-amd64-cygwin\jdk8u25\1677\hotspot\src\share\vm\prims\jvm.cpp, line 1312]
Event: 1.182 Thread 0x00000000167a5000 Exception <a 'java/security/PrivilegedActionException'> (0x00000000eb2f5b18) thrown at [D:\re\workspace\8-2-build-windows-amd64-cygwin\jdk8u25\1677\hotspot\src\share\vm\prims\jvm.cpp, line 1312]
Event: 1.183 Thread 0x00000000167a9000 Exception <a 'java/security/PrivilegedActionException'> (0x00000000eb3783c8) thrown at [D:\re\workspace\8-2-build-windows-amd64-cygwin\jdk8u25\1677\hotspot\src\share\vm\prims\jvm.cpp, line 1312]
Event: 1.183 Thread 0x00000000167a5000 Exception <a 'java/security/PrivilegedActionException'> (0x00000000eb2f9ee8) thrown at [D:\re\workspace\8-2-build-windows-amd64-cygwin\jdk8u25\1677\hotspot\src\share\vm\prims\jvm.cpp, line 1312]
Event: 1.186 Thread 0x00000000167a5000 Exception <a 'java/security/PrivilegedActionException'> (0x00000000eb2fd188) thrown at [D:\re\workspace\8-2-build-windows-amd64-cygwin\jdk8u25\1677\hotspot\src\share\vm\prims\jvm.cpp, line 1312]
Event: 1.188 Thread 0x00000000167a5000 Exception <a 'java/security/PrivilegedActionException'> (0x00000000eb3018b0) thrown at [D:\re\workspace\8-2-build-windows-amd64-cygwin\jdk8u25\1677\hotspot\src\share\vm\prims\jvm.cpp, line 1312]
Event: 1.188 Thread 0x00000000167a5000 Exception <a 'java/security/PrivilegedActionException'> (0x00000000eb304498) thrown at [D:\re\workspace\8-2-build-windows-amd64-cygwin\jdk8u25\1677\hotspot\src\share\vm\prims\jvm.cpp, line 1312]

Events (10 events):
Event: 1.182 loading class com/android/dx/ssa/PhiInsn$Operand
Event: 1.182 loading class com/android/dx/ssa/PhiInsn$Operand done
Event: 1.183 loading class com/android/dx/ssa/MoveParamCombiner
Event: 1.183 loading class com/android/dx/ssa/MoveParamCombiner done
Event: 1.185 loading class com/android/dx/ssa/MoveParamCombiner$1
Event: 1.185 loading class com/android/dx/ssa/MoveParamCombiner$1 done
Event: 1.188 loading class com/android/dx/ssa/MoveParamCombiner$1$1
Event: 1.188 loading class com/android/dx/ssa/MoveParamCombiner$1$1 done
Event: 1.188 loading class com/android/dx/ssa/SCCP
Event: 1.188 loading class com/android/dx/ssa/SCCP done


Dynamic libraries:
0x00007ff620b00000 - 0x00007ff620b34000 	C:\Program Files\Java\jdk1.8.0_25\bin\java.exe
0x00007ffd65b10000 - 0x00007ffd65cbd000 	C:\Windows\SYSTEM32\ntdll.dll
0x00007ffd656f0000 - 0x00007ffd6582e000 	C:\Windows\system32\KERNEL32.DLL
0x00007ffd62fc0000 - 0x00007ffd630d5000 	C:\Windows\system32\KERNELBASE.dll
0x00007ffd61800000 - 0x00007ffd6188e000 	C:\Windows\system32\apphelp.dll
0x00007ffd30a90000 - 0x00007ffd30ae3000 	C:\Windows\AppPatch\AppPatch64\AcGenral.DLL
0x00007ffd65000000 - 0x00007ffd650aa000 	C:\Windows\system32\msvcrt.dll
0x00007ffd62af0000 - 0x00007ffd62b1e000 	C:\Windows\SYSTEM32\SspiCli.dll
0x00007ffd65ab0000 - 0x00007ffd65b04000 	C:\Windows\system32\SHLWAPI.dll
0x00007ffd636c0000 - 0x00007ffd63837000 	C:\Windows\system32\USER32.dll
0x00007ffd65340000 - 0x00007ffd654d4000 	C:\Windows\system32\ole32.dll
0x00007ffd63900000 - 0x00007ffd64e2a000 	C:\Windows\system32\SHELL32.dll
0x00007ffd62200000 - 0x00007ffd62221000 	C:\Windows\SYSTEM32\USERENV.dll
0x00007ffd63610000 - 0x00007ffd636ba000 	C:\Windows\system32\ADVAPI32.dll
0x00007ffd59220000 - 0x00007ffd5923e000 	C:\Windows\SYSTEM32\MPR.dll
0x00007ffd655a0000 - 0x00007ffd656e1000 	C:\Windows\system32\RPCRT4.dll
0x00007ffd64f80000 - 0x00007ffd64fd9000 	C:\Windows\SYSTEM32\sechost.dll
0x00007ffd650b0000 - 0x00007ffd652c1000 	C:\Windows\SYSTEM32\combase.dll
0x00007ffd64e30000 - 0x00007ffd64f80000 	C:\Windows\system32\GDI32.dll
0x00007ffd62c60000 - 0x00007ffd62c75000 	C:\Windows\SYSTEM32\profapi.dll
0x00007ffd60ac0000 - 0x00007ffd60b72000 	C:\Windows\SYSTEM32\SHCORE.dll
0x00007ffd65900000 - 0x00007ffd65936000 	C:\Windows\system32\IMM32.DLL
0x00007ffd65950000 - 0x00007ffd65aa2000 	C:\Windows\system32\MSCTF.dll
0x00007ffd60490000 - 0x00007ffd6070b000 	C:\Windows\WinSxS\amd64_microsoft.windows.common-controls_6595b64144ccf1df_6.0.9600.18006_none_623f33d3ecbe86e8\COMCTL32.dll
0x000000006d910000 - 0x000000006d9e2000 	C:\Program Files\Java\jdk1.8.0_25\jre\bin\msvcr100.dll
0x000000006df10000 - 0x000000006e76a000 	C:\Program Files\Java\jdk1.8.0_25\jre\bin\server\jvm.dll
0x00007ffd5a5f0000 - 0x00007ffd5a5f9000 	C:\Windows\SYSTEM32\WSOCK32.dll
0x00007ffd5f3f0000 - 0x00007ffd5f412000 	C:\Windows\SYSTEM32\WINMM.dll
0x00007ffd64ff0000 - 0x00007ffd64ff7000 	C:\Windows\system32\PSAPI.DLL
0x00007ffd65830000 - 0x00007ffd6588a000 	C:\Windows\system32\WS2_32.dll
0x00007ffd5f3c0000 - 0x00007ffd5f3ea000 	C:\Windows\SYSTEM32\WINMMBASE.dll
0x00007ffd652d0000 - 0x00007ffd652d9000 	C:\Windows\system32\NSI.dll
0x00007ffd62d90000 - 0x00007ffd62ddf000 	C:\Windows\SYSTEM32\cfgmgr32.dll
0x00007ffd61a60000 - 0x00007ffd61a88000 	C:\Windows\SYSTEM32\DEVOBJ.dll
0x000000006df00000 - 0x000000006df0f000 	C:\Program Files\Java\jdk1.8.0_25\jre\bin\verify.dll
0x000000006ded0000 - 0x000000006def8000 	C:\Program Files\Java\jdk1.8.0_25\jre\bin\java.dll
0x000000006deb0000 - 0x000000006dec6000 	C:\Program Files\Java\jdk1.8.0_25\jre\bin\zip.dll

VM Arguments:
jvm_args: -Djava.awt.headless=true -Xmx1024M -Dfile.encoding=windows-1252 -Duser.country=US -Duser.language=en -Duser.variant 
java_command: com.android.dx.command.Main --dex --force-jumbo --num-threads=4 --multi-dex --output E:\android\HeRoes2\app\build\intermediates\transforms\dex\debug\folders\1000\10\jackson-core-2.2.2_3307878b5362c6caec0de40d5e920a2a43a6d312 C:\Users\pc\.gradle\caches\modules-2\files-2.1\com.fasterxml.jackson.core\jackson-core\2.2.2\d20be6a5ddd6f8cfd36ebf6dea329873a1c41f1b\jackson-core-2.2.2.jar
java_class_path (initial): C:\Users\pc\AppData\Local\Android\sdk\build-tools\23.0.1\lib\dx.jar
Launcher Type: SUN_STANDARD

Environment Variables:
PATH=C:\oraclexe\app\oracle\product\11.2.0\server\bin;C:\ProgramData\Oracle\Java\javapath;C:\Windows\system32;C:\Windows;C:\Windows\System32\Wbem;C:\Windows\System32\WindowsPowerShell\v1.0\;C:\Program Files (x86)\ATI Technologies\ATI.ACE\Core-Static;C:\Program Files (x86)\MySQL\MySQL Server 5.0\bin;C:\Program Files (x86)\Windows Kits\8.1\Windows Performance Toolkit\;C:\Program Files\Microsoft SQL Server\110\Tools\Binn\;C:\Program Files (x86)\Skype\Phone\;C:\Program Files (x86)\OpenVPN\bin
USERNAME=pc
OS=Windows_NT
PROCESSOR_IDENTIFIER=Intel64 Family 6 Model 60 Stepping 3, GenuineIntel



---------------  S Y S T E M  ---------------

OS: Windows 8.1 , 64 bit Build 9600 

CPU:total 4 (2 cores per cpu, 2 threads per core) family 6 model 60 stepping 3, cmov, cx8, fxsr, mmx, sse, sse2, sse3, ssse3, sse4.1, sse4.2, popcnt, avx, avx2, aes, clmul, erms, lzcnt, ht, tsc, tscinvbit, bmi1, bmi2

Memory: 4k page, physical 6169708k(1008152k free), swap 9315436k(5104k free)

vm_info: Java HotSpot(TM) 64-Bit Server VM (25.25-b02) for windows-amd64 JRE (1.8.0_25-b18), built on Oct  7 2014 14:25:37 by "java_re" with MS VC++ 10.0 (VS2010)

time: Sat Apr 30 15:17:52 2016
elapsed time: 1 seconds (0d 0h 0m 1s)

