#
# There is insufficient memory for the Java Runtime Environment to continue.
# Native memory allocation (malloc) failed to allocate 1628576 bytes for Chunk::new
# Possible reasons:
#   The system is out of physical RAM or swap space
#   In 32 bit mode, the process size limit was hit
# Possible solutions:
#   Reduce memory load on the system
#   Increase physical memory or swap space
#   Check if swap backing store is full
#   Use 64 bit Java on a 64 bit OS
#   Decrease Java heap size (-Xmx/-Xms)
#   Decrease number of Java threads
#   Decrease Java thread stack sizes (-Xss)
#   Set larger code cache with -XX:ReservedCodeCacheSize=
# This output file may be truncated or incomplete.
#
#  Out of Memory Error (allocation.cpp:390), pid=4104, tid=3460
#
# JRE version: Java(TM) SE Runtime Environment (8.0_25-b18) (build 1.8.0_25-b18)
# Java VM: Java HotSpot(TM) 64-Bit Server VM (25.25-b02 mixed mode windows-amd64 compressed oops)
# Failed to write core dump. Minidumps are not enabled by default on client versions of Windows
#

---------------  T H R E A D  ---------------

Current thread (0x000000001511f800):  JavaThread "C2 CompilerThread0" daemon [_thread_in_native, id=3460, stack(0x0000000016680000,0x0000000016780000)]

Stack: [0x0000000016680000,0x0000000016780000]
Native frames: (J=compiled Java code, j=interpreted, Vv=VM code, C=native code)
V  [jvm.dll+0x31667a]


Current CompileTask:
C2:   2382 1359   !   4       com.android.dx.cf.code.BytecodeArray::parseInstruction (2764 bytes)


---------------  P R O C E S S  ---------------

Java Threads: ( => current thread )
  0x0000000016be9000 JavaThread "pool-2-thread-4" [_thread_in_Java, id=5376, stack(0x0000000017380000,0x0000000017480000)]
  0x0000000016be8000 JavaThread "pool-2-thread-3" [_thread_in_Java, id=9660, stack(0x0000000017280000,0x0000000017380000)]
  0x0000000016bec000 JavaThread "pool-2-thread-2" [_thread_in_Java, id=632, stack(0x0000000017180000,0x0000000017280000)]
  0x0000000016bc1800 JavaThread "pool-3-thread-1" [_thread_blocked, id=8568, stack(0x0000000017080000,0x0000000017180000)]
  0x0000000016bc1000 JavaThread "pool-2-thread-1" [_thread_in_Java, id=9404, stack(0x0000000016f80000,0x0000000017080000)]
  0x000000001517e800 JavaThread "Service Thread" daemon [_thread_blocked, id=7556, stack(0x0000000016d80000,0x0000000016e80000)]
  0x0000000015126000 JavaThread "C1 CompilerThread2" daemon [_thread_blocked, id=6884, stack(0x0000000016880000,0x0000000016980000)]
  0x0000000015124800 JavaThread "C2 CompilerThread1" daemon [_thread_in_native, id=9804, stack(0x0000000016780000,0x0000000016880000)]
=>0x000000001511f800 JavaThread "C2 CompilerThread0" daemon [_thread_in_native, id=3460, stack(0x0000000016680000,0x0000000016780000)]
  0x0000000015118800 JavaThread "Attach Listener" daemon [_thread_blocked, id=8704, stack(0x0000000016580000,0x0000000016680000)]
  0x0000000015117000 JavaThread "Signal Dispatcher" daemon [_thread_blocked, id=9964, stack(0x0000000016480000,0x0000000016580000)]
  0x0000000002a14800 JavaThread "Finalizer" daemon [_thread_blocked, id=4136, stack(0x0000000016370000,0x0000000016470000)]
  0x0000000002a0d800 JavaThread "Reference Handler" daemon [_thread_blocked, id=7944, stack(0x0000000016270000,0x0000000016370000)]
  0x0000000002920800 JavaThread "main" [_thread_in_Java, id=4864, stack(0x0000000002810000,0x0000000002910000)]

Other Threads:
  0x00000000150e6800 VMThread [stack: 0x0000000016170000,0x0000000016270000] [id=4656]
  0x00000000169a6800 WatcherThread [stack: 0x0000000016e80000,0x0000000016f80000] [id=8556]

VM state:not at safepoint (normal execution)

VM Mutex/Monitor currently owned by a thread: None

Heap:
 PSYoungGen      total 28672K, used 20219K [0x00000000eab00000, 0x00000000ecb00000, 0x0000000100000000)
  eden space 24576K, 65% used [0x00000000eab00000,0x00000000ebac0ae0,0x00000000ec300000)
  from space 4096K, 99% used [0x00000000ec300000,0x00000000ec6fe3a8,0x00000000ec700000)
  to   space 4096K, 0% used [0x00000000ec700000,0x00000000ec700000,0x00000000ecb00000)
 ParOldGen       total 65536K, used 1744K [0x00000000c0000000, 0x00000000c4000000, 0x00000000eab00000)
  object space 65536K, 2% used [0x00000000c0000000,0x00000000c01b4118,0x00000000c4000000)
 Metaspace       used 5908K, capacity 6960K, committed 7040K, reserved 1056768K
  class space    used 584K, capacity 616K, committed 640K, reserved 1048576K

Card table byte_map: [0x0000000011df0000,0x0000000012000000] byte_map_base: 0x00000000117f0000

Marking Bits: (ParMarkBitMap*) 0x000000006e6ed490
 Begin Bits: [0x0000000012560000, 0x0000000013560000)
 End Bits:   [0x0000000013560000, 0x0000000014560000)

Polling page: 0x0000000000fb0000

CodeCache: size=245760Kb used=5367Kb max_used=5378Kb free=240392Kb
 bounds [0x0000000002a30000, 0x0000000002f80000, 0x0000000011a30000]
 total_blobs=1630 nmethods=1366 adapters=178
 compilation: enabled

Compilation events (10 events):
Event: 2.264 Thread 0x000000001511f800 nmethod 1343 0x0000000002f71a50 code [0x0000000002f71c40, 0x0000000002f730b8]
Event: 2.264 Thread 0x000000001511f800 1362       4       com.android.dx.ssa.SsaMethod$2::addToUses (48 bytes)
Event: 2.285 Thread 0x000000001511f800 nmethod 1362 0x0000000002f74450 code [0x0000000002f74600, 0x0000000002f75008]
Event: 2.285 Thread 0x000000001511f800 1341       4       com.android.dx.ssa.back.RegisterAllocator::getDefinitionSpecForSsaReg (22 bytes)
Event: 2.292 Thread 0x000000001511f800 nmethod 1341 0x0000000002f6de10 code [0x0000000002f6df80, 0x0000000002f6e3e8]
Event: 2.292 Thread 0x000000001511f800 1370       4       com.android.dx.rop.code.RegisterSpecList::get (9 bytes)
Event: 2.293 Thread 0x000000001511f800 nmethod 1370 0x0000000002f6e9d0 code [0x0000000002f6eb20, 0x0000000002f6ebf8]
Event: 2.293 Thread 0x000000001511f800 1356       4       com.android.dx.rop.code.RegisterSpec::make (7 bytes)
Event: 2.293 Thread 0x000000001511f800 nmethod 1356 0x0000000002e79d10 code [0x0000000002e79e60, 0x0000000002e79ec8]
Event: 2.293 Thread 0x000000001511f800 1359   !   4       com.android.dx.cf.code.BytecodeArray::parseInstruction (2764 bytes)

GC Heap History (2 events):
Event: 1.975 GC heap before
{Heap before GC invocations=1 (full 0):
 PSYoungGen      total 28672K, used 24576K [0x00000000eab00000, 0x00000000ecb00000, 0x0000000100000000)
  eden space 24576K, 100% used [0x00000000eab00000,0x00000000ec300000,0x00000000ec300000)
  from space 4096K, 0% used [0x00000000ec700000,0x00000000ec700000,0x00000000ecb00000)
  to   space 4096K, 0% used [0x00000000ec300000,0x00000000ec300000,0x00000000ec700000)
 ParOldGen       total 65536K, used 0K [0x00000000c0000000, 0x00000000c4000000, 0x00000000eab00000)
  object space 65536K, 0% used [0x00000000c0000000,0x00000000c0000000,0x00000000c4000000)
 Metaspace       used 5742K, capacity 6832K, committed 7040K, reserved 1056768K
  class space    used 579K, capacity 616K, committed 640K, reserved 1048576K
Event: 2.059 GC heap after
Heap after GC invocations=1 (full 0):
 PSYoungGen      total 28672K, used 4088K [0x00000000eab00000, 0x00000000ecb00000, 0x0000000100000000)
  eden space 24576K, 0% used [0x00000000eab00000,0x00000000eab00000,0x00000000ec300000)
  from space 4096K, 99% used [0x00000000ec300000,0x00000000ec6fe3a8,0x00000000ec700000)
  to   space 4096K, 0% used [0x00000000ec700000,0x00000000ec700000,0x00000000ecb00000)
 ParOldGen       total 65536K, used 1744K [0x00000000c0000000, 0x00000000c4000000, 0x00000000eab00000)
  object space 65536K, 2% used [0x00000000c0000000,0x00000000c01b4118,0x00000000c4000000)
 Metaspace       used 5742K, capacity 6832K, committed 7040K, reserved 1056768K
  class space    used 579K, capacity 616K, committed 640K, reserved 1048576K
}

Deoptimization events (2 events):
Event: 1.945 Thread 0x0000000002920800 Uncommon trap: reason=null_check action=make_not_entrant pc=0x0000000002d394c4 method=com.android.dx.ssa.SsaRenamer.getLocalForNewReg(I)Lcom/android/dx/rop/code/LocalItem; @ 19
Event: 1.945 Thread 0x0000000002920800 Uncommon trap: reason=null_check action=make_not_entrant pc=0x0000000002d7a234 method=com.android.dx.ssa.SsaRenamer.getLocalForNewReg(I)Lcom/android/dx/rop/code/LocalItem; @ 19

Internal exceptions (10 events):
Event: 1.684 Thread 0x0000000002920800 Exception <a 'java/security/PrivilegedActionException'> (0x00000000ebb33b50) thrown at [D:\re\workspace\8-2-build-windows-amd64-cygwin\jdk8u25\1677\hotspot\src\share\vm\prims\jvm.cpp, line 1312]
Event: 1.945 Thread 0x0000000002920800 Implicit null exception at 0x0000000002d3702a to 0x0000000002d3949d
Event: 1.945 Thread 0x0000000002920800 Implicit null exception at 0x0000000002d779bc to 0x0000000002d7a211
Event: 1.965 Thread 0x0000000002920800 Exception <a 'java/security/PrivilegedActionException'> (0x00000000ec1b71f0) thrown at [D:\re\workspace\8-2-build-windows-amd64-cygwin\jdk8u25\1677\hotspot\src\share\vm\prims\jvm.cpp, line 1312]
Event: 2.104 Thread 0x0000000016bc1000 Exception <a 'java/security/PrivilegedActionException'> (0x00000000eacb1380) thrown at [D:\re\workspace\8-2-build-windows-amd64-cygwin\jdk8u25\1677\hotspot\src\share\vm\prims\jvm.cpp, line 1312]
Event: 2.224 Thread 0x0000000002920800 Exception <a 'java/security/PrivilegedActionException'> (0x00000000eb8c1c48) thrown at [D:\re\workspace\8-2-build-windows-amd64-cygwin\jdk8u25\1677\hotspot\src\share\vm\prims\jvm.cpp, line 1312]
Event: 2.225 Thread 0x0000000002920800 Exception <a 'java/security/PrivilegedActionException'> (0x00000000eb8c4560) thrown at [D:\re\workspace\8-2-build-windows-amd64-cygwin\jdk8u25\1677\hotspot\src\share\vm\prims\jvm.cpp, line 1312]
Event: 2.234 Thread 0x0000000002920800 Exception <a 'java/security/PrivilegedActionException'> (0x00000000eb975c98) thrown at [D:\re\workspace\8-2-build-windows-amd64-cygwin\jdk8u25\1677\hotspot\src\share\vm\prims\jvm.cpp, line 1312]
Event: 2.234 Thread 0x0000000002920800 Exception <a 'java/security/PrivilegedActionException'> (0x00000000eb97b9c8) thrown at [D:\re\workspace\8-2-build-windows-amd64-cygwin\jdk8u25\1677\hotspot\src\share\vm\prims\jvm.cpp, line 1312]
Event: 2.235 Thread 0x0000000002920800 Exception <a 'java/security/PrivilegedActionException'> (0x00000000eb981460) thrown at [D:\re\workspace\8-2-build-windows-amd64-cygwin\jdk8u25\1677\hotspot\src\share\vm\prims\jvm.cpp, line 1312]

Events (10 events):
Event: 2.223 loading class com/android/dx/cf/attrib/AttRuntimeInvisibleParameterAnnotations
Event: 2.223 loading class com/android/dx/cf/attrib/AttRuntimeInvisibleParameterAnnotations done
Event: 2.225 loading class com/android/dx/cf/attrib/BaseParameterAnnotations
Event: 2.225 loading class com/android/dx/cf/attrib/BaseParameterAnnotations done
Event: 2.234 loading class com/android/dx/dex/file/ParameterAnnotationStruct
Event: 2.234 loading class com/android/dx/dex/file/ParameterAnnotationStruct done
Event: 2.234 loading class com/android/dx/dex/file/UniformListItem
Event: 2.234 loading class com/android/dx/dex/file/UniformListItem done
Event: 2.235 loading class com/android/dx/dex/file/AnnotationSetRefItem
Event: 2.235 loading class com/android/dx/dex/file/AnnotationSetRefItem done


Dynamic libraries:
0x00007ff620b00000 - 0x00007ff620b34000 	C:\Program Files\Java\jdk1.8.0_25\bin\java.exe
0x00007ffd65b10000 - 0x00007ffd65cbd000 	C:\Windows\SYSTEM32\ntdll.dll
0x00007ffd656f0000 - 0x00007ffd6582e000 	C:\Windows\system32\KERNEL32.DLL
0x00007ffd62fc0000 - 0x00007ffd630d5000 	C:\Windows\system32\KERNELBASE.dll
0x00007ffd61800000 - 0x00007ffd6188e000 	C:\Windows\system32\apphelp.dll
0x00007ffd55320000 - 0x00007ffd55373000 	C:\Windows\AppPatch\AppPatch64\AcGenral.DLL
0x00007ffd65000000 - 0x00007ffd650aa000 	C:\Windows\system32\msvcrt.dll
0x00007ffd62af0000 - 0x00007ffd62b1e000 	C:\Windows\SYSTEM32\SspiCli.dll
0x00007ffd65ab0000 - 0x00007ffd65b04000 	C:\Windows\system32\SHLWAPI.dll
0x00007ffd636c0000 - 0x00007ffd63837000 	C:\Windows\system32\USER32.dll
0x00007ffd65340000 - 0x00007ffd654d4000 	C:\Windows\system32\ole32.dll
0x00007ffd63900000 - 0x00007ffd64e2a000 	C:\Windows\system32\SHELL32.dll
0x00007ffd62200000 - 0x00007ffd62221000 	C:\Windows\SYSTEM32\USERENV.dll
0x00007ffd63610000 - 0x00007ffd636ba000 	C:\Windows\system32\ADVAPI32.dll
0x00007ffd59220000 - 0x00007ffd5923e000 	C:\Windows\SYSTEM32\MPR.dll
0x00007ffd655a0000 - 0x00007ffd656e1000 	C:\Windows\system32\RPCRT4.dll
0x00007ffd64f80000 - 0x00007ffd64fd9000 	C:\Windows\SYSTEM32\sechost.dll
0x00007ffd650b0000 - 0x00007ffd652c1000 	C:\Windows\SYSTEM32\combase.dll
0x00007ffd64e30000 - 0x00007ffd64f80000 	C:\Windows\system32\GDI32.dll
0x00007ffd62c60000 - 0x00007ffd62c75000 	C:\Windows\SYSTEM32\profapi.dll
0x00007ffd60ac0000 - 0x00007ffd60b72000 	C:\Windows\SYSTEM32\SHCORE.dll
0x00007ffd65900000 - 0x00007ffd65936000 	C:\Windows\system32\IMM32.DLL
0x00007ffd65950000 - 0x00007ffd65aa2000 	C:\Windows\system32\MSCTF.dll
0x00007ffd60490000 - 0x00007ffd6070b000 	C:\Windows\WinSxS\amd64_microsoft.windows.common-controls_6595b64144ccf1df_6.0.9600.18006_none_623f33d3ecbe86e8\COMCTL32.dll
0x000000006d910000 - 0x000000006d9e2000 	C:\Program Files\Java\jdk1.8.0_25\jre\bin\msvcr100.dll
0x000000006df10000 - 0x000000006e76a000 	C:\Program Files\Java\jdk1.8.0_25\jre\bin\server\jvm.dll
0x00007ffd5a5f0000 - 0x00007ffd5a5f9000 	C:\Windows\SYSTEM32\WSOCK32.dll
0x00007ffd5f3f0000 - 0x00007ffd5f412000 	C:\Windows\SYSTEM32\WINMM.dll
0x00007ffd64ff0000 - 0x00007ffd64ff7000 	C:\Windows\system32\PSAPI.DLL
0x00007ffd65830000 - 0x00007ffd6588a000 	C:\Windows\system32\WS2_32.dll
0x00007ffd5f3c0000 - 0x00007ffd5f3ea000 	C:\Windows\SYSTEM32\WINMMBASE.dll
0x00007ffd652d0000 - 0x00007ffd652d9000 	C:\Windows\system32\NSI.dll
0x00007ffd62d90000 - 0x00007ffd62ddf000 	C:\Windows\SYSTEM32\cfgmgr32.dll
0x00007ffd61a60000 - 0x00007ffd61a88000 	C:\Windows\SYSTEM32\DEVOBJ.dll
0x000000006df00000 - 0x000000006df0f000 	C:\Program Files\Java\jdk1.8.0_25\jre\bin\verify.dll
0x000000006ded0000 - 0x000000006def8000 	C:\Program Files\Java\jdk1.8.0_25\jre\bin\java.dll
0x000000006deb0000 - 0x000000006dec6000 	C:\Program Files\Java\jdk1.8.0_25\jre\bin\zip.dll
0x00007ffd5a9b0000 - 0x00007ffd5ab39000 	C:\Windows\SYSTEM32\dbghelp.dll

VM Arguments:
jvm_args: -Djava.awt.headless=true -Xmx1024M -Dfile.encoding=windows-1252 -Duser.country=US -Duser.language=en -Duser.variant 
java_command: com.android.dx.command.Main --dex --force-jumbo --num-threads=4 --multi-dex --output E:\android\HeRoes2\app\build\intermediates\transforms\dex\debug\folders\1000\10\firebase-client-jvm-2.5.2_ef39c449446a93e63f38ed58b2d753041ac6e920 C:\Users\pc\.gradle\caches\modules-2\files-2.1\com.firebase\firebase-client-jvm\2.5.2\91731b8f5868a3e8a8a773f29b8d06b5c358f5bb\firebase-client-jvm-2.5.2.jar
java_class_path (initial): C:\Users\pc\AppData\Local\Android\sdk\build-tools\23.0.1\lib\dx.jar
Launcher Type: SUN_STANDARD

Environment Variables:
PATH=C:\oraclexe\app\oracle\product\11.2.0\server\bin;C:\ProgramData\Oracle\Java\javapath;C:\Windows\system32;C:\Windows;C:\Windows\System32\Wbem;C:\Windows\System32\WindowsPowerShell\v1.0\;C:\Program Files (x86)\ATI Technologies\ATI.ACE\Core-Static;C:\Program Files (x86)\MySQL\MySQL Server 5.0\bin;C:\Program Files (x86)\Windows Kits\8.1\Windows Performance Toolkit\;C:\Program Files\Microsoft SQL Server\110\Tools\Binn\;C:\Program Files (x86)\Skype\Phone\;C:\Program Files (x86)\OpenVPN\bin
USERNAME=pc
OS=Windows_NT
PROCESSOR_IDENTIFIER=Intel64 Family 6 Model 60 Stepping 3, GenuineIntel



---------------  S Y S T E M  ---------------

OS: Windows 8.1 , 64 bit Build 9600 

CPU:total 4 (2 cores per cpu, 2 threads per core) family 6 model 60 stepping 3, cmov, cx8, fxsr, mmx, sse, sse2, sse3, ssse3, sse4.1, sse4.2, popcnt, avx, avx2, aes, clmul, erms, lzcnt, ht, tsc, tscinvbit, bmi1, bmi2

Memory: 4k page, physical 6169708k(1101192k free), swap 9315436k(5088k free)

vm_info: Java HotSpot(TM) 64-Bit Server VM (25.25-b02) for windows-amd64 JRE (1.8.0_25-b18), built on Oct  7 2014 14:25:37 by "java_re" with MS VC++ 10.0 (VS2010)

time: Sat Apr 30 15:23:04 2016
elapsed time: 2 seconds (0d 0h 0m 2s)

