#
# There is insufficient memory for the Java Runtime Environment to continue.
# Native memory allocation (malloc) failed to allocate 53536 bytes for Chunk::new
# Possible reasons:
#   The system is out of physical RAM or swap space
#   In 32 bit mode, the process size limit was hit
# Possible solutions:
#   Reduce memory load on the system
#   Increase physical memory or swap space
#   Check if swap backing store is full
#   Use 64 bit Java on a 64 bit OS
#   Decrease Java heap size (-Xmx/-Xms)
#   Decrease number of Java threads
#   Decrease Java thread stack sizes (-Xss)
#   Set larger code cache with -XX:ReservedCodeCacheSize=
# This output file may be truncated or incomplete.
#
#  Out of Memory Error (allocation.cpp:390), pid=9072, tid=6860
#
# JRE version: Java(TM) SE Runtime Environment (8.0_25-b18) (build 1.8.0_25-b18)
# Java VM: Java HotSpot(TM) 64-Bit Server VM (25.25-b02 mixed mode windows-amd64 compressed oops)
# Failed to write core dump. Minidumps are not enabled by default on client versions of Windows
#

---------------  T H R E A D  ---------------

Current thread (0x0000000014da8000):  JavaThread "C2 CompilerThread0" daemon [_thread_in_native, id=6860, stack(0x0000000016300000,0x0000000016400000)]

Stack: [0x0000000016300000,0x0000000016400000]
Native frames: (J=compiled Java code, j=interpreted, Vv=VM code, C=native code)
V  [jvm.dll+0x31667a]


Current CompileTask:
C2:   2132  309       4       java.lang.String::replace (127 bytes)


---------------  P R O C E S S  ---------------

Java Threads: ( => current thread )
  0x0000000016959000 JavaThread "pool-2-thread-4" [_thread_blocked, id=7488, stack(0x0000000017000000,0x0000000017100000)]
  0x0000000016958000 JavaThread "pool-2-thread-3" [_thread_in_vm, id=9600, stack(0x0000000016f00000,0x0000000017000000)]
  0x0000000016955000 JavaThread "pool-2-thread-2" [_thread_blocked, id=3080, stack(0x0000000016e00000,0x0000000016f00000)]
  0x0000000016953000 JavaThread "pool-3-thread-1" [_thread_blocked, id=7104, stack(0x0000000016d00000,0x0000000016e00000)]
  0x0000000016950800 JavaThread "pool-2-thread-1" [_thread_blocked, id=2668, stack(0x0000000016c00000,0x0000000016d00000)]
  0x0000000014dfb800 JavaThread "Service Thread" daemon [_thread_blocked, id=7292, stack(0x0000000016600000,0x0000000016700000)]
  0x0000000014df3800 JavaThread "C1 CompilerThread2" daemon [_thread_blocked, id=8940, stack(0x0000000016500000,0x0000000016600000)]
  0x0000000014ded800 JavaThread "C2 CompilerThread1" daemon [_thread_blocked, id=8324, stack(0x0000000016400000,0x0000000016500000)]
=>0x0000000014da8000 JavaThread "C2 CompilerThread0" daemon [_thread_in_native, id=6860, stack(0x0000000016300000,0x0000000016400000)]
  0x0000000014da6800 JavaThread "Attach Listener" daemon [_thread_blocked, id=4840, stack(0x0000000016200000,0x0000000016300000)]
  0x0000000014da5000 JavaThread "Signal Dispatcher" daemon [_thread_blocked, id=5600, stack(0x0000000016100000,0x0000000016200000)]
  0x00000000026c6000 JavaThread "Finalizer" daemon [_thread_blocked, id=9676, stack(0x0000000016000000,0x0000000016100000)]
  0x00000000026bd000 JavaThread "Reference Handler" daemon [_thread_blocked, id=6400, stack(0x0000000015f00000,0x0000000016000000)]
  0x00000000025d0800 JavaThread "main" [_thread_blocked, id=624, stack(0x0000000002400000,0x0000000002500000)]

Other Threads:
  0x0000000014d65800 VMThread [stack: 0x0000000015e00000,0x0000000015f00000] [id=3168]
  0x0000000014dfe000 WatcherThread [stack: 0x0000000016700000,0x0000000016800000] [id=7532]

VM state:not at safepoint (normal execution)

VM Mutex/Monitor currently owned by a thread:  ([mutex/lock_event])
[0x00000000025cb9b0] CodeCache_lock - owner thread: 0x0000000000000000

Heap:
 PSYoungGen      total 28672K, used 8850K [0x00000000eab00000, 0x00000000ecb00000, 0x0000000100000000)
  eden space 24576K, 36% used [0x00000000eab00000,0x00000000eb3a4858,0x00000000ec300000)
  from space 4096K, 0% used [0x00000000ec700000,0x00000000ec700000,0x00000000ecb00000)
  to   space 4096K, 0% used [0x00000000ec300000,0x00000000ec300000,0x00000000ec700000)
 ParOldGen       total 65536K, used 0K [0x00000000c0000000, 0x00000000c4000000, 0x00000000eab00000)
  object space 65536K, 0% used [0x00000000c0000000,0x00000000c0000000,0x00000000c4000000)
 Metaspace       used 4640K, capacity 5872K, committed 6016K, reserved 1056768K
  class space    used 511K, capacity 552K, committed 640K, reserved 1048576K

Card table byte_map: [0x0000000011a90000,0x0000000011ca0000] byte_map_base: 0x0000000011490000

Marking Bits: (ParMarkBitMap*) 0x000000006e6ed490
 Begin Bits: [0x0000000012200000, 0x0000000013200000)
 End Bits:   [0x0000000013200000, 0x0000000014200000)

Polling page: 0x0000000000bb0000

CodeCache: size=245760Kb used=1759Kb max_used=1759Kb free=244000Kb
 bounds [0x00000000026d0000, 0x0000000002940000, 0x00000000116d0000]
 total_blobs=571 nmethods=312 adapters=173
 compilation: enabled

Compilation events (10 events):
Event: 2.126 Thread 0x0000000014df3800 nmethod 303 0x00000000028853d0 code [0x0000000002885560, 0x00000000028858f8]
Event: 2.126 Thread 0x0000000014df3800  304       3       java.util.zip.ZipFile::access$1200 (5 bytes)
Event: 2.126 Thread 0x0000000014df3800 nmethod 304 0x0000000002885b10 code [0x0000000002885c80, 0x0000000002885de8]
Event: 2.126 Thread 0x0000000014df3800  305       3       java.net.URL::toString (5 bytes)
Event: 2.126 Thread 0x0000000014df3800 nmethod 305 0x0000000002885e90 code [0x0000000002886000, 0x00000000028862e8]
Event: 2.126 Thread 0x0000000014df3800  306       3       java.net.URL::toExternalForm (9 bytes)
Event: 2.127 Thread 0x0000000014df3800 nmethod 306 0x00000000028863d0 code [0x0000000002886540, 0x0000000002886768]
Event: 2.128 Thread 0x0000000014df3800  307       3       java.lang.Thread::interrupted (8 bytes)
Event: 2.128 Thread 0x0000000014df3800 nmethod 307 0x0000000002886b90 code [0x0000000002886d00, 0x0000000002886e88]
Event: 2.128 Thread 0x0000000014da8000  309       4       java.lang.String::replace (127 bytes)

GC Heap History (0 events):
No events

Deoptimization events (0 events):
No events

Internal exceptions (10 events):
Event: 2.125 Thread 0x0000000016958000 Exception <a 'java/security/PrivilegedActionException'> (0x00000000eaff6e50) thrown at [D:\re\workspace\8-2-build-windows-amd64-cygwin\jdk8u25\1677\hotspot\src\share\vm\prims\jvm.cpp, line 1312]
Event: 2.126 Thread 0x00000000025d0800 Exception <a 'java/security/PrivilegedActionException'> (0x00000000eb29de20) thrown at [D:\re\workspace\8-2-build-windows-amd64-cygwin\jdk8u25\1677\hotspot\src\share\vm\prims\jvm.cpp, line 1312]
Event: 2.126 Thread 0x00000000025d0800 Exception <a 'java/security/PrivilegedActionException'> (0x00000000eb2a08e0) thrown at [D:\re\workspace\8-2-build-windows-amd64-cygwin\jdk8u25\1677\hotspot\src\share\vm\prims\jvm.cpp, line 1312]
Event: 2.127 Thread 0x00000000025d0800 Exception <a 'java/security/PrivilegedActionException'> (0x00000000eb2a6270) thrown at [D:\re\workspace\8-2-build-windows-amd64-cygwin\jdk8u25\1677\hotspot\src\share\vm\prims\jvm.cpp, line 1312]
Event: 2.127 Thread 0x00000000025d0800 Exception <a 'java/security/PrivilegedActionException'> (0x00000000eb2a8a10) thrown at [D:\re\workspace\8-2-build-windows-amd64-cygwin\jdk8u25\1677\hotspot\src\share\vm\prims\jvm.cpp, line 1312]
Event: 2.128 Thread 0x0000000016959000 Exception <a 'java/security/PrivilegedActionException'> (0x00000000eb08f350) thrown at [D:\re\workspace\8-2-build-windows-amd64-cygwin\jdk8u25\1677\hotspot\src\share\vm\prims\jvm.cpp, line 1312]
Event: 2.128 Thread 0x0000000016959000 Exception <a 'java/security/PrivilegedActionException'> (0x00000000eb092180) thrown at [D:\re\workspace\8-2-build-windows-amd64-cygwin\jdk8u25\1677\hotspot\src\share\vm\prims\jvm.cpp, line 1312]
Event: 2.128 Thread 0x0000000016959000 Exception <a 'java/security/PrivilegedActionException'> (0x00000000eb094e98) thrown at [D:\re\workspace\8-2-build-windows-amd64-cygwin\jdk8u25\1677\hotspot\src\share\vm\prims\jvm.cpp, line 1312]
Event: 2.129 Thread 0x0000000016959000 Exception <a 'java/security/PrivilegedActionException'> (0x00000000eb09d8e0) thrown at [D:\re\workspace\8-2-build-windows-amd64-cygwin\jdk8u25\1677\hotspot\src\share\vm\prims\jvm.cpp, line 1312]
Event: 2.130 Thread 0x0000000016959000 Exception <a 'java/security/PrivilegedActionException'> (0x00000000eb09fa60) thrown at [D:\re\workspace\8-2-build-windows-amd64-cygwin\jdk8u25\1677\hotspot\src\share\vm\prims\jvm.cpp, line 1312]

Events (10 events):
Event: 2.128 loading class com/android/dx/ssa/RegisterMapper
Event: 2.128 loading class com/android/dx/ssa/RegisterMapper done
Event: 2.128 loading class com/android/dx/ssa/SsaRenamer$BlockRenamer$RenamingMapper
Event: 2.128 loading class com/android/dx/ssa/SsaRenamer$BlockRenamer$RenamingMapper done
Event: 2.128 loading class com/android/dx/ssa/PhiInsn
Event: 2.128 loading class com/android/dx/ssa/PhiInsn done
Event: 2.129 loading class com/android/dx/ssa/PhiInsn$Visitor
Event: 2.129 loading class com/android/dx/ssa/PhiInsn$Visitor done
Event: 2.130 loading class com/android/dx/ssa/SsaRenamer$BlockRenamer$1
Event: 2.130 loading class com/android/dx/ssa/SsaRenamer$BlockRenamer$1 done


Dynamic libraries:
0x00007ff620b00000 - 0x00007ff620b34000 	C:\Program Files\Java\jdk1.8.0_25\bin\java.exe
0x00007ffd65b10000 - 0x00007ffd65cbd000 	C:\Windows\SYSTEM32\ntdll.dll
0x00007ffd656f0000 - 0x00007ffd6582e000 	C:\Windows\system32\KERNEL32.DLL
0x00007ffd62fc0000 - 0x00007ffd630d5000 	C:\Windows\system32\KERNELBASE.dll
0x00007ffd61800000 - 0x00007ffd6188e000 	C:\Windows\system32\apphelp.dll
0x00007ffd55320000 - 0x00007ffd55373000 	C:\Windows\AppPatch\AppPatch64\AcGenral.DLL
0x00007ffd65000000 - 0x00007ffd650aa000 	C:\Windows\system32\msvcrt.dll
0x00007ffd62af0000 - 0x00007ffd62b1e000 	C:\Windows\SYSTEM32\SspiCli.dll
0x00007ffd65ab0000 - 0x00007ffd65b04000 	C:\Windows\system32\SHLWAPI.dll
0x00007ffd636c0000 - 0x00007ffd63837000 	C:\Windows\system32\USER32.dll
0x00007ffd65340000 - 0x00007ffd654d4000 	C:\Windows\system32\ole32.dll
0x00007ffd63900000 - 0x00007ffd64e2a000 	C:\Windows\system32\SHELL32.dll
0x00007ffd62200000 - 0x00007ffd62221000 	C:\Windows\SYSTEM32\USERENV.dll
0x00007ffd63610000 - 0x00007ffd636ba000 	C:\Windows\system32\ADVAPI32.dll
0x00007ffd59220000 - 0x00007ffd5923e000 	C:\Windows\SYSTEM32\MPR.dll
0x00007ffd655a0000 - 0x00007ffd656e1000 	C:\Windows\system32\RPCRT4.dll
0x00007ffd64f80000 - 0x00007ffd64fd9000 	C:\Windows\SYSTEM32\sechost.dll
0x00007ffd650b0000 - 0x00007ffd652c1000 	C:\Windows\SYSTEM32\combase.dll
0x00007ffd64e30000 - 0x00007ffd64f80000 	C:\Windows\system32\GDI32.dll
0x00007ffd62c60000 - 0x00007ffd62c75000 	C:\Windows\SYSTEM32\profapi.dll
0x00007ffd60ac0000 - 0x00007ffd60b72000 	C:\Windows\SYSTEM32\SHCORE.dll
0x00007ffd65900000 - 0x00007ffd65936000 	C:\Windows\system32\IMM32.DLL
0x00007ffd65950000 - 0x00007ffd65aa2000 	C:\Windows\system32\MSCTF.dll
0x00007ffd60490000 - 0x00007ffd6070b000 	C:\Windows\WinSxS\amd64_microsoft.windows.common-controls_6595b64144ccf1df_6.0.9600.18006_none_623f33d3ecbe86e8\COMCTL32.dll
0x000000006d910000 - 0x000000006d9e2000 	C:\Program Files\Java\jdk1.8.0_25\jre\bin\msvcr100.dll
0x000000006df10000 - 0x000000006e76a000 	C:\Program Files\Java\jdk1.8.0_25\jre\bin\server\jvm.dll
0x00007ffd5a5f0000 - 0x00007ffd5a5f9000 	C:\Windows\SYSTEM32\WSOCK32.dll
0x00007ffd5f3f0000 - 0x00007ffd5f412000 	C:\Windows\SYSTEM32\WINMM.dll
0x00007ffd64ff0000 - 0x00007ffd64ff7000 	C:\Windows\system32\PSAPI.DLL
0x00007ffd65830000 - 0x00007ffd6588a000 	C:\Windows\system32\WS2_32.dll
0x00007ffd5f3c0000 - 0x00007ffd5f3ea000 	C:\Windows\SYSTEM32\WINMMBASE.dll
0x00007ffd652d0000 - 0x00007ffd652d9000 	C:\Windows\system32\NSI.dll
0x00007ffd62d90000 - 0x00007ffd62ddf000 	C:\Windows\SYSTEM32\cfgmgr32.dll
0x00007ffd61a60000 - 0x00007ffd61a88000 	C:\Windows\SYSTEM32\DEVOBJ.dll
0x000000006df00000 - 0x000000006df0f000 	C:\Program Files\Java\jdk1.8.0_25\jre\bin\verify.dll
0x000000006ded0000 - 0x000000006def8000 	C:\Program Files\Java\jdk1.8.0_25\jre\bin\java.dll
0x000000006deb0000 - 0x000000006dec6000 	C:\Program Files\Java\jdk1.8.0_25\jre\bin\zip.dll

VM Arguments:
jvm_args: -Djava.awt.headless=true -Xmx1024M -Dfile.encoding=windows-1252 -Duser.country=US -Duser.language=en -Duser.variant 
java_command: com.android.dx.command.Main --dex --force-jumbo --num-threads=4 --multi-dex --output E:\android\HeRoes2\app\build\intermediates\transforms\dex\debug\folders\1000\10\tubesock-0.0.12_aa86a8b1097427ef2968b589c178ab5685da979f C:\Users\pc\.gradle\caches\modules-2\files-2.1\com.firebase\tubesock\0.0.12\6ec0bbd3e161a73ed672284b587fd32309a86d7a\tubesock-0.0.12.jar
java_class_path (initial): C:\Users\pc\AppData\Local\Android\sdk\build-tools\23.0.1\lib\dx.jar
Launcher Type: SUN_STANDARD

Environment Variables:
PATH=C:\oraclexe\app\oracle\product\11.2.0\server\bin;C:\ProgramData\Oracle\Java\javapath;C:\Windows\system32;C:\Windows;C:\Windows\System32\Wbem;C:\Windows\System32\WindowsPowerShell\v1.0\;C:\Program Files (x86)\ATI Technologies\ATI.ACE\Core-Static;C:\Program Files (x86)\MySQL\MySQL Server 5.0\bin;C:\Program Files (x86)\Windows Kits\8.1\Windows Performance Toolkit\;C:\Program Files\Microsoft SQL Server\110\Tools\Binn\;C:\Program Files (x86)\Skype\Phone\;C:\Program Files (x86)\OpenVPN\bin
USERNAME=pc
OS=Windows_NT
PROCESSOR_IDENTIFIER=Intel64 Family 6 Model 60 Stepping 3, GenuineIntel



---------------  S Y S T E M  ---------------

OS: Windows 8.1 , 64 bit Build 9600 

CPU:total 4 (2 cores per cpu, 2 threads per core) family 6 model 60 stepping 3, cmov, cx8, fxsr, mmx, sse, sse2, sse3, ssse3, sse4.1, sse4.2, popcnt, avx, avx2, aes, clmul, erms, lzcnt, ht, tsc, tscinvbit, bmi1, bmi2

Memory: 4k page, physical 6169708k(1098048k free), swap 9315436k(5044k free)

vm_info: Java HotSpot(TM) 64-Bit Server VM (25.25-b02) for windows-amd64 JRE (1.8.0_25-b18), built on Oct  7 2014 14:25:37 by "java_re" with MS VC++ 10.0 (VS2010)

time: Sat Apr 30 15:23:04 2016
elapsed time: 2 seconds (0d 0h 0m 2s)

