#
# There is insufficient memory for the Java Runtime Environment to continue.
# Native memory allocation (malloc) failed to allocate 2832 bytes for AllocateHeap
# Possible reasons:
#   The system is out of physical RAM or swap space
#   In 32 bit mode, the process size limit was hit
# Possible solutions:
#   Reduce memory load on the system
#   Increase physical memory or swap space
#   Check if swap backing store is full
#   Use 64 bit Java on a 64 bit OS
#   Decrease Java heap size (-Xmx/-Xms)
#   Decrease number of Java threads
#   Decrease Java thread stack sizes (-Xss)
#   Set larger code cache with -XX:ReservedCodeCacheSize=
# This output file may be truncated or incomplete.
#
#  Out of Memory Error (memory/allocation.inline.hpp:62), pid=8296, tid=1368
#
# JRE version: Java(TM) SE Runtime Environment (8.0_25-b18) (build 1.8.0_25-b18)
# Java VM: Java HotSpot(TM) 64-Bit Server VM (25.25-b02 mixed mode windows-amd64 compressed oops)
# Failed to write core dump. Minidumps are not enabled by default on client versions of Windows
#

---------------  T H R E A D  ---------------

Current thread (0x0000000016f2b800):  JavaThread "pool-2-thread-4" [_thread_in_Java, id=1368, stack(0x00000000175e0000,0x00000000176e0000)]

Stack: [0x00000000175e0000,0x00000000176e0000]
Native frames: (J=compiled Java code, j=interpreted, Vv=VM code, C=native code)
V  [jvm.dll+0x31667a]
V  [jvm.dll+0x267073]
V  [jvm.dll+0x267cb3]
V  [jvm.dll+0x25f5b5]
V  [jvm.dll+0x1ec12d]
V  [jvm.dll+0x1ef098]
V  [jvm.dll+0x1ef16d]
C  0x0000000002d074e1

Java frames: (J=compiled Java code, j=interpreted, Vv=VM code)
v  ~DeoptimizationBlob
J 856 C1 com.android.dx.cf.code.Ropper.getAvailableLabel()I (54 bytes) @ 0x000000000302eb7a [0x000000000302e2a0+0x8da]
J 809 C1 com.android.dx.cf.code.Ropper.processBlock(Lcom/android/dx/cf/code/ByteBlock;Lcom/android/dx/cf/code/Frame;[I)V (1101 bytes) @ 0x0000000002ff5aa4 [0x0000000002feff80+0x5b24]
j  com.android.dx.cf.code.Ropper.doit()V+61
j  com.android.dx.cf.code.Ropper.convert(Lcom/android/dx/cf/code/ConcreteMethod;Lcom/android/dx/rop/code/TranslationAdvice;Lcom/android/dx/cf/iface/MethodList;)Lcom/android/dx/rop/code/RopMethod;+12
j  com.android.dx.dex.cf.CfTranslator.processMethods(Lcom/android/dx/cf/direct/DirectClassFile;Lcom/android/dx/dex/cf/CfOptions;Lcom/android/dx/dex/DexOptions;Lcom/android/dx/dex/file/ClassDefItem;Lcom/android/dx/dex/file/DexFile;)V+176
j  com.android.dx.dex.cf.CfTranslator.translate0(Lcom/android/dx/cf/direct/DirectClassFile;[BLcom/android/dx/dex/cf/CfOptions;Lcom/android/dx/dex/DexOptions;Lcom/android/dx/dex/file/DexFile;)Lcom/android/dx/dex/file/ClassDefItem;+120
j  com.android.dx.dex.cf.CfTranslator.translate(Lcom/android/dx/cf/direct/DirectClassFile;[BLcom/android/dx/dex/cf/CfOptions;Lcom/android/dx/dex/DexOptions;Lcom/android/dx/dex/file/DexFile;)Lcom/android/dx/dex/file/ClassDefItem;+6
j  com.android.dx.command.dexer.Main.translateClass([BLcom/android/dx/cf/direct/DirectClassFile;)Lcom/android/dx/dex/file/ClassDefItem;+17
j  com.android.dx.command.dexer.Main.access$2700([BLcom/android/dx/cf/direct/DirectClassFile;)Lcom/android/dx/dex/file/ClassDefItem;+2
j  com.android.dx.command.dexer.Main$ClassTranslatorTask.call()Lcom/android/dx/dex/file/ClassDefItem;+8
j  com.android.dx.command.dexer.Main$ClassTranslatorTask.call()Ljava/lang/Object;+1
j  java.util.concurrent.FutureTask.run()V+42
j  java.util.concurrent.ThreadPoolExecutor.runWorker(Ljava/util/concurrent/ThreadPoolExecutor$Worker;)V+95
j  java.util.concurrent.ThreadPoolExecutor$Worker.run()V+5
j  java.lang.Thread.run()V+11
v  ~StubRoutines::call_stub

---------------  P R O C E S S  ---------------

Java Threads: ( => current thread )
=>0x0000000016f2b800 JavaThread "pool-2-thread-4" [_thread_in_Java, id=1368, stack(0x00000000175e0000,0x00000000176e0000)]
  0x0000000016f28800 JavaThread "pool-2-thread-3" [_thread_in_vm, id=6060, stack(0x00000000174e0000,0x00000000175e0000)]
  0x0000000016e3d000 JavaThread "pool-2-thread-2" [_thread_in_vm, id=5696, stack(0x00000000173e0000,0x00000000174e0000)]
  0x0000000016e1f000 JavaThread "pool-3-thread-1" [_thread_blocked, id=7176, stack(0x00000000172e0000,0x00000000173e0000)]
  0x0000000016e1e000 JavaThread "pool-2-thread-1" [_thread_in_vm, id=5492, stack(0x00000000171e0000,0x00000000172e0000)]
  0x00000000153eb800 JavaThread "Service Thread" daemon [_thread_blocked, id=5064, stack(0x0000000016be0000,0x0000000016ce0000)]
  0x00000000153e4000 JavaThread "C1 CompilerThread2" daemon [_thread_blocked, id=7048, stack(0x0000000016ae0000,0x0000000016be0000)]
  0x000000001538e000 JavaThread "C2 CompilerThread1" daemon [_thread_blocked, id=7768, stack(0x00000000169e0000,0x0000000016ae0000)]
  0x0000000015389000 JavaThread "C2 CompilerThread0" daemon [_thread_blocked, id=6792, stack(0x00000000168e0000,0x00000000169e0000)]
  0x0000000015387800 JavaThread "Attach Listener" daemon [_thread_blocked, id=5168, stack(0x00000000167e0000,0x00000000168e0000)]
  0x0000000015386800 JavaThread "Signal Dispatcher" daemon [_thread_blocked, id=5512, stack(0x00000000166e0000,0x00000000167e0000)]
  0x0000000002cb0800 JavaThread "Finalizer" daemon [_thread_blocked, id=6428, stack(0x00000000165e0000,0x00000000166e0000)]
  0x0000000002cad000 JavaThread "Reference Handler" daemon [_thread_blocked, id=2944, stack(0x00000000164e0000,0x00000000165e0000)]
  0x0000000002bc0800 JavaThread "main" [_thread_blocked, id=4688, stack(0x0000000002ac0000,0x0000000002bc0000)]

Other Threads:
  0x0000000015355800 VMThread [stack: 0x00000000163e0000,0x00000000164e0000] [id=7680]
  0x0000000016ce0800 WatcherThread [stack: 0x00000000170e0000,0x00000000171e0000] [id=10196]

VM state:synchronizing (normal execution)

VM Mutex/Monitor currently owned by a thread:  ([mutex/lock_event])
[0x000000000116c700] Safepoint_lock - owner thread: 0x0000000015355800
[0x000000000116cb00] Threads_lock - owner thread: 0x0000000015355800
[0x000000000116d110] Compile_lock - owner thread: 0x0000000016f28800

Heap:
 PSYoungGen      total 28672K, used 15369K [0x00000000eab00000, 0x00000000ee300000, 0x0000000100000000)
  eden space 24576K, 45% used [0x00000000eab00000,0x00000000eb6053b8,0x00000000ec300000)
  from space 4096K, 99% used [0x00000000ec300000,0x00000000ec6fd2a0,0x00000000ec700000)
  to   space 4096K, 0% used [0x00000000edf00000,0x00000000edf00000,0x00000000ee300000)
 ParOldGen       total 65536K, used 1883K [0x00000000c0000000, 0x00000000c4000000, 0x00000000eab00000)
  object space 65536K, 2% used [0x00000000c0000000,0x00000000c01d6f90,0x00000000c4000000)
 Metaspace       used 5691K, capacity 6832K, committed 7040K, reserved 1056768K
  class space    used 577K, capacity 616K, committed 640K, reserved 1048576K

Card table byte_map: [0x0000000012080000,0x0000000012290000] byte_map_base: 0x0000000011a80000

Marking Bits: (ParMarkBitMap*) 0x000000006e6ed490
 Begin Bits: [0x00000000127f0000, 0x00000000137f0000)
 End Bits:   [0x00000000137f0000, 0x00000000147f0000)

Polling page: 0x0000000002a00000

CodeCache: size=245760Kb used=4279Kb max_used=4292Kb free=241480Kb
 bounds [0x0000000002cc0000, 0x0000000003100000, 0x0000000011cc0000]
 total_blobs=1314 nmethods=1048 adapters=178
 compilation: disabled (not enough contiguous free space left)

Compilation events (10 events):
Event: 5.494 Thread 0x00000000153e4000 1058       3       com.android.dx.cf.code.BaseMachine::popArgs (137 bytes)
Event: 5.495 Thread 0x00000000153e4000 nmethod 1058 0x00000000030e4810 code [0x00000000030e4b60, 0x00000000030e64e8]
Event: 5.497 Thread 0x00000000153e4000 1059       3       com.android.dx.ssa.DeadCodeRemover::pruneDeadInstructions (246 bytes)
Event: 5.499 Thread 0x00000000153e4000 nmethod 1059 0x00000000030e71d0 code [0x00000000030e75c0, 0x00000000030e9e18]
Event: 5.499 Thread 0x00000000153e4000 1062       3       com.android.dx.cf.code.Simulator::requiredArrayTypeFor (61 bytes)
Event: 5.500 Thread 0x00000000153e4000 nmethod 1062 0x00000000030eb650 code [0x00000000030eb840, 0x00000000030ec198]
Event: 5.500 Thread 0x00000000153e4000 1061       3       com.android.dx.rop.code.Rops::opAget (97 bytes)
Event: 5.501 Thread 0x00000000153e4000 nmethod 1061 0x00000000030ec4d0 code [0x00000000030ec700, 0x00000000030ed338]
Event: 5.501 Thread 0x00000000153e4000 1060       3       com.android.dx.rop.code.Rops::opReturn (89 bytes)
Event: 5.501 Thread 0x00000000153e4000 nmethod 1060 0x00000000030ed890 code [0x00000000030edac0, 0x00000000030ee698]

GC Heap History (2 events):
Event: 4.217 GC heap before
{Heap before GC invocations=1 (full 0):
 PSYoungGen      total 28672K, used 24576K [0x00000000eab00000, 0x00000000ecb00000, 0x0000000100000000)
  eden space 24576K, 100% used [0x00000000eab00000,0x00000000ec300000,0x00000000ec300000)
  from space 4096K, 0% used [0x00000000ec700000,0x00000000ec700000,0x00000000ecb00000)
  to   space 4096K, 0% used [0x00000000ec300000,0x00000000ec300000,0x00000000ec700000)
 ParOldGen       total 65536K, used 0K [0x00000000c0000000, 0x00000000c4000000, 0x00000000eab00000)
  object space 65536K, 0% used [0x00000000c0000000,0x00000000c0000000,0x00000000c4000000)
 Metaspace       used 5659K, capacity 6832K, committed 7040K, reserved 1056768K
  class space    used 574K, capacity 616K, committed 640K, reserved 1048576K
Event: 5.490 GC heap after
Heap after GC invocations=1 (full 0):
 PSYoungGen      total 28672K, used 4084K [0x00000000eab00000, 0x00000000ee300000, 0x0000000100000000)
  eden space 24576K, 0% used [0x00000000eab00000,0x00000000eab00000,0x00000000ec300000)
  from space 4096K, 99% used [0x00000000ec300000,0x00000000ec6fd2a0,0x00000000ec700000)
  to   space 4096K, 0% used [0x00000000edf00000,0x00000000edf00000,0x00000000ee300000)
 ParOldGen       total 65536K, used 1883K [0x00000000c0000000, 0x00000000c4000000, 0x00000000eab00000)
  object space 65536K, 2% used [0x00000000c0000000,0x00000000c01d6f90,0x00000000c4000000)
 Metaspace       used 5659K, capacity 6832K, committed 7040K, reserved 1056768K
  class space    used 574K, capacity 616K, committed 640K, reserved 1048576K
}

Deoptimization events (8 events):
Event: 3.794 Thread 0x0000000016f28800 Uncommon trap: reason=class_check action=maybe_recompile pc=0x0000000003028074 method=com.android.dx.ssa.NormalSsaInsn.accept(Lcom/android/dx/ssa/SsaInsn$Visitor;)V @ 9
Event: 3.794 Thread 0x0000000016f28800 Uncommon trap: reason=class_check action=maybe_recompile pc=0x0000000003028074 method=com.android.dx.ssa.NormalSsaInsn.accept(Lcom/android/dx/ssa/SsaInsn$Visitor;)V @ 9
Event: 3.794 Thread 0x0000000016f28800 Uncommon trap: reason=class_check action=maybe_recompile pc=0x0000000003028074 method=com.android.dx.ssa.NormalSsaInsn.accept(Lcom/android/dx/ssa/SsaInsn$Visitor;)V @ 9
Event: 3.795 Thread 0x0000000016f28800 Uncommon trap: reason=class_check action=maybe_recompile pc=0x0000000003028074 method=com.android.dx.ssa.NormalSsaInsn.accept(Lcom/android/dx/ssa/SsaInsn$Visitor;)V @ 9
Event: 3.796 Thread 0x0000000016f28800 Uncommon trap: reason=class_check action=maybe_recompile pc=0x000000000301a580 method=com.android.dx.ssa.NormalSsaInsn.accept(Lcom/android/dx/ssa/SsaInsn$Visitor;)V @ 9
Event: 3.799 Thread 0x0000000016f2b800 Uncommon trap: reason=class_check action=maybe_recompile pc=0x0000000003040770 method=com.android.dx.rop.type.Type.equals(Ljava/lang/Object;)Z @ 8
Event: 3.800 Thread 0x0000000016f2b800 Uncommon trap: reason=class_check action=maybe_recompile pc=0x0000000003040770 method=com.android.dx.rop.type.Type.equals(Ljava/lang/Object;)Z @ 8
Event: 3.823 Thread 0x0000000016f2b800 Uncommon trap: reason=class_check action=maybe_recompile pc=0x0000000003040770 method=com.android.dx.rop.type.Type.equals(Ljava/lang/Object;)Z @ 8

Internal exceptions (10 events):
Event: 2.969 Thread 0x0000000016e1e000 Exception <a 'java/security/PrivilegedActionException'> (0x00000000eb6b25f8) thrown at [D:\re\workspace\8-2-build-windows-amd64-cygwin\jdk8u25\1677\hotspot\src\share\vm\prims\jvm.cpp, line 1312]
Event: 2.980 Thread 0x0000000016e1e000 Exception <a 'java/security/PrivilegedActionException'> (0x00000000eb6b76a8) thrown at [D:\re\workspace\8-2-build-windows-amd64-cygwin\jdk8u25\1677\hotspot\src\share\vm\prims\jvm.cpp, line 1312]
Event: 3.057 Thread 0x0000000016f2b800 Exception <a 'java/security/PrivilegedActionException'> (0x00000000eb421558) thrown at [D:\re\workspace\8-2-build-windows-amd64-cygwin\jdk8u25\1677\hotspot\src\share\vm\prims\jvm.cpp, line 1312]
Event: 3.057 Thread 0x0000000016f2b800 Exception <a 'java/security/PrivilegedActionException'> (0x00000000eb427750) thrown at [D:\re\workspace\8-2-build-windows-amd64-cygwin\jdk8u25\1677\hotspot\src\share\vm\prims\jvm.cpp, line 1312]
Event: 3.058 Thread 0x0000000002bc0800 Exception <a 'java/security/PrivilegedActionException'> (0x00000000eb5c09c8) thrown at [D:\re\workspace\8-2-build-windows-amd64-cygwin\jdk8u25\1677\hotspot\src\share\vm\prims\jvm.cpp, line 1312]
Event: 3.058 Thread 0x0000000002bc0800 Exception <a 'java/security/PrivilegedActionException'> (0x00000000eb5c66c0) thrown at [D:\re\workspace\8-2-build-windows-amd64-cygwin\jdk8u25\1677\hotspot\src\share\vm\prims\jvm.cpp, line 1312]
Event: 3.060 Thread 0x0000000002bc0800 Exception <a 'java/security/PrivilegedActionException'> (0x00000000eb5cf670) thrown at [D:\re\workspace\8-2-build-windows-amd64-cygwin\jdk8u25\1677\hotspot\src\share\vm\prims\jvm.cpp, line 1312]
Event: 3.060 Thread 0x0000000002bc0800 Exception <a 'java/security/PrivilegedActionException'> (0x00000000eb5d4dc8) thrown at [D:\re\workspace\8-2-build-windows-amd64-cygwin\jdk8u25\1677\hotspot\src\share\vm\prims\jvm.cpp, line 1312]
Event: 3.060 Thread 0x0000000016e1e000 Exception <a 'java/security/PrivilegedActionException'> (0x00000000eb6c5b10) thrown at [D:\re\workspace\8-2-build-windows-amd64-cygwin\jdk8u25\1677\hotspot\src\share\vm\prims\jvm.cpp, line 1312]
Event: 3.410 Thread 0x0000000016f2b800 Exception <a 'java/security/PrivilegedActionException'> (0x00000000eb70e118) thrown at [D:\re\workspace\8-2-build-windows-amd64-cygwin\jdk8u25\1677\hotspot\src\share\vm\prims\jvm.cpp, line 1312]

Events (10 events):
Event: 5.498 Thread 0x0000000016f2b800 DEOPT UNPACKING pc=0x0000000002d075bf sp=0x00000000176de3c8 mode 0
Event: 5.499 Thread 0x0000000016f2b800 DEOPT PACKING pc=0x000000000302eb7a sp=0x00000000176de660
Event: 5.499 Thread 0x0000000016f2b800 DEOPT UNPACKING pc=0x0000000002d075bf sp=0x00000000176de3c8 mode 0
Event: 5.500 Thread 0x0000000016f2b800 DEOPT PACKING pc=0x000000000302eb7a sp=0x00000000176de660
Event: 5.500 Thread 0x0000000016f2b800 DEOPT UNPACKING pc=0x0000000002d075bf sp=0x00000000176de3c8 mode 0
Event: 5.501 Thread 0x0000000016f2b800 DEOPT PACKING pc=0x000000000302eb7a sp=0x00000000176de660
Event: 5.501 Thread 0x0000000016f2b800 DEOPT UNPACKING pc=0x0000000002d075bf sp=0x00000000176de3c8 mode 0
Event: 5.501 Thread 0x0000000016f2b800 DEOPT PACKING pc=0x000000000302eb7a sp=0x00000000176de660
Event: 5.501 Thread 0x0000000016f2b800 DEOPT UNPACKING pc=0x0000000002d075bf sp=0x00000000176de3c8 mode 0
Event: 5.502 Thread 0x0000000016f2b800 DEOPT PACKING pc=0x000000000302eb7a sp=0x00000000176de660


Dynamic libraries:
0x00007ff620b00000 - 0x00007ff620b34000 	C:\Program Files\Java\jdk1.8.0_25\bin\java.exe
0x00007ffd65b10000 - 0x00007ffd65cbd000 	C:\Windows\SYSTEM32\ntdll.dll
0x00007ffd656f0000 - 0x00007ffd6582e000 	C:\Windows\system32\KERNEL32.DLL
0x00007ffd62fc0000 - 0x00007ffd630d5000 	C:\Windows\system32\KERNELBASE.dll
0x00007ffd61800000 - 0x00007ffd6188e000 	C:\Windows\system32\apphelp.dll
0x00007ffd55320000 - 0x00007ffd55373000 	C:\Windows\AppPatch\AppPatch64\AcGenral.DLL
0x00007ffd65000000 - 0x00007ffd650aa000 	C:\Windows\system32\msvcrt.dll
0x00007ffd62af0000 - 0x00007ffd62b1e000 	C:\Windows\SYSTEM32\SspiCli.dll
0x00007ffd65ab0000 - 0x00007ffd65b04000 	C:\Windows\system32\SHLWAPI.dll
0x00007ffd636c0000 - 0x00007ffd63837000 	C:\Windows\system32\USER32.dll
0x00007ffd65340000 - 0x00007ffd654d4000 	C:\Windows\system32\ole32.dll
0x00007ffd63900000 - 0x00007ffd64e2a000 	C:\Windows\system32\SHELL32.dll
0x00007ffd62200000 - 0x00007ffd62221000 	C:\Windows\SYSTEM32\USERENV.dll
0x00007ffd63610000 - 0x00007ffd636ba000 	C:\Windows\system32\ADVAPI32.dll
0x00007ffd59220000 - 0x00007ffd5923e000 	C:\Windows\SYSTEM32\MPR.dll
0x00007ffd655a0000 - 0x00007ffd656e1000 	C:\Windows\system32\RPCRT4.dll
0x00007ffd64f80000 - 0x00007ffd64fd9000 	C:\Windows\SYSTEM32\sechost.dll
0x00007ffd650b0000 - 0x00007ffd652c1000 	C:\Windows\SYSTEM32\combase.dll
0x00007ffd64e30000 - 0x00007ffd64f80000 	C:\Windows\system32\GDI32.dll
0x00007ffd62c60000 - 0x00007ffd62c75000 	C:\Windows\SYSTEM32\profapi.dll
0x00007ffd60ac0000 - 0x00007ffd60b72000 	C:\Windows\SYSTEM32\SHCORE.dll
0x00007ffd65900000 - 0x00007ffd65936000 	C:\Windows\system32\IMM32.DLL
0x00007ffd65950000 - 0x00007ffd65aa2000 	C:\Windows\system32\MSCTF.dll
0x00007ffd60490000 - 0x00007ffd6070b000 	C:\Windows\WinSxS\amd64_microsoft.windows.common-controls_6595b64144ccf1df_6.0.9600.18006_none_623f33d3ecbe86e8\COMCTL32.dll
0x000000006d910000 - 0x000000006d9e2000 	C:\Program Files\Java\jdk1.8.0_25\jre\bin\msvcr100.dll
0x000000006df10000 - 0x000000006e76a000 	C:\Program Files\Java\jdk1.8.0_25\jre\bin\server\jvm.dll
0x00007ffd5a5f0000 - 0x00007ffd5a5f9000 	C:\Windows\SYSTEM32\WSOCK32.dll
0x00007ffd5f3f0000 - 0x00007ffd5f412000 	C:\Windows\SYSTEM32\WINMM.dll
0x00007ffd64ff0000 - 0x00007ffd64ff7000 	C:\Windows\system32\PSAPI.DLL
0x00007ffd65830000 - 0x00007ffd6588a000 	C:\Windows\system32\WS2_32.dll
0x00007ffd5f3c0000 - 0x00007ffd5f3ea000 	C:\Windows\SYSTEM32\WINMMBASE.dll
0x00007ffd652d0000 - 0x00007ffd652d9000 	C:\Windows\system32\NSI.dll
0x00007ffd62d90000 - 0x00007ffd62ddf000 	C:\Windows\SYSTEM32\cfgmgr32.dll
0x00007ffd61a60000 - 0x00007ffd61a88000 	C:\Windows\SYSTEM32\DEVOBJ.dll
0x000000006df00000 - 0x000000006df0f000 	C:\Program Files\Java\jdk1.8.0_25\jre\bin\verify.dll
0x000000006ded0000 - 0x000000006def8000 	C:\Program Files\Java\jdk1.8.0_25\jre\bin\java.dll
0x000000006deb0000 - 0x000000006dec6000 	C:\Program Files\Java\jdk1.8.0_25\jre\bin\zip.dll
0x00007ffd5a9b0000 - 0x00007ffd5ab39000 	C:\Windows\SYSTEM32\dbghelp.dll

VM Arguments:
jvm_args: -Djava.awt.headless=true -Xmx1024M -Dfile.encoding=windows-1252 -Duser.country=US -Duser.language=en -Duser.variant 
java_command: com.android.dx.command.Main --dex --force-jumbo --num-threads=4 --multi-dex --output E:\android\HeRoes2\app\build\intermediates\transforms\dex\debug\folders\1000\5\slice_1 E:\android\HeRoes2\app\build\intermediates\transforms\instantRunSlicer\debug\folders\1\5\slice_1
java_class_path (initial): C:\Users\pc\AppData\Local\Android\sdk\build-tools\23.0.1\lib\dx.jar
Launcher Type: SUN_STANDARD

Environment Variables:
PATH=C:\oraclexe\app\oracle\product\11.2.0\server\bin;C:\ProgramData\Oracle\Java\javapath;C:\Windows\system32;C:\Windows;C:\Windows\System32\Wbem;C:\Windows\System32\WindowsPowerShell\v1.0\;C:\Program Files (x86)\ATI Technologies\ATI.ACE\Core-Static;C:\Program Files (x86)\MySQL\MySQL Server 5.0\bin;C:\Program Files (x86)\Windows Kits\8.1\Windows Performance Toolkit\;C:\Program Files\Microsoft SQL Server\110\Tools\Binn\;C:\Program Files (x86)\Skype\Phone\;C:\Program Files (x86)\OpenVPN\bin
USERNAME=pc
OS=Windows_NT
PROCESSOR_IDENTIFIER=Intel64 Family 6 Model 60 Stepping 3, GenuineIntel



---------------  S Y S T E M  ---------------

OS: Windows 8.1 , 64 bit Build 9600 

CPU:total 4 (2 cores per cpu, 2 threads per core) family 6 model 60 stepping 3, cmov, cx8, fxsr, mmx, sse, sse2, sse3, ssse3, sse4.1, sse4.2, popcnt, avx, avx2, aes, clmul, erms, lzcnt, ht, tsc, tscinvbit, bmi1, bmi2

Memory: 4k page, physical 6169708k(1098628k free), swap 9315436k(5112k free)

vm_info: Java HotSpot(TM) 64-Bit Server VM (25.25-b02) for windows-amd64 JRE (1.8.0_25-b18), built on Oct  7 2014 14:25:37 by "java_re" with MS VC++ 10.0 (VS2010)

time: Sat Apr 30 15:23:23 2016
elapsed time: 5 seconds (0d 0h 0m 5s)

