#
# There is insufficient memory for the Java Runtime Environment to continue.
# Native memory allocation (malloc) failed to allocate 49296 bytes for Chunk::new
# Possible reasons:
#   The system is out of physical RAM or swap space
#   In 32 bit mode, the process size limit was hit
# Possible solutions:
#   Reduce memory load on the system
#   Increase physical memory or swap space
#   Check if swap backing store is full
#   Use 64 bit Java on a 64 bit OS
#   Decrease Java heap size (-Xmx/-Xms)
#   Decrease number of Java threads
#   Decrease Java thread stack sizes (-Xss)
#   Set larger code cache with -XX:ReservedCodeCacheSize=
# This output file may be truncated or incomplete.
#
#  Out of Memory Error (allocation.cpp:390), pid=8196, tid=4904
#
# JRE version: Java(TM) SE Runtime Environment (8.0_25-b18) (build 1.8.0_25-b18)
# Java VM: Java HotSpot(TM) 64-Bit Server VM (25.25-b02 mixed mode windows-amd64 compressed oops)
# Failed to write core dump. Minidumps are not enabled by default on client versions of Windows
#

---------------  T H R E A D  ---------------

Current thread (0x0000000014b06000):  JavaThread "C2 CompilerThread1" daemon [_thread_in_native, id=4904, stack(0x0000000016120000,0x0000000016220000)]

Stack: [0x0000000016120000,0x0000000016220000]
Native frames: (J=compiled Java code, j=interpreted, Vv=VM code, C=native code)
V  [jvm.dll+0x31667a]


Current CompileTask:
C2:   2850 1304   !   4       com.android.dx.rop.code.BasicBlock::<init> (273 bytes)


---------------  P R O C E S S  ---------------

Java Threads: ( => current thread )
  0x00000000166d4000 JavaThread "pool-2-thread-4" [_thread_in_Java, id=5768, stack(0x0000000016d20000,0x0000000016e20000)]
  0x00000000166d1000 JavaThread "pool-2-thread-3" [_thread_in_Java, id=3460, stack(0x0000000016c20000,0x0000000016d20000)]
  0x00000000166c1800 JavaThread "pool-2-thread-2" [_thread_in_Java, id=6140, stack(0x0000000016b20000,0x0000000016c20000)]
  0x0000000016668000 JavaThread "pool-3-thread-1" [_thread_blocked, id=5540, stack(0x0000000016a20000,0x0000000016b20000)]
  0x0000000016661000 JavaThread "pool-2-thread-1" [_thread_in_Java, id=7932, stack(0x0000000016920000,0x0000000016a20000)]
  0x0000000014b1d000 JavaThread "Service Thread" daemon [_thread_blocked, id=8100, stack(0x0000000016320000,0x0000000016420000)]
  0x0000000014b14000 JavaThread "C1 CompilerThread2" daemon [_thread_blocked, id=4860, stack(0x0000000016220000,0x0000000016320000)]
=>0x0000000014b06000 JavaThread "C2 CompilerThread1" daemon [_thread_in_native, id=4904, stack(0x0000000016120000,0x0000000016220000)]
  0x0000000014abb000 JavaThread "C2 CompilerThread0" daemon [_thread_in_native, id=5156, stack(0x0000000016020000,0x0000000016120000)]
  0x0000000014aba000 JavaThread "Attach Listener" daemon [_thread_blocked, id=4632, stack(0x0000000015f20000,0x0000000016020000)]
  0x0000000014ab8800 JavaThread "Signal Dispatcher" daemon [_thread_blocked, id=9988, stack(0x0000000015e20000,0x0000000015f20000)]
  0x00000000023e7000 JavaThread "Finalizer" daemon [_thread_blocked, id=1124, stack(0x0000000015d20000,0x0000000015e20000)]
  0x00000000023de000 JavaThread "Reference Handler" daemon [_thread_blocked, id=1060, stack(0x0000000015c20000,0x0000000015d20000)]
  0x00000000022f0800 JavaThread "main" [_thread_in_Java, id=8220, stack(0x0000000002180000,0x0000000002280000)]

Other Threads:
  0x0000000014a85800 VMThread [stack: 0x0000000015b20000,0x0000000015c20000] [id=10200]
  0x0000000016421800 WatcherThread [stack: 0x0000000016820000,0x0000000016920000] [id=2744]

VM state:not at safepoint (normal execution)

VM Mutex/Monitor currently owned by a thread: None

Heap:
 PSYoungGen      total 53248K, used 33349K [0x00000000eab00000, 0x00000000ee300000, 0x0000000100000000)
  eden space 49152K, 59% used [0x00000000eab00000,0x00000000ec798420,0x00000000edb00000)
  from space 4096K, 99% used [0x00000000edb00000,0x00000000edef9130,0x00000000edf00000)
  to   space 4096K, 0% used [0x00000000edf00000,0x00000000edf00000,0x00000000ee300000)
 ParOldGen       total 65536K, used 12284K [0x00000000c0000000, 0x00000000c4000000, 0x00000000eab00000)
  object space 65536K, 18% used [0x00000000c0000000,0x00000000c0bff228,0x00000000c4000000)
 Metaspace       used 5969K, capacity 7024K, committed 7296K, reserved 1056768K
  class space    used 585K, capacity 616K, committed 640K, reserved 1048576K

Card table byte_map: [0x00000000117b0000,0x00000000119c0000] byte_map_base: 0x00000000111b0000

Marking Bits: (ParMarkBitMap*) 0x000000006e6ed490
 Begin Bits: [0x0000000011f20000, 0x0000000012f20000)
 End Bits:   [0x0000000012f20000, 0x0000000013f20000)

Polling page: 0x0000000000b70000

CodeCache: size=245760Kb used=5611Kb max_used=5611Kb free=240148Kb
 bounds [0x00000000023f0000, 0x0000000002970000, 0x00000000113f0000]
 total_blobs=1681 nmethods=1414 adapters=178
 compilation: disabled (not enough contiguous free space left)

Compilation events (10 events):
Event: 1.980 Thread 0x0000000014b14000 nmethod 1399 0x0000000002940e90 code [0x0000000002940fe0, 0x0000000002941190]
Event: 2.002 Thread 0x0000000014b06000 nmethod 1274 0x000000000294c710 code [0x000000000294d0e0, 0x0000000002957b88]
Event: 2.002 Thread 0x0000000014b06000 1406       4       java.util.Collections$UnmodifiableCollection$1::hasNext (10 bytes)
Event: 2.004 Thread 0x0000000014b06000 nmethod 1406 0x000000000293d150 code [0x000000000293d2a0, 0x000000000293d378]
Event: 2.004 Thread 0x0000000014b06000 1304   !   4       com.android.dx.rop.code.BasicBlock::<init> (273 bytes)
Event: 2.598 Thread 0x0000000014b14000 1405       3       com.android.dx.rop.code.InsnList::contentEquals (54 bytes)
Event: 2.599 Thread 0x0000000014b14000 nmethod 1405 0x0000000002944810 code [0x00000000029449e0, 0x0000000002945488]
Event: 2.599 Thread 0x0000000014b14000 1412       3       com.android.dx.rop.code.RegisterSpecList::make (17 bytes)
Event: 2.599 Thread 0x0000000014b14000 nmethod 1412 0x0000000002943810 code [0x00000000029439e0, 0x0000000002944268]
Event: 2.599 Thread 0x0000000014b14000 1411       3       com.android.dx.rop.code.Rops::opConst (85 bytes)

GC Heap History (4 events):
Event: 0.952 GC heap before
{Heap before GC invocations=1 (full 0):
 PSYoungGen      total 28672K, used 24576K [0x00000000eab00000, 0x00000000ecb00000, 0x0000000100000000)
  eden space 24576K, 100% used [0x00000000eab00000,0x00000000ec300000,0x00000000ec300000)
  from space 4096K, 0% used [0x00000000ec700000,0x00000000ec700000,0x00000000ecb00000)
  to   space 4096K, 0% used [0x00000000ec300000,0x00000000ec300000,0x00000000ec700000)
 ParOldGen       total 65536K, used 0K [0x00000000c0000000, 0x00000000c4000000, 0x00000000eab00000)
  object space 65536K, 0% used [0x00000000c0000000,0x00000000c0000000,0x00000000c4000000)
 Metaspace       used 5786K, capacity 6896K, committed 7040K, reserved 1056768K
  class space    used 582K, capacity 616K, committed 640K, reserved 1048576K
Event: 1.066 GC heap after
Heap after GC invocations=1 (full 0):
 PSYoungGen      total 28672K, used 4090K [0x00000000eab00000, 0x00000000ee300000, 0x0000000100000000)
  eden space 24576K, 0% used [0x00000000eab00000,0x00000000eab00000,0x00000000ec300000)
  from space 4096K, 99% used [0x00000000ec300000,0x00000000ec6fea98,0x00000000ec700000)
  to   space 4096K, 0% used [0x00000000edf00000,0x00000000edf00000,0x00000000ee300000)
 ParOldGen       total 65536K, used 1604K [0x00000000c0000000, 0x00000000c4000000, 0x00000000eab00000)
  object space 65536K, 2% used [0x00000000c0000000,0x00000000c01910a0,0x00000000c4000000)
 Metaspace       used 5786K, capacity 6896K, committed 7040K, reserved 1056768K
  class space    used 582K, capacity 616K, committed 640K, reserved 1048576K
}
Event: 2.007 GC heap before
{Heap before GC invocations=2 (full 0):
 PSYoungGen      total 28672K, used 28666K [0x00000000eab00000, 0x00000000ee300000, 0x0000000100000000)
  eden space 24576K, 100% used [0x00000000eab00000,0x00000000ec300000,0x00000000ec300000)
  from space 4096K, 99% used [0x00000000ec300000,0x00000000ec6fea98,0x00000000ec700000)
  to   space 4096K, 0% used [0x00000000edf00000,0x00000000edf00000,0x00000000ee300000)
 ParOldGen       total 65536K, used 1604K [0x00000000c0000000, 0x00000000c4000000, 0x00000000eab00000)
  object space 65536K, 2% used [0x00000000c0000000,0x00000000c01910a0,0x00000000c4000000)
 Metaspace       used 5951K, capacity 7024K, committed 7296K, reserved 1056768K
  class space    used 584K, capacity 616K, committed 640K, reserved 1048576K
Event: 2.595 GC heap after
Heap after GC invocations=2 (full 0):
 PSYoungGen      total 53248K, used 4080K [0x00000000eab00000, 0x00000000ee300000, 0x0000000100000000)
  eden space 49152K, 0% used [0x00000000eab00000,0x00000000eab00000,0x00000000edb00000)
  from space 4096K, 99% used [0x00000000edf00000,0x00000000ee2fc2e8,0x00000000ee300000)
  to   space 4096K, 0% used [0x00000000edb00000,0x00000000edb00000,0x00000000edf00000)
 ParOldGen       total 65536K, used 4919K [0x00000000c0000000, 0x00000000c4000000, 0x00000000eab00000)
  object space 65536K, 7% used [0x00000000c0000000,0x00000000c04cde08,0x00000000c4000000)
 Metaspace       used 5951K, capacity 7024K, committed 7296K, reserved 1056768K
  class space    used 584K, capacity 616K, committed 640K, reserved 1048576K
}

Deoptimization events (8 events):
Event: 0.599 Thread 0x00000000166d4000 Uncommon trap: reason=class_check action=maybe_recompile pc=0x00000000026acb4c method=com.android.dx.ssa.NormalSsaInsn.accept(Lcom/android/dx/ssa/SsaInsn$Visitor;)V @ 9
Event: 0.641 Thread 0x00000000166c1800 Uncommon trap: reason=unreached action=reinterpret pc=0x00000000026ba4dc method=com.android.dx.rop.cst.Constant.compareTo(Lcom/android/dx/rop/cst/Constant;)I @ 12
Event: 0.796 Thread 0x00000000166d4000 Uncommon trap: reason=class_check action=maybe_recompile pc=0x00000000026acb4c method=com.android.dx.ssa.NormalSsaInsn.accept(Lcom/android/dx/ssa/SsaInsn$Visitor;)V @ 9
Event: 1.073 Thread 0x00000000166d1000 Uncommon trap: reason=class_check action=maybe_recompile pc=0x00000000026acb4c method=com.android.dx.ssa.NormalSsaInsn.accept(Lcom/android/dx/ssa/SsaInsn$Visitor;)V @ 9
Event: 1.102 Thread 0x00000000166d1000 Uncommon trap: reason=unreached action=reinterpret pc=0x0000000002742dc8 method=com.android.dx.rop.code.LocalItem.hashCode()I @ 25
Event: 1.102 Thread 0x00000000166d1000 Uncommon trap: reason=unreached action=reinterpret pc=0x00000000026d72c8 method=com.android.dx.rop.code.LocalItem.hashCode()I @ 25
Event: 1.122 Thread 0x00000000166d4000 Uncommon trap: reason=null_check action=make_not_entrant pc=0x0000000002835664 method=com.android.dx.rop.type.Type.equals(Ljava/lang/Object;)Z @ 8
Event: 1.123 Thread 0x00000000166d4000 Uncommon trap: reason=bimorphic action=maybe_recompile pc=0x000000000264d334 method=java.util.HashMap.getNode(ILjava/lang/Object;)Ljava/util/HashMap$Node; @ 126

Internal exceptions (10 events):
Event: 0.487 Thread 0x0000000016661000 Exception <a 'java/security/PrivilegedActionException'> (0x00000000eb59c2c8) thrown at [D:\re\workspace\8-2-build-windows-amd64-cygwin\jdk8u25\1677\hotspot\src\share\vm\prims\jvm.cpp, line 1312]
Event: 0.488 Thread 0x00000000022f0800 Exception <a 'java/security/PrivilegedActionException'> (0x00000000eb4485c8) thrown at [D:\re\workspace\8-2-build-windows-amd64-cygwin\jdk8u25\1677\hotspot\src\share\vm\prims\jvm.cpp, line 1312]
Event: 0.491 Thread 0x00000000022f0800 Exception <a 'java/security/PrivilegedActionException'> (0x00000000eb4594b8) thrown at [D:\re\workspace\8-2-build-windows-amd64-cygwin\jdk8u25\1677\hotspot\src\share\vm\prims\jvm.cpp, line 1312]
Event: 0.514 Thread 0x0000000016661000 Exception <a 'java/security/PrivilegedActionException'> (0x00000000eb6637a8) thrown at [D:\re\workspace\8-2-build-windows-amd64-cygwin\jdk8u25\1677\hotspot\src\share\vm\prims\jvm.cpp, line 1312]
Event: 0.595 Thread 0x00000000022f0800 Exception <a 'java/security/PrivilegedActionException'> (0x00000000eb913810) thrown at [D:\re\workspace\8-2-build-windows-amd64-cygwin\jdk8u25\1677\hotspot\src\share\vm\prims\jvm.cpp, line 1312]
Event: 0.752 Thread 0x00000000022f0800 Exception <a 'java/security/PrivilegedActionException'> (0x00000000ebb13fa0) thrown at [D:\re\workspace\8-2-build-windows-amd64-cygwin\jdk8u25\1677\hotspot\src\share\vm\prims\jvm.cpp, line 1312]
Event: 0.753 Thread 0x00000000022f0800 Exception <a 'java/security/PrivilegedActionException'> (0x00000000ebb166a8) thrown at [D:\re\workspace\8-2-build-windows-amd64-cygwin\jdk8u25\1677\hotspot\src\share\vm\prims\jvm.cpp, line 1312]
Event: 0.795 Thread 0x00000000022f0800 Exception <a 'java/security/PrivilegedActionException'> (0x00000000ebf1bd80) thrown at [D:\re\workspace\8-2-build-windows-amd64-cygwin\jdk8u25\1677\hotspot\src\share\vm\prims\jvm.cpp, line 1312]
Event: 0.809 Thread 0x00000000022f0800 Exception <a 'java/security/PrivilegedActionException'> (0x00000000ec004780) thrown at [D:\re\workspace\8-2-build-windows-amd64-cygwin\jdk8u25\1677\hotspot\src\share\vm\prims\jvm.cpp, line 1312]
Event: 1.122 Thread 0x00000000166d4000 Implicit null exception at 0x0000000002835562 to 0x0000000002835655

Events (10 events):
Event: 1.123 Thread 0x00000000166d4000 DEOPT PACKING pc=0x000000000264d334 sp=0x0000000016e1e850
Event: 1.123 Thread 0x00000000166d4000 DEOPT UNPACKING pc=0x000000000243556a sp=0x0000000016e1e768 mode 2
Event: 1.712 loading class java/util/TreeMap$EntrySet
Event: 1.712 loading class java/util/TreeMap$EntrySet done
Event: 1.713 loading class java/util/TreeMap$EntryIterator
Event: 1.713 loading class java/util/TreeMap$EntryIterator done
Event: 1.713 Executing VM operation: Deoptimize
Event: 1.830 Executing VM operation: Deoptimize done
Event: 2.007 Executing VM operation: ParallelGCFailedAllocation
Event: 2.595 Executing VM operation: ParallelGCFailedAllocation done


Dynamic libraries:
0x00007ff620b00000 - 0x00007ff620b34000 	C:\Program Files\Java\jdk1.8.0_25\bin\java.exe
0x00007ffd65b10000 - 0x00007ffd65cbd000 	C:\Windows\SYSTEM32\ntdll.dll
0x00007ffd656f0000 - 0x00007ffd6582e000 	C:\Windows\system32\KERNEL32.DLL
0x00007ffd62fc0000 - 0x00007ffd630d5000 	C:\Windows\system32\KERNELBASE.dll
0x00007ffd61800000 - 0x00007ffd6188e000 	C:\Windows\system32\apphelp.dll
0x00007ffd30a90000 - 0x00007ffd30ae3000 	C:\Windows\AppPatch\AppPatch64\AcGenral.DLL
0x00007ffd65000000 - 0x00007ffd650aa000 	C:\Windows\system32\msvcrt.dll
0x00007ffd62af0000 - 0x00007ffd62b1e000 	C:\Windows\SYSTEM32\SspiCli.dll
0x00007ffd65ab0000 - 0x00007ffd65b04000 	C:\Windows\system32\SHLWAPI.dll
0x00007ffd636c0000 - 0x00007ffd63837000 	C:\Windows\system32\USER32.dll
0x00007ffd65340000 - 0x00007ffd654d4000 	C:\Windows\system32\ole32.dll
0x00007ffd63900000 - 0x00007ffd64e2a000 	C:\Windows\system32\SHELL32.dll
0x00007ffd62200000 - 0x00007ffd62221000 	C:\Windows\SYSTEM32\USERENV.dll
0x00007ffd63610000 - 0x00007ffd636ba000 	C:\Windows\system32\ADVAPI32.dll
0x00007ffd59220000 - 0x00007ffd5923e000 	C:\Windows\SYSTEM32\MPR.dll
0x00007ffd655a0000 - 0x00007ffd656e1000 	C:\Windows\system32\RPCRT4.dll
0x00007ffd64f80000 - 0x00007ffd64fd9000 	C:\Windows\SYSTEM32\sechost.dll
0x00007ffd650b0000 - 0x00007ffd652c1000 	C:\Windows\SYSTEM32\combase.dll
0x00007ffd64e30000 - 0x00007ffd64f80000 	C:\Windows\system32\GDI32.dll
0x00007ffd62c60000 - 0x00007ffd62c75000 	C:\Windows\SYSTEM32\profapi.dll
0x00007ffd60ac0000 - 0x00007ffd60b72000 	C:\Windows\SYSTEM32\SHCORE.dll
0x00007ffd65900000 - 0x00007ffd65936000 	C:\Windows\system32\IMM32.DLL
0x00007ffd65950000 - 0x00007ffd65aa2000 	C:\Windows\system32\MSCTF.dll
0x00007ffd60490000 - 0x00007ffd6070b000 	C:\Windows\WinSxS\amd64_microsoft.windows.common-controls_6595b64144ccf1df_6.0.9600.18006_none_623f33d3ecbe86e8\COMCTL32.dll
0x000000006d910000 - 0x000000006d9e2000 	C:\Program Files\Java\jdk1.8.0_25\jre\bin\msvcr100.dll
0x000000006df10000 - 0x000000006e76a000 	C:\Program Files\Java\jdk1.8.0_25\jre\bin\server\jvm.dll
0x00007ffd5a5f0000 - 0x00007ffd5a5f9000 	C:\Windows\SYSTEM32\WSOCK32.dll
0x00007ffd5f3f0000 - 0x00007ffd5f412000 	C:\Windows\SYSTEM32\WINMM.dll
0x00007ffd64ff0000 - 0x00007ffd64ff7000 	C:\Windows\system32\PSAPI.DLL
0x00007ffd65830000 - 0x00007ffd6588a000 	C:\Windows\system32\WS2_32.dll
0x00007ffd5f3c0000 - 0x00007ffd5f3ea000 	C:\Windows\SYSTEM32\WINMMBASE.dll
0x00007ffd652d0000 - 0x00007ffd652d9000 	C:\Windows\system32\NSI.dll
0x00007ffd62d90000 - 0x00007ffd62ddf000 	C:\Windows\SYSTEM32\cfgmgr32.dll
0x00007ffd61a60000 - 0x00007ffd61a88000 	C:\Windows\SYSTEM32\DEVOBJ.dll
0x000000006df00000 - 0x000000006df0f000 	C:\Program Files\Java\jdk1.8.0_25\jre\bin\verify.dll
0x000000006ded0000 - 0x000000006def8000 	C:\Program Files\Java\jdk1.8.0_25\jre\bin\java.dll
0x000000006deb0000 - 0x000000006dec6000 	C:\Program Files\Java\jdk1.8.0_25\jre\bin\zip.dll
0x00007ffd5a9b0000 - 0x00007ffd5ab39000 	C:\Windows\SYSTEM32\dbghelp.dll

VM Arguments:
jvm_args: -Djava.awt.headless=true -Xmx1024M -Dfile.encoding=windows-1252 -Duser.country=US -Duser.language=en -Duser.variant 
java_command: com.android.dx.command.Main --dex --force-jumbo --num-threads=4 --multi-dex --output E:\android\HeRoes2\app\build\intermediates\transforms\dex\debug\folders\1000\10\com.android.support-appcompat-v7-23.1.1_a9fdc47d1be89b27453b6a7b7df5400b0fc125b8 E:\android\HeRoes2\app\build\intermediates\exploded-aar\com.android.support\appcompat-v7\23.1.1\jars\classes.jar
java_class_path (initial): C:\Users\pc\AppData\Local\Android\sdk\build-tools\23.0.1\lib\dx.jar
Launcher Type: SUN_STANDARD

Environment Variables:
PATH=C:\oraclexe\app\oracle\product\11.2.0\server\bin;C:\ProgramData\Oracle\Java\javapath;C:\Windows\system32;C:\Windows;C:\Windows\System32\Wbem;C:\Windows\System32\WindowsPowerShell\v1.0\;C:\Program Files (x86)\ATI Technologies\ATI.ACE\Core-Static;C:\Program Files (x86)\MySQL\MySQL Server 5.0\bin;C:\Program Files (x86)\Windows Kits\8.1\Windows Performance Toolkit\;C:\Program Files\Microsoft SQL Server\110\Tools\Binn\;C:\Program Files (x86)\Skype\Phone\;C:\Program Files (x86)\OpenVPN\bin
USERNAME=pc
OS=Windows_NT
PROCESSOR_IDENTIFIER=Intel64 Family 6 Model 60 Stepping 3, GenuineIntel



---------------  S Y S T E M  ---------------

OS: Windows 8.1 , 64 bit Build 9600 

CPU:total 4 (2 cores per cpu, 2 threads per core) family 6 model 60 stepping 3, cmov, cx8, fxsr, mmx, sse, sse2, sse3, ssse3, sse4.1, sse4.2, popcnt, avx, avx2, aes, clmul, erms, lzcnt, ht, tsc, tscinvbit, bmi1, bmi2

Memory: 4k page, physical 6169708k(813736k free), swap 9315436k(3052k free)

vm_info: Java HotSpot(TM) 64-Bit Server VM (25.25-b02) for windows-amd64 JRE (1.8.0_25-b18), built on Oct  7 2014 14:25:37 by "java_re" with MS VC++ 10.0 (VS2010)

time: Sat Apr 30 15:15:41 2016
elapsed time: 2 seconds (0d 0h 0m 2s)

