#
# There is insufficient memory for the Java Runtime Environment to continue.
# Native memory allocation (malloc) failed to allocate 32744 bytes for ChunkPool::allocate
# Possible reasons:
#   The system is out of physical RAM or swap space
#   In 32 bit mode, the process size limit was hit
# Possible solutions:
#   Reduce memory load on the system
#   Increase physical memory or swap space
#   Check if swap backing store is full
#   Use 64 bit Java on a 64 bit OS
#   Decrease Java heap size (-Xmx/-Xms)
#   Decrease number of Java threads
#   Decrease Java thread stack sizes (-Xss)
#   Set larger code cache with -XX:ReservedCodeCacheSize=
# This output file may be truncated or incomplete.
#
#  Out of Memory Error (allocation.cpp:273), pid=8988, tid=5244
#
# JRE version: Java(TM) SE Runtime Environment (8.0_25-b18) (build 1.8.0_25-b18)
# Java VM: Java HotSpot(TM) 64-Bit Server VM (25.25-b02 mixed mode windows-amd64 compressed oops)
# Failed to write core dump. Minidumps are not enabled by default on client versions of Windows
#

---------------  T H R E A D  ---------------

Current thread (0x0000000015108000):  JavaThread "C2 CompilerThread0" daemon [_thread_in_native, id=5244, stack(0x0000000016650000,0x0000000016750000)]

Stack: [0x0000000016650000,0x0000000016750000]
Native frames: (J=compiled Java code, j=interpreted, Vv=VM code, C=native code)
V  [jvm.dll+0x31667a]


Current CompileTask:
C2:   5502 1357   !   4       com.android.dx.cf.cst.ConstantPoolParser::parse0 (731 bytes)


---------------  P R O C E S S  ---------------

Java Threads: ( => current thread )
  0x0000000016ba6000 JavaThread "pool-2-thread-4" [_thread_blocked, id=7016, stack(0x0000000017350000,0x0000000017450000)]
  0x0000000016ba5000 JavaThread "pool-2-thread-3" [_thread_blocked, id=6408, stack(0x0000000017250000,0x0000000017350000)]
  0x0000000016ba4000 JavaThread "pool-2-thread-2" [_thread_blocked, id=2636, stack(0x0000000017150000,0x0000000017250000)]
  0x0000000016b99800 JavaThread "pool-3-thread-1" [_thread_blocked, id=7600, stack(0x0000000017050000,0x0000000017150000)]
  0x0000000016b8f000 JavaThread "pool-2-thread-1" [_thread_in_vm, id=4780, stack(0x0000000016f50000,0x0000000017050000)]
  0x000000001515c800 JavaThread "Service Thread" daemon [_thread_blocked, id=3336, stack(0x0000000016d50000,0x0000000016e50000)]
  0x0000000015103000 JavaThread "C1 CompilerThread2" daemon [_thread_blocked, id=7200, stack(0x0000000016850000,0x0000000016950000)]
  0x00000000150f9800 JavaThread "C2 CompilerThread1" daemon [_thread_blocked, id=9704, stack(0x0000000016750000,0x0000000016850000)]
=>0x0000000015108000 JavaThread "C2 CompilerThread0" daemon [_thread_in_native, id=5244, stack(0x0000000016650000,0x0000000016750000)]
  0x0000000015106800 JavaThread "Attach Listener" daemon [_thread_blocked, id=8000, stack(0x0000000016550000,0x0000000016650000)]
  0x0000000015105800 JavaThread "Signal Dispatcher" daemon [_thread_blocked, id=9700, stack(0x0000000016450000,0x0000000016550000)]
  0x0000000002a20800 JavaThread "Finalizer" daemon [_thread_blocked, id=8756, stack(0x0000000016350000,0x0000000016450000)]
  0x0000000002a1d000 JavaThread "Reference Handler" daemon [_thread_blocked, id=8380, stack(0x0000000016250000,0x0000000016350000)]
  0x0000000002930800 JavaThread "main" [_thread_blocked, id=4908, stack(0x0000000002750000,0x0000000002850000)]

Other Threads:
  0x00000000150c5800 VMThread [stack: 0x0000000016150000,0x0000000016250000] [id=6048]
  0x0000000016981000 WatcherThread [stack: 0x0000000016e50000,0x0000000016f50000] [id=8804]

VM state:synchronizing (normal execution)

VM Mutex/Monitor currently owned by a thread:  ([mutex/lock_event])
[0x00000000028dc780] Threads_lock - owner thread: 0x00000000150c5800
[0x00000000028dcd80] Heap_lock - owner thread: 0x0000000016ba5000

Heap:
 PSYoungGen      total 28672K, used 28650K [0x00000000eab00000, 0x00000000ee300000, 0x0000000100000000)
  eden space 24576K, 100% used [0x00000000eab00000,0x00000000ec300000,0x00000000ec300000)
  from space 4096K, 99% used [0x00000000ec300000,0x00000000ec6faaa8,0x00000000ec700000)
  to   space 4096K, 0% used [0x00000000edf00000,0x00000000edf00000,0x00000000ee300000)
 ParOldGen       total 65536K, used 1505K [0x00000000c0000000, 0x00000000c4000000, 0x00000000eab00000)
  object space 65536K, 2% used [0x00000000c0000000,0x00000000c0178798,0x00000000c4000000)
 Metaspace       used 5987K, capacity 7024K, committed 7296K, reserved 1056768K
  class space    used 581K, capacity 616K, committed 640K, reserved 1048576K

Card table byte_map: [0x0000000011df0000,0x0000000012000000] byte_map_base: 0x00000000117f0000

Marking Bits: (ParMarkBitMap*) 0x000000006e6ed490
 Begin Bits: [0x0000000012560000, 0x0000000013560000)
 End Bits:   [0x0000000013560000, 0x0000000014560000)

Polling page: 0x0000000000ff0000

CodeCache: size=245760Kb used=6163Kb max_used=6163Kb free=239596Kb
 bounds [0x0000000002a30000, 0x0000000003040000, 0x0000000011a30000]
 total_blobs=1744 nmethods=1480 adapters=178
 compilation: enabled

Compilation events (10 events):
Event: 5.474 Thread 0x0000000015103000 1481       3       com.android.dx.ssa.SsaInsn::makeFromRop (10 bytes)
Event: 5.475 Thread 0x0000000015103000 nmethod 1481 0x0000000003034350 code [0x00000000030344e0, 0x0000000003034968]
Event: 5.477 Thread 0x0000000015103000 1482       3       com.android.dx.rop.code.RegisterSpec::make (21 bytes)
Event: 5.478 Thread 0x0000000015103000 nmethod 1482 0x0000000003034b90 code [0x0000000003034d00, 0x0000000003034f38]
Event: 5.479 Thread 0x0000000015103000 1483       2       com.android.dx.cf.code.BaseMachine::getLocalTarget (151 bytes)
Event: 5.480 Thread 0x0000000015103000 nmethod 1483 0x0000000003035010 code [0x0000000003035220, 0x0000000003035888]
Event: 5.481 Thread 0x0000000015103000 1484       3       com.android.dx.ssa.back.FirstFitLocalCombiningAllocator$Multiset::add (68 bytes)
Event: 5.481 Thread 0x0000000015103000 nmethod 1484 0x0000000003035d50 code [0x0000000003035ee0, 0x00000000030361d0]
Event: 5.481 Thread 0x0000000015103000 1485       3       com.android.dx.ssa.SsaBasicBlock::addMoveToEnd (172 bytes)
Event: 5.483 Thread 0x0000000015103000 nmethod 1485 0x0000000003036450 code [0x00000000030367c0, 0x0000000003038648]

GC Heap History (2 events):
Event: 3.917 GC heap before
{Heap before GC invocations=1 (full 0):
 PSYoungGen      total 28672K, used 24576K [0x00000000eab00000, 0x00000000ecb00000, 0x0000000100000000)
  eden space 24576K, 100% used [0x00000000eab00000,0x00000000ec300000,0x00000000ec300000)
  from space 4096K, 0% used [0x00000000ec700000,0x00000000ec700000,0x00000000ecb00000)
  to   space 4096K, 0% used [0x00000000ec300000,0x00000000ec300000,0x00000000ec700000)
 ParOldGen       total 65536K, used 0K [0x00000000c0000000, 0x00000000c4000000, 0x00000000eab00000)
  object space 65536K, 0% used [0x00000000c0000000,0x00000000c0000000,0x00000000c4000000)
 Metaspace       used 5775K, capacity 6832K, committed 7040K, reserved 1056768K
  class space    used 581K, capacity 616K, committed 640K, reserved 1048576K
Event: 4.024 GC heap after
Heap after GC invocations=1 (full 0):
 PSYoungGen      total 28672K, used 4074K [0x00000000eab00000, 0x00000000ee300000, 0x0000000100000000)
  eden space 24576K, 0% used [0x00000000eab00000,0x00000000eab00000,0x00000000ec300000)
  from space 4096K, 99% used [0x00000000ec300000,0x00000000ec6faaa8,0x00000000ec700000)
  to   space 4096K, 0% used [0x00000000edf00000,0x00000000edf00000,0x00000000ee300000)
 ParOldGen       total 65536K, used 1505K [0x00000000c0000000, 0x00000000c4000000, 0x00000000eab00000)
  object space 65536K, 2% used [0x00000000c0000000,0x00000000c0178798,0x00000000c4000000)
 Metaspace       used 5775K, capacity 6832K, committed 7040K, reserved 1056768K
  class space    used 581K, capacity 616K, committed 640K, reserved 1048576K
}

Deoptimization events (10 events):
Event: 4.187 Thread 0x0000000016ba4000 Uncommon trap: reason=class_check action=maybe_recompile pc=0x0000000002e63f3c method=java.util.HashMap.putVal(ILjava/lang/Object;Ljava/lang/Object;ZZ)Ljava/lang/Object; @ 203
Event: 4.187 Thread 0x0000000016ba4000 Uncommon trap: reason=bimorphic action=maybe_recompile pc=0x0000000002c7a6a8 method=java.util.HashMap.getNode(ILjava/lang/Object;)Ljava/util/HashMap$Node; @ 126
Event: 4.187 Thread 0x0000000016ba4000 Uncommon trap: reason=class_check action=maybe_recompile pc=0x0000000002e63f3c method=java.util.HashMap.putVal(ILjava/lang/Object;Ljava/lang/Object;ZZ)Ljava/lang/Object; @ 203
Event: 4.187 Thread 0x0000000016ba4000 Uncommon trap: reason=bimorphic action=maybe_recompile pc=0x0000000002c5a190 method=java.util.HashMap.getNode(ILjava/lang/Object;)Ljava/util/HashMap$Node; @ 126
Event: 5.282 Thread 0x0000000016ba4000 Uncommon trap: reason=bimorphic action=maybe_recompile pc=0x0000000002f1911c method=com.android.dx.cf.code.BytecodeArray.parseInstruction(ILcom/android/dx/cf/code/BytecodeArray$Visitor;)I @ 1549
Event: 5.282 Thread 0x0000000016ba4000 Uncommon trap: reason=bimorphic action=maybe_recompile pc=0x0000000002f1911c method=com.android.dx.cf.code.BytecodeArray.parseInstruction(ILcom/android/dx/cf/code/BytecodeArray$Visitor;)I @ 1549
Event: 5.466 Thread 0x0000000016ba5000 Uncommon trap: reason=bimorphic action=maybe_recompile pc=0x0000000002faeabc method=com.android.dx.cf.code.BaseMachine.getLocalTarget(Z)Lcom/android/dx/rop/code/RegisterSpec; @ 70
Event: 5.466 Thread 0x0000000016ba5000 Uncommon trap: reason=bimorphic action=maybe_recompile pc=0x0000000002faeabc method=com.android.dx.cf.code.BaseMachine.getLocalTarget(Z)Lcom/android/dx/rop/code/RegisterSpec; @ 70
Event: 5.477 Thread 0x0000000016ba5000 Uncommon trap: reason=bimorphic action=maybe_recompile pc=0x0000000002faeabc method=com.android.dx.cf.code.BaseMachine.getLocalTarget(Z)Lcom/android/dx/rop/code/RegisterSpec; @ 70
Event: 5.477 Thread 0x0000000016ba5000 Uncommon trap: reason=bimorphic action=maybe_recompile pc=0x0000000002faeabc method=com.android.dx.cf.code.BaseMachine.getLocalTarget(Z)Lcom/android/dx/rop/code/RegisterSpec; @ 70

Internal exceptions (10 events):
Event: 3.017 Thread 0x0000000002930800 Exception <a 'java/security/PrivilegedActionException'> (0x00000000eb41bf98) thrown at [D:\re\workspace\8-2-build-windows-amd64-cygwin\jdk8u25\1677\hotspot\src\share\vm\prims\jvm.cpp, line 1312]
Event: 3.020 Thread 0x0000000002930800 Exception <a 'java/security/PrivilegedActionException'> (0x00000000eb5dd670) thrown at [D:\re\workspace\8-2-build-windows-amd64-cygwin\jdk8u25\1677\hotspot\src\share\vm\prims\jvm.cpp, line 1312]
Event: 3.034 Thread 0x0000000002930800 Exception <a 'java/security/PrivilegedActionException'> (0x00000000eb7576e8) thrown at [D:\re\workspace\8-2-build-windows-amd64-cygwin\jdk8u25\1677\hotspot\src\share\vm\prims\jvm.cpp, line 1312]
Event: 3.171 Thread 0x0000000016ba4000 Exception <a 'java/security/PrivilegedActionException'> (0x00000000eb948f10) thrown at [D:\re\workspace\8-2-build-windows-amd64-cygwin\jdk8u25\1677\hotspot\src\share\vm\prims\jvm.cpp, line 1312]
Event: 3.201 Thread 0x0000000016ba4000 Exception <a 'java/security/PrivilegedActionException'> (0x00000000eb94e920) thrown at [D:\re\workspace\8-2-build-windows-amd64-cygwin\jdk8u25\1677\hotspot\src\share\vm\prims\jvm.cpp, line 1312]
Event: 3.202 Thread 0x0000000016ba4000 Exception <a 'java/security/PrivilegedActionException'> (0x00000000eb9540d8) thrown at [D:\re\workspace\8-2-build-windows-amd64-cygwin\jdk8u25\1677\hotspot\src\share\vm\prims\jvm.cpp, line 1312]
Event: 3.524 Thread 0x0000000016ba4000 Exception <a 'java/security/PrivilegedActionException'> (0x00000000eb99ec78) thrown at [D:\re\workspace\8-2-build-windows-amd64-cygwin\jdk8u25\1677\hotspot\src\share\vm\prims\jvm.cpp, line 1312]
Event: 3.562 Thread 0x0000000002930800 Exception <a 'java/security/PrivilegedActionException'> (0x00000000ebdc2718) thrown at [D:\re\workspace\8-2-build-windows-amd64-cygwin\jdk8u25\1677\hotspot\src\share\vm\prims\jvm.cpp, line 1312]
Event: 3.585 Thread 0x0000000002930800 Exception <a 'java/security/PrivilegedActionException'> (0x00000000ebfb9278) thrown at [D:\re\workspace\8-2-build-windows-amd64-cygwin\jdk8u25\1677\hotspot\src\share\vm\prims\jvm.cpp, line 1312]
Event: 3.599 Thread 0x0000000016b8f000 Implicit null exception at 0x0000000002d304b4 to 0x0000000002d32901

Events (10 events):
Event: 5.466 Thread 0x0000000016ba5000 Uncommon trap: trap_request=0xffffffc6 fr.pc=0x0000000002faeabc
Event: 5.466 Thread 0x0000000016ba5000 DEOPT PACKING pc=0x0000000002faeabc sp=0x000000001734e270
Event: 5.466 Thread 0x0000000016ba5000 DEOPT UNPACKING pc=0x0000000002a7556a sp=0x000000001734e200 mode 2
Event: 5.477 Thread 0x0000000016ba5000 Uncommon trap: trap_request=0xffffffc6 fr.pc=0x0000000002faeabc
Event: 5.477 Thread 0x0000000016ba5000 DEOPT PACKING pc=0x0000000002faeabc sp=0x000000001734e0c0
Event: 5.477 Thread 0x0000000016ba5000 DEOPT UNPACKING pc=0x0000000002a7556a sp=0x000000001734e050 mode 2
Event: 5.477 Thread 0x0000000016ba5000 Uncommon trap: trap_request=0xffffffc6 fr.pc=0x0000000002faeabc
Event: 5.477 Thread 0x0000000016ba5000 DEOPT PACKING pc=0x0000000002faeabc sp=0x000000001734e270
Event: 5.477 Thread 0x0000000016ba5000 DEOPT UNPACKING pc=0x0000000002a7556a sp=0x000000001734e200 mode 2
Event: 5.487 Executing VM operation: ParallelGCFailedAllocation


Dynamic libraries:
0x00007ff620b00000 - 0x00007ff620b34000 	C:\Program Files\Java\jdk1.8.0_25\bin\java.exe
0x00007ffd65b10000 - 0x00007ffd65cbd000 	C:\Windows\SYSTEM32\ntdll.dll
0x00007ffd656f0000 - 0x00007ffd6582e000 	C:\Windows\system32\KERNEL32.DLL
0x00007ffd62fc0000 - 0x00007ffd630d5000 	C:\Windows\system32\KERNELBASE.dll
0x00007ffd61800000 - 0x00007ffd6188e000 	C:\Windows\system32\apphelp.dll
0x00007ffd55320000 - 0x00007ffd55373000 	C:\Windows\AppPatch\AppPatch64\AcGenral.DLL
0x00007ffd65000000 - 0x00007ffd650aa000 	C:\Windows\system32\msvcrt.dll
0x00007ffd62af0000 - 0x00007ffd62b1e000 	C:\Windows\SYSTEM32\SspiCli.dll
0x00007ffd65ab0000 - 0x00007ffd65b04000 	C:\Windows\system32\SHLWAPI.dll
0x00007ffd636c0000 - 0x00007ffd63837000 	C:\Windows\system32\USER32.dll
0x00007ffd65340000 - 0x00007ffd654d4000 	C:\Windows\system32\ole32.dll
0x00007ffd63900000 - 0x00007ffd64e2a000 	C:\Windows\system32\SHELL32.dll
0x00007ffd62200000 - 0x00007ffd62221000 	C:\Windows\SYSTEM32\USERENV.dll
0x00007ffd63610000 - 0x00007ffd636ba000 	C:\Windows\system32\ADVAPI32.dll
0x00007ffd59220000 - 0x00007ffd5923e000 	C:\Windows\SYSTEM32\MPR.dll
0x00007ffd655a0000 - 0x00007ffd656e1000 	C:\Windows\system32\RPCRT4.dll
0x00007ffd64f80000 - 0x00007ffd64fd9000 	C:\Windows\SYSTEM32\sechost.dll
0x00007ffd650b0000 - 0x00007ffd652c1000 	C:\Windows\SYSTEM32\combase.dll
0x00007ffd64e30000 - 0x00007ffd64f80000 	C:\Windows\system32\GDI32.dll
0x00007ffd62c60000 - 0x00007ffd62c75000 	C:\Windows\SYSTEM32\profapi.dll
0x00007ffd60ac0000 - 0x00007ffd60b72000 	C:\Windows\SYSTEM32\SHCORE.dll
0x00007ffd65900000 - 0x00007ffd65936000 	C:\Windows\system32\IMM32.DLL
0x00007ffd65950000 - 0x00007ffd65aa2000 	C:\Windows\system32\MSCTF.dll
0x00007ffd60490000 - 0x00007ffd6070b000 	C:\Windows\WinSxS\amd64_microsoft.windows.common-controls_6595b64144ccf1df_6.0.9600.18006_none_623f33d3ecbe86e8\COMCTL32.dll
0x000000006d910000 - 0x000000006d9e2000 	C:\Program Files\Java\jdk1.8.0_25\jre\bin\msvcr100.dll
0x000000006df10000 - 0x000000006e76a000 	C:\Program Files\Java\jdk1.8.0_25\jre\bin\server\jvm.dll
0x00007ffd5a5f0000 - 0x00007ffd5a5f9000 	C:\Windows\SYSTEM32\WSOCK32.dll
0x00007ffd5f3f0000 - 0x00007ffd5f412000 	C:\Windows\SYSTEM32\WINMM.dll
0x00007ffd64ff0000 - 0x00007ffd64ff7000 	C:\Windows\system32\PSAPI.DLL
0x00007ffd65830000 - 0x00007ffd6588a000 	C:\Windows\system32\WS2_32.dll
0x00007ffd5f3c0000 - 0x00007ffd5f3ea000 	C:\Windows\SYSTEM32\WINMMBASE.dll
0x00007ffd652d0000 - 0x00007ffd652d9000 	C:\Windows\system32\NSI.dll
0x00007ffd62d90000 - 0x00007ffd62ddf000 	C:\Windows\SYSTEM32\cfgmgr32.dll
0x00007ffd61a60000 - 0x00007ffd61a88000 	C:\Windows\SYSTEM32\DEVOBJ.dll
0x000000006df00000 - 0x000000006df0f000 	C:\Program Files\Java\jdk1.8.0_25\jre\bin\verify.dll
0x000000006ded0000 - 0x000000006def8000 	C:\Program Files\Java\jdk1.8.0_25\jre\bin\java.dll
0x000000006deb0000 - 0x000000006dec6000 	C:\Program Files\Java\jdk1.8.0_25\jre\bin\zip.dll
0x00007ffd5a9b0000 - 0x00007ffd5ab39000 	C:\Windows\SYSTEM32\dbghelp.dll

VM Arguments:
jvm_args: -Djava.awt.headless=true -Xmx1024M -Dfile.encoding=windows-1252 -Duser.country=US -Duser.language=en -Duser.variant 
java_command: com.android.dx.command.Main --dex --force-jumbo --num-threads=4 --multi-dex --output E:\android\HeRoes2\app\build\intermediates\transforms\dex\debug\folders\1000\10\com.android.support-design-23.1.1_8406519842aa626cc20ffc24a5afff9aaac20ea0 E:\android\HeRoes2\app\build\intermediates\exploded-aar\com.android.support\design\23.1.1\jars\classes.jar
java_class_path (initial): C:\Users\pc\AppData\Local\Android\sdk\build-tools\23.0.1\lib\dx.jar
Launcher Type: SUN_STANDARD

Environment Variables:
PATH=C:\oraclexe\app\oracle\product\11.2.0\server\bin;C:\ProgramData\Oracle\Java\javapath;C:\Windows\system32;C:\Windows;C:\Windows\System32\Wbem;C:\Windows\System32\WindowsPowerShell\v1.0\;C:\Program Files (x86)\ATI Technologies\ATI.ACE\Core-Static;C:\Program Files (x86)\MySQL\MySQL Server 5.0\bin;C:\Program Files (x86)\Windows Kits\8.1\Windows Performance Toolkit\;C:\Program Files\Microsoft SQL Server\110\Tools\Binn\;C:\Program Files (x86)\Skype\Phone\;C:\Program Files (x86)\OpenVPN\bin
USERNAME=pc
OS=Windows_NT
PROCESSOR_IDENTIFIER=Intel64 Family 6 Model 60 Stepping 3, GenuineIntel



---------------  S Y S T E M  ---------------

OS: Windows 8.1 , 64 bit Build 9600 

CPU:total 4 (2 cores per cpu, 2 threads per core) family 6 model 60 stepping 3, cmov, cx8, fxsr, mmx, sse, sse2, sse3, ssse3, sse4.1, sse4.2, popcnt, avx, avx2, aes, clmul, erms, lzcnt, ht, tsc, tscinvbit, bmi1, bmi2

Memory: 4k page, physical 6169708k(1113364k free), swap 9315436k(5176k free)

vm_info: Java HotSpot(TM) 64-Bit Server VM (25.25-b02) for windows-amd64 JRE (1.8.0_25-b18), built on Oct  7 2014 14:25:37 by "java_re" with MS VC++ 10.0 (VS2010)

time: Sat Apr 30 15:23:23 2016
elapsed time: 5 seconds (0d 0h 0m 5s)

