#
# There is insufficient memory for the Java Runtime Environment to continue.
# Native memory allocation (malloc) failed to allocate 232864 bytes for Chunk::new
# Possible reasons:
#   The system is out of physical RAM or swap space
#   In 32 bit mode, the process size limit was hit
# Possible solutions:
#   Reduce memory load on the system
#   Increase physical memory or swap space
#   Check if swap backing store is full
#   Use 64 bit Java on a 64 bit OS
#   Decrease Java heap size (-Xmx/-Xms)
#   Decrease number of Java threads
#   Decrease Java thread stack sizes (-Xss)
#   Set larger code cache with -XX:ReservedCodeCacheSize=
# This output file may be truncated or incomplete.
#
#  Out of Memory Error (allocation.cpp:390), pid=3292, tid=7148
#
# JRE version: Java(TM) SE Runtime Environment (8.0_25-b18) (build 1.8.0_25-b18)
# Java VM: Java HotSpot(TM) 64-Bit Server VM (25.25-b02 mixed mode windows-amd64 compressed oops)
# Failed to write core dump. Minidumps are not enabled by default on client versions of Windows
#

---------------  T H R E A D  ---------------

Current thread (0x00000000145e0000):  JavaThread "C2 CompilerThread1" daemon [_thread_in_native, id=7148, stack(0x0000000015c50000,0x0000000015d50000)]

Stack: [0x0000000015c50000,0x0000000015d50000]
Native frames: (J=compiled Java code, j=interpreted, Vv=VM code, C=native code)
V  [jvm.dll+0x31667a]


Current CompileTask:
C2:   2962  764       4       com.android.dx.ssa.SsaBasicBlock::forEachInsn (37 bytes)


---------------  P R O C E S S  ---------------

Java Threads: ( => current thread )
  0x0000000016083000 JavaThread "pool-2-thread-4" [_thread_in_Java, id=9492, stack(0x0000000016850000,0x0000000016950000)]
  0x0000000016082800 JavaThread "pool-2-thread-3" [_thread_in_vm, id=3124, stack(0x0000000016750000,0x0000000016850000)]
  0x0000000015fa5000 JavaThread "pool-2-thread-2" [_thread_in_Java, id=5000, stack(0x0000000016650000,0x0000000016750000)]
  0x0000000015fa4000 JavaThread "pool-3-thread-1" [_thread_blocked, id=4572, stack(0x0000000016550000,0x0000000016650000)]
  0x0000000015fa1800 JavaThread "pool-2-thread-1" [_thread_in_Java, id=3592, stack(0x0000000016450000,0x0000000016550000)]
  0x000000001463e800 JavaThread "Service Thread" daemon [_thread_blocked, id=2892, stack(0x0000000016250000,0x0000000016350000)]
  0x000000001463c800 JavaThread "C1 CompilerThread2" daemon [_thread_in_vm, id=6968, stack(0x0000000015d50000,0x0000000015e50000)]
=>0x00000000145e0000 JavaThread "C2 CompilerThread1" daemon [_thread_in_native, id=7148, stack(0x0000000015c50000,0x0000000015d50000)]
  0x00000000145da800 JavaThread "C2 CompilerThread0" daemon [_thread_in_native, id=632, stack(0x0000000015b50000,0x0000000015c50000)]
  0x00000000145d9000 JavaThread "Attach Listener" daemon [_thread_blocked, id=8568, stack(0x0000000015a50000,0x0000000015b50000)]
  0x00000000145d8800 JavaThread "Signal Dispatcher" daemon [_thread_blocked, id=8556, stack(0x0000000015950000,0x0000000015a50000)]
  0x0000000001f00000 JavaThread "Finalizer" daemon [_thread_blocked, id=4092, stack(0x0000000015850000,0x0000000015950000)]
  0x00000000145a8000 JavaThread "Reference Handler" daemon [_thread_blocked, id=7604, stack(0x0000000015750000,0x0000000015850000)]
  0x0000000001e10800 JavaThread "main" [_thread_blocked, id=624, stack(0x0000000001d10000,0x0000000001e10000)]

Other Threads:
  0x00000000145a5800 VMThread [stack: 0x0000000015650000,0x0000000015750000] [id=5976]
  0x0000000015e5c000 WatcherThread [stack: 0x0000000016350000,0x0000000016450000] [id=5424]

VM state:not at safepoint (normal execution)

VM Mutex/Monitor currently owned by a thread: None

Heap:
 PSYoungGen      total 28672K, used 15033K [0x00000000eab00000, 0x00000000ecb00000, 0x0000000100000000)
  eden space 24576K, 61% used [0x00000000eab00000,0x00000000eb9ae698,0x00000000ec300000)
  from space 4096K, 0% used [0x00000000ec700000,0x00000000ec700000,0x00000000ecb00000)
  to   space 4096K, 0% used [0x00000000ec300000,0x00000000ec300000,0x00000000ec700000)
 ParOldGen       total 65536K, used 0K [0x00000000c0000000, 0x00000000c4000000, 0x00000000eab00000)
  object space 65536K, 0% used [0x00000000c0000000,0x00000000c0000000,0x00000000c4000000)
 Metaspace       used 5571K, capacity 6704K, committed 6784K, reserved 1056768K
  class space    used 577K, capacity 616K, committed 640K, reserved 1048576K

Card table byte_map: [0x00000000112d0000,0x00000000114e0000] byte_map_base: 0x0000000010cd0000

Marking Bits: (ParMarkBitMap*) 0x000000006e6ed490
 Begin Bits: [0x0000000011a40000, 0x0000000012a40000)
 End Bits:   [0x0000000012a40000, 0x0000000013a40000)

Polling page: 0x00000000004c0000

CodeCache: size=245760Kb used=3331Kb max_used=3331Kb free=242428Kb
 bounds [0x0000000001f10000, 0x0000000002260000, 0x0000000010f10000]
 total_blobs=1071 nmethods=807 adapters=178
 compilation: enabled

Compilation events (10 events):
Event: 2.945 Thread 0x00000000145da800 nmethod 809 0x0000000002227ad0 code [0x0000000002227c20, 0x0000000002227d58]
Event: 2.945 Thread 0x00000000145da800  810       4       java.util.BitSet::<init> (56 bytes)
Event: 2.947 Thread 0x00000000145da800 nmethod 810 0x0000000002227690 code [0x00000000022277e0, 0x0000000002227938]
Event: 2.947 Thread 0x00000000145da800  811       4       java.util.ArrayList::ensureCapacityInternal (23 bytes)
Event: 2.950 Thread 0x00000000145da800 nmethod 811 0x0000000002236550 code [0x00000000022366a0, 0x0000000002236928]
Event: 2.950 Thread 0x00000000145da800  813       4       java.util.ArrayList::remove (69 bytes)
Event: 2.953 Thread 0x00000000145da800 nmethod 813 0x0000000002236b50 code [0x0000000002236ca0, 0x0000000002236e38]
Event: 2.953 Thread 0x00000000145da800  820       4       com.android.dx.rop.code.RegisterSpecList::get (9 bytes)
Event: 2.954 Thread 0x00000000145da800 nmethod 820 0x0000000002236fd0 code [0x0000000002237120, 0x00000000022371f8]
Event: 2.955 Thread 0x00000000145da800  823       4       com.android.dx.rop.code.RegisterSpecSet::mutableCopy (57 bytes)

GC Heap History (0 events):
No events

Deoptimization events (0 events):
No events

Internal exceptions (10 events):
Event: 2.468 Thread 0x0000000016082800 Exception <a 'java/security/PrivilegedActionException'> (0x00000000eb5828b0) thrown at [D:\re\workspace\8-2-build-windows-amd64-cygwin\jdk8u25\1677\hotspot\src\share\vm\prims\jvm.cpp, line 1312]
Event: 2.469 Thread 0x0000000016082800 Exception <a 'java/security/PrivilegedActionException'> (0x00000000eb586b30) thrown at [D:\re\workspace\8-2-build-windows-amd64-cygwin\jdk8u25\1677\hotspot\src\share\vm\prims\jvm.cpp, line 1312]
Event: 2.473 Thread 0x0000000016082800 Exception <a 'java/security/PrivilegedActionException'> (0x00000000eb593c00) thrown at [D:\re\workspace\8-2-build-windows-amd64-cygwin\jdk8u25\1677\hotspot\src\share\vm\prims\jvm.cpp, line 1312]
Event: 2.473 Thread 0x0000000016082800 Exception <a 'java/security/PrivilegedActionException'> (0x00000000eb599df8) thrown at [D:\re\workspace\8-2-build-windows-amd64-cygwin\jdk8u25\1677\hotspot\src\share\vm\prims\jvm.cpp, line 1312]
Event: 2.474 Thread 0x0000000016082800 Exception <a 'java/security/PrivilegedActionException'> (0x00000000eb59e480) thrown at [D:\re\workspace\8-2-build-windows-amd64-cygwin\jdk8u25\1677\hotspot\src\share\vm\prims\jvm.cpp, line 1312]
Event: 2.474 Thread 0x0000000016082800 Exception <a 'java/security/PrivilegedActionException'> (0x00000000eb5a3e58) thrown at [D:\re\workspace\8-2-build-windows-amd64-cygwin\jdk8u25\1677\hotspot\src\share\vm\prims\jvm.cpp, line 1312]
Event: 2.475 Thread 0x0000000016082800 Exception <a 'java/security/PrivilegedActionException'> (0x00000000eb5acae8) thrown at [D:\re\workspace\8-2-build-windows-amd64-cygwin\jdk8u25\1677\hotspot\src\share\vm\prims\jvm.cpp, line 1312]
Event: 2.476 Thread 0x0000000016082800 Exception <a 'java/security/PrivilegedActionException'> (0x00000000eb5b1f20) thrown at [D:\re\workspace\8-2-build-windows-amd64-cygwin\jdk8u25\1677\hotspot\src\share\vm\prims\jvm.cpp, line 1312]
Event: 2.496 Thread 0x0000000015fa1800 Exception <a 'java/security/PrivilegedActionException'> (0x00000000eb456bc8) thrown at [D:\re\workspace\8-2-build-windows-amd64-cygwin\jdk8u25\1677\hotspot\src\share\vm\prims\jvm.cpp, line 1312]
Event: 2.539 Thread 0x0000000015fa1800 Exception <a 'java/security/PrivilegedActionException'> (0x00000000eb752488) thrown at [D:\re\workspace\8-2-build-windows-amd64-cygwin\jdk8u25\1677\hotspot\src\share\vm\prims\jvm.cpp, line 1312]

Events (10 events):
Event: 2.522 loading class java/util/TreeMap$EntrySet
Event: 2.522 loading class java/util/TreeMap$EntrySet done
Event: 2.523 loading class java/util/TreeMap$EntryIterator
Event: 2.523 loading class java/util/TreeMap$EntryIterator done
Event: 2.539 loading class com/android/dx/dex/file/MethodAnnotationStruct
Event: 2.539 loading class com/android/dx/dex/file/MethodAnnotationStruct done
Event: 2.748 loading class java/util/ArrayList$1
Event: 2.748 loading class java/util/ArrayList$1 done
Event: 2.817 Executing VM operation: ForceSafepoint
Event: 2.943 Executing VM operation: ForceSafepoint done


Dynamic libraries:
0x00007ff620b00000 - 0x00007ff620b34000 	C:\Program Files\Java\jdk1.8.0_25\bin\java.exe
0x00007ffd65b10000 - 0x00007ffd65cbd000 	C:\Windows\SYSTEM32\ntdll.dll
0x00007ffd656f0000 - 0x00007ffd6582e000 	C:\Windows\system32\KERNEL32.DLL
0x00007ffd62fc0000 - 0x00007ffd630d5000 	C:\Windows\system32\KERNELBASE.dll
0x00007ffd61800000 - 0x00007ffd6188e000 	C:\Windows\system32\apphelp.dll
0x00007ffd55320000 - 0x00007ffd55373000 	C:\Windows\AppPatch\AppPatch64\AcGenral.DLL
0x00007ffd65000000 - 0x00007ffd650aa000 	C:\Windows\system32\msvcrt.dll
0x00007ffd62af0000 - 0x00007ffd62b1e000 	C:\Windows\SYSTEM32\SspiCli.dll
0x00007ffd65ab0000 - 0x00007ffd65b04000 	C:\Windows\system32\SHLWAPI.dll
0x00007ffd636c0000 - 0x00007ffd63837000 	C:\Windows\system32\USER32.dll
0x00007ffd65340000 - 0x00007ffd654d4000 	C:\Windows\system32\ole32.dll
0x00007ffd63900000 - 0x00007ffd64e2a000 	C:\Windows\system32\SHELL32.dll
0x00007ffd62200000 - 0x00007ffd62221000 	C:\Windows\SYSTEM32\USERENV.dll
0x00007ffd63610000 - 0x00007ffd636ba000 	C:\Windows\system32\ADVAPI32.dll
0x00007ffd59220000 - 0x00007ffd5923e000 	C:\Windows\SYSTEM32\MPR.dll
0x00007ffd655a0000 - 0x00007ffd656e1000 	C:\Windows\system32\RPCRT4.dll
0x00007ffd64f80000 - 0x00007ffd64fd9000 	C:\Windows\SYSTEM32\sechost.dll
0x00007ffd650b0000 - 0x00007ffd652c1000 	C:\Windows\SYSTEM32\combase.dll
0x00007ffd64e30000 - 0x00007ffd64f80000 	C:\Windows\system32\GDI32.dll
0x00007ffd62c60000 - 0x00007ffd62c75000 	C:\Windows\SYSTEM32\profapi.dll
0x00007ffd60ac0000 - 0x00007ffd60b72000 	C:\Windows\SYSTEM32\SHCORE.dll
0x00007ffd65900000 - 0x00007ffd65936000 	C:\Windows\system32\IMM32.DLL
0x00007ffd65950000 - 0x00007ffd65aa2000 	C:\Windows\system32\MSCTF.dll
0x00007ffd60490000 - 0x00007ffd6070b000 	C:\Windows\WinSxS\amd64_microsoft.windows.common-controls_6595b64144ccf1df_6.0.9600.18006_none_623f33d3ecbe86e8\COMCTL32.dll
0x000000006d910000 - 0x000000006d9e2000 	C:\Program Files\Java\jdk1.8.0_25\jre\bin\msvcr100.dll
0x000000006df10000 - 0x000000006e76a000 	C:\Program Files\Java\jdk1.8.0_25\jre\bin\server\jvm.dll
0x00007ffd5a5f0000 - 0x00007ffd5a5f9000 	C:\Windows\SYSTEM32\WSOCK32.dll
0x00007ffd5f3f0000 - 0x00007ffd5f412000 	C:\Windows\SYSTEM32\WINMM.dll
0x00007ffd64ff0000 - 0x00007ffd64ff7000 	C:\Windows\system32\PSAPI.DLL
0x00007ffd65830000 - 0x00007ffd6588a000 	C:\Windows\system32\WS2_32.dll
0x00007ffd5f3c0000 - 0x00007ffd5f3ea000 	C:\Windows\SYSTEM32\WINMMBASE.dll
0x00007ffd652d0000 - 0x00007ffd652d9000 	C:\Windows\system32\NSI.dll
0x00007ffd62d90000 - 0x00007ffd62ddf000 	C:\Windows\SYSTEM32\cfgmgr32.dll
0x00007ffd61a60000 - 0x00007ffd61a88000 	C:\Windows\SYSTEM32\DEVOBJ.dll
0x000000006df00000 - 0x000000006df0f000 	C:\Program Files\Java\jdk1.8.0_25\jre\bin\verify.dll
0x000000006ded0000 - 0x000000006def8000 	C:\Program Files\Java\jdk1.8.0_25\jre\bin\java.dll
0x000000006deb0000 - 0x000000006dec6000 	C:\Program Files\Java\jdk1.8.0_25\jre\bin\zip.dll

VM Arguments:
jvm_args: -Djava.awt.headless=true -Xmx1024M -Dfile.encoding=windows-1252 -Duser.country=US -Duser.language=en -Duser.variant 
java_command: com.android.dx.command.Main --dex --force-jumbo --num-threads=4 --multi-dex --output E:\android\HeRoes2\app\build\intermediates\transforms\dex\debug\folders\1000\10\firebase-client-android-2.5.2_ffed14b0ce3286387fe01dbeccf294a5a6276979 C:\Users\pc\.gradle\caches\modules-2\files-2.1\com.firebase\firebase-client-android\2.5.2\f19f10d6276aa0b380e2d05d2ab3272d693a5433\firebase-client-android-2.5.2.jar
java_class_path (initial): C:\Users\pc\AppData\Local\Android\sdk\build-tools\23.0.1\lib\dx.jar
Launcher Type: SUN_STANDARD

Environment Variables:
PATH=C:\oraclexe\app\oracle\product\11.2.0\server\bin;C:\ProgramData\Oracle\Java\javapath;C:\Windows\system32;C:\Windows;C:\Windows\System32\Wbem;C:\Windows\System32\WindowsPowerShell\v1.0\;C:\Program Files (x86)\ATI Technologies\ATI.ACE\Core-Static;C:\Program Files (x86)\MySQL\MySQL Server 5.0\bin;C:\Program Files (x86)\Windows Kits\8.1\Windows Performance Toolkit\;C:\Program Files\Microsoft SQL Server\110\Tools\Binn\;C:\Program Files (x86)\Skype\Phone\;C:\Program Files (x86)\OpenVPN\bin
USERNAME=pc
OS=Windows_NT
PROCESSOR_IDENTIFIER=Intel64 Family 6 Model 60 Stepping 3, GenuineIntel



---------------  S Y S T E M  ---------------

OS: Windows 8.1 , 64 bit Build 9600 

CPU:total 4 (2 cores per cpu, 2 threads per core) family 6 model 60 stepping 3, cmov, cx8, fxsr, mmx, sse, sse2, sse3, ssse3, sse4.1, sse4.2, popcnt, avx, avx2, aes, clmul, erms, lzcnt, ht, tsc, tscinvbit, bmi1, bmi2

Memory: 4k page, physical 6169708k(1088620k free), swap 9315436k(5184k free)

vm_info: Java HotSpot(TM) 64-Bit Server VM (25.25-b02) for windows-amd64 JRE (1.8.0_25-b18), built on Oct  7 2014 14:25:37 by "java_re" with MS VC++ 10.0 (VS2010)

time: Sat Apr 30 15:23:27 2016
elapsed time: 2 seconds (0d 0h 0m 2s)

