JvmtiExport can_access_local_variables 0
JvmtiExport can_hotswap_or_post_breakpoint 0
JvmtiExport can_post_on_exceptions 0
# 325 ciObject found
ciMethod java/lang/Object <init> ()V 4097 1 204570 0 0
ciMethod java/lang/Object hashCode ()I 2049 1 256 0 -1
ciMethod java/lang/Object equals (Ljava/lang/Object;)Z 4097 1 4972 0 -1
ciMethod java/lang/String <init> ([CII)V 2089 1 5564 0 576
ciMethod java/lang/String length ()I 3073 1 10821 0 0
ciMethod java/lang/String charAt (I)C 4097 1 24979 0 128
ciMethod java/lang/String getChars (II[CI)V 2921 1 6509 0 -1
ciMethod java/lang/String equals (Ljava/lang/Object;)Z 2241 11841 1972 0 -1
ciMethod java/lang/String startsWith (Ljava/lang/String;I)Z 2049 2633 5805 0 -1
ciMethod java/lang/String startsWith (Ljava/lang/String;)Z 2049 1 16774 0 -1
ciMethod java/lang/String hashCode ()I 2761 32769 1424 0 320
ciMethod java/lang/String indexOf (II)I 921 25097 918 0 352
ciMethod java/lang/String indexOfSupplementary (II)I 0 0 1 0 -1
ciMethod java/lang/String substring (I)Ljava/lang/String; 2049 1 1910 0 0
ciMethod java/lang/String substring (II)Ljava/lang/String; 2049 1 3436 0 0
ciMethod java/lang/System arraycopy (Ljava/lang/Object;ILjava/lang/Object;II)V 5121 1 640 0 -1
ciMethod java/lang/OutOfMemoryError <init> ()V 0 0 1 0 -1
ciMethod java/lang/AbstractStringBuilder ensureCapacityInternal (I)V 2409 1 9771 0 -1
ciMethod java/lang/AbstractStringBuilder expandCapacity (I)V 649 1 4583 0 -1
ciMethod java/lang/AbstractStringBuilder append (Ljava/lang/String;)Ljava/lang/AbstractStringBuilder; 1457 1 6464 0 -1
ciMethod java/lang/AbstractStringBuilder appendNull ()Ljava/lang/AbstractStringBuilder; 0 0 1 0 -1
ciMethod java/lang/StringBuilder <init> ()V 617 1 3003 0 -1
ciMethod java/lang/StringBuilder append (Ljava/lang/String;)Ljava/lang/StringBuilder; 1289 1 6701 0 -1
ciMethod java/lang/StringBuilder append (C)Ljava/lang/StringBuilder; 2257 1 2231 0 -1
ciMethod java/lang/StringBuilder append (I)Ljava/lang/StringBuilder; 0 0 7 0 -1
ciMethod java/lang/StringBuilder toString ()Ljava/lang/String; 681 1 3015 0 -1
ciMethod java/lang/NullPointerException <init> (Ljava/lang/String;)V 0 0 1 0 -1
ciMethod java/lang/Math max (II)I 217 1 17303 0 -1
ciMethod java/lang/Math min (II)I 3081 1 25934 0 -1
ciMethod java/util/HashMap hash (Ljava/lang/Object;)I 3073 1 29335 0 0
ciMethod java/util/HashMap get (Ljava/lang/Object;)Ljava/lang/Object; 3073 1 17125 0 1024
ciMethod java/util/HashMap getNode (ILjava/lang/Object;)Ljava/util/HashMap$Node; 2105 201 8469 0 928
ciMethod java/util/HashMap put (Ljava/lang/Object;Ljava/lang/Object;)Ljava/lang/Object; 2057 1 5219 0 0
ciMethod java/util/HashMap putVal (ILjava/lang/Object;Ljava/lang/Object;ZZ)Ljava/lang/Object; 2049 289 5224 0 0
ciMethod java/util/HashMap resize ()[Ljava/util/HashMap$Node; 153 2481 535 0 0
ciMethod java/util/HashMap treeifyBin ([Ljava/util/HashMap$Node;I)V 0 0 1 0 0
ciMethod java/util/HashMap newNode (ILjava/lang/Object;Ljava/lang/Object;Ljava/util/HashMap$Node;)Ljava/util/HashMap$Node; 2049 1 4246 0 0
ciMethod java/util/HashMap replacementTreeNode (Ljava/util/HashMap$Node;Ljava/util/HashMap$Node;)Ljava/util/HashMap$TreeNode; 0 0 1 0 -1
ciMethod java/util/HashMap afterNodeAccess (Ljava/util/HashMap$Node;)V 4097 1 959 0 0
ciMethod java/util/HashMap afterNodeInsertion (Z)V 2049 1 1295 0 0
ciMethod java/util/HashMap$Node <init> (ILjava/lang/Object;Ljava/lang/Object;Ljava/util/HashMap$Node;)V 2049 1 4264 0 0
ciMethod java/util/Arrays copyOf ([JI)[J 25 1 158 0 -1
ciMethod java/util/Arrays copyOf ([CI)[C 2049 1 5845 0 -1
ciMethod java/util/Arrays copyOfRange ([CII)[C 2145 1 5408 0 512
ciMethodData java/lang/Object <init> ()V 2 204570 orig 264 184 158 218 108 0 0 0 0 136 4 28 20 0 0 0 0 32 1 0 0 0 0 0 0 0 0 0 0 0 0 0 0 0 0 0 0 0 0 0 0 0 0 0 0 0 0 0 0 0 0 0 0 0 0 0 0 0 0 0 0 0 0 0 0 0 0 0 0 0 0 0 0 0 0 0 0 0 0 0 0 77 68 79 32 101 120 116 114 97 32 100 97 116 97 32 108 111 99 107 0 0 0 0 0 0 0 0 0 0 0 0 0 0 0 0 0 0 0 0 0 0 0 0 0 0 0 0 0 0 0 0 0 0 0 0 0 0 0 0 0 0 0 0 0 0 0 0 0 0 0 0 0 0 0 0 0 0 0 0 0 0 0 0 0 0 0 0 0 0 0 0 0 0 0 0 0 0 0 0 0 0 0 0 0 1 0 0 0 0 0 0 0 1 0 0 0 0 0 0 0 1 0 0 0 0 0 0 0 0 0 0 0 0 0 0 0 0 2 0 0 209 232 24 0 1 0 0 0 0 0 0 0 0 0 0 0 2 0 0 0 0 0 3 0 3 0 0 0 0 0 0 0 255 255 255 255 0 0 0 0 0 0 0 0 data 0 oops 0
ciMethod java/lang/IllegalArgumentException <init> (Ljava/lang/String;)V 0 0 1 0 -1
ciMethodData java/lang/String charAt (I)C 2 25217 orig 264 184 158 218 108 0 0 0 0 56 61 28 20 0 0 0 0 120 1 0 0 32 0 0 0 0 0 0 0 0 0 0 0 0 0 0 0 0 0 0 0 0 0 0 0 0 0 0 0 0 0 0 0 0 0 0 0 0 0 0 0 0 0 0 0 0 0 0 0 0 0 0 0 0 0 0 0 0 0 0 0 77 68 79 32 101 120 116 114 97 32 100 97 116 97 32 108 111 99 107 0 0 0 0 0 0 0 0 0 0 0 0 0 0 0 0 0 0 0 0 0 0 0 0 0 0 0 0 0 0 0 0 0 0 0 0 0 0 0 0 0 0 0 0 0 0 0 0 0 0 0 0 0 0 0 0 0 0 0 0 0 0 0 0 0 0 0 0 0 0 0 0 0 0 0 0 0 0 0 0 0 0 0 0 0 0 0 0 0 0 0 0 0 0 0 0 0 0 0 0 0 0 0 0 0 0 0 0 0 0 0 0 0 0 0 0 0 0 2 0 0 9 4 3 0 1 0 0 0 0 0 0 0 0 0 0 0 2 0 0 0 0 0 8 0 4 0 1 0 80 0 0 0 255 255 255 255 7 0 1 0 0 0 0 0 data 10 0x10007 0x0 0x40 0x607f 0xa0007 0x6082 0x30 0x0 0x120002 0x0 oops 0
ciMethod java/util/HashMap$TreeNode getTreeNode (ILjava/lang/Object;)Ljava/util/HashMap$TreeNode; 0 0 1 0 -1
ciMethod java/util/HashMap$TreeNode treeify ([Ljava/util/HashMap$Node;)V 0 0 1 0 -1
ciMethod java/util/HashMap$TreeNode putTreeVal (Ljava/util/HashMap;[Ljava/util/HashMap$Node;ILjava/lang/Object;Ljava/lang/Object;)Ljava/util/HashMap$TreeNode; 0 0 1 0 -1
ciMethod java/util/HashMap$TreeNode split (Ljava/util/HashMap;[Ljava/util/HashMap$Node;II)V 0 0 1 0 -1
ciMethod java/util/BitSet wordIndex (I)I 2049 1 31679 0 -1
ciMethod java/util/BitSet checkInvariants ()V 2049 1 5376 0 -1
ciMethod java/util/BitSet ensureCapacity (I)V 353 1 5236 0 -1
ciMethod java/util/BitSet expandTo (I)V 3049 1 7343 0 -1
ciMethod java/util/BitSet set (I)V 1889 1 5476 0 -1
ciMethodData java/lang/String hashCode ()I 2 20167 orig 264 184 158 218 108 0 0 0 0 128 79 28 20 0 0 0 0 152 1 0 0 32 0 0 0 0 0 0 0 0 0 0 0 0 0 0 0 0 0 0 0 0 0 0 0 0 0 0 0 0 0 0 0 0 0 0 0 0 0 0 0 0 0 0 0 0 0 0 0 0 0 0 0 0 0 0 0 0 0 0 0 77 68 79 32 101 120 116 114 97 32 100 97 116 97 32 108 111 99 107 0 0 0 0 0 0 0 0 0 0 0 0 0 0 0 0 0 0 0 0 0 0 0 0 0 0 0 0 0 0 0 0 0 0 0 0 0 0 0 0 0 0 0 0 0 0 0 0 0 0 0 0 0 0 0 0 0 0 0 0 0 0 0 0 0 0 0 0 0 0 0 0 0 0 0 0 0 0 0 0 0 0 0 0 0 0 0 0 0 0 0 0 0 0 0 0 0 0 0 0 0 0 0 0 0 0 0 0 0 0 0 0 0 0 0 0 0 0 16 0 0 185 33 0 0 57 246 1 0 0 0 0 0 0 0 0 0 2 0 0 0 1 0 11 0 4 0 1 0 120 0 0 0 255 255 255 255 7 0 6 0 0 0 0 0 data 15 0x60007 0x177 0x78 0x2c0 0xe0007 0x1 0x58 0x2bf 0x1e0007 0x2bf 0x38 0x3e8d 0x2d0003 0x3e8d 0xffffffffffffffe0 oops 0
ciMethodData java/lang/String length ()I 2 10823 orig 264 184 158 218 108 0 0 0 0 232 59 28 20 0 0 0 0 32 1 0 0 0 0 0 0 0 0 0 0 0 0 0 0 0 0 0 0 0 0 0 0 0 0 0 0 0 0 0 0 0 0 0 0 0 0 0 0 0 0 0 0 0 0 0 0 0 0 0 0 0 0 0 0 0 0 0 0 0 0 0 0 77 68 79 32 101 120 116 114 97 32 100 97 116 97 32 108 111 99 107 0 0 0 0 0 0 0 0 0 0 0 0 0 0 0 0 0 0 0 0 0 0 0 0 0 0 0 0 0 0 0 0 0 0 0 0 0 0 0 0 0 0 0 0 0 0 0 0 0 0 0 0 0 0 0 0 0 0 0 0 0 0 0 0 0 0 0 0 0 0 0 0 0 0 0 0 0 0 0 0 0 0 0 0 0 0 0 0 0 0 0 0 0 0 0 0 0 0 0 0 0 0 0 0 0 0 0 0 0 0 0 0 0 0 0 0 0 128 1 0 0 57 70 1 0 1 0 0 0 0 0 0 0 0 0 0 0 2 0 0 0 0 0 3 0 3 0 0 0 0 0 0 0 255 255 255 255 0 0 0 0 0 0 0 0 data 0 oops 0
ciMethodData java/lang/AbstractStringBuilder ensureCapacityInternal (I)V 2 9771 orig 264 184 158 218 108 0 0 0 0 48 10 35 20 0 0 0 0 160 1 0 0 0 0 0 0 0 0 0 0 0 0 0 0 0 0 0 0 0 0 0 0 0 0 0 0 0 0 0 0 0 0 0 0 0 0 0 0 0 0 0 0 0 0 0 0 0 0 0 0 0 0 0 0 0 0 0 0 0 0 0 0 77 68 79 32 101 120 116 114 97 32 100 97 116 97 32 108 111 99 107 0 0 0 0 0 0 0 0 0 0 0 0 0 0 0 0 0 0 0 0 0 0 0 0 0 0 0 0 0 0 0 0 0 0 0 0 0 0 0 0 0 0 0 0 0 0 0 0 0 0 0 0 0 0 0 0 0 0 0 0 0 0 0 0 0 0 0 0 0 0 0 0 0 0 0 0 0 0 0 0 0 0 0 0 0 0 0 0 0 0 0 0 0 0 0 0 0 0 0 0 0 0 0 0 0 0 0 0 0 0 0 0 0 0 0 0 0 45 1 0 0 241 39 1 0 1 0 0 0 0 0 0 0 0 0 0 0 2 0 0 0 0 0 6 0 3 0 1 0 80 0 0 0 255 255 255 255 7 0 7 0 0 0 0 0 data 10 0x70007 0x1369 0x50 0x1195 0xc0005 0x0 0x14b494d0 0x1196 0x0 0x0 oops 1