JvmtiExport can_access_local_variables 0
JvmtiExport can_hotswap_or_post_breakpoint 0
JvmtiExport can_post_on_exceptions 0
# 497 ciObject found
ciMethod java/lang/Object <init> ()V 4097 1 1580997 0 0
ciMethod java/lang/Object equals (Ljava/lang/Object;)Z 4097 1 7694 0 -1
ciMethod java/lang/String length ()I 3073 1 11209 0 -1
ciMethod java/lang/String charAt (I)C 4097 1 61867 0 128
ciMethod java/lang/String getChars (II[CI)V 2953 1 6484 0 -1
ciMethod java/lang/String equals (Ljava/lang/Object;)Z 2241 11841 1911 0 -1
ciMethod java/lang/String substring (I)Ljava/lang/String; 2049 1 15670 0 -1
ciMethod java/lang/System arraycopy (Ljava/lang/Object;ILjava/lang/Object;II)V 5121 1 640 0 -1
ciMethod java/lang/RuntimeException <init> (Ljava/lang/String;)V 0 0 3 0 -1
ciMethod java/util/Map get (Ljava/lang/Object;)Ljava/lang/Object; 0 0 1 0 -1
ciMethod java/util/Map put (Ljava/lang/Object;Ljava/lang/Object;)Ljava/lang/Object; 0 0 1 0 -1
ciMethod java/lang/AbstractStringBuilder ensureCapacityInternal (I)V 2409 1 15453 0 -1
ciMethod java/lang/AbstractStringBuilder expandCapacity (I)V 649 1 5854 0 -1
ciMethod java/lang/AbstractStringBuilder append (Ljava/lang/String;)Ljava/lang/AbstractStringBuilder; 1465 1 6428 0 -1
ciMethod java/lang/AbstractStringBuilder appendNull ()Ljava/lang/AbstractStringBuilder; 0 0 1 0 -1
ciMethod java/lang/StringBuilder <init> ()V 625 1 20939 0 -1
ciMethod java/lang/StringBuilder append (Ljava/lang/String;)Ljava/lang/StringBuilder; 1297 1 52988 0 -1
ciMethod java/lang/StringBuilder append (C)Ljava/lang/StringBuilder; 2257 1 7841 0 -1
ciMethod java/lang/StringBuilder toString ()Ljava/lang/String; 681 1 20962 0 -1
ciMethod java/lang/NullPointerException <init> (Ljava/lang/String;)V 0 0 1 0 -1
ciMethod java/util/Iterator hasNext ()Z 0 0 1 0 -1
ciMethod java/util/Iterator next ()Ljava/lang/Object; 0 0 1 0 -1
ciMethod java/util/ArrayList ensureCapacityInternal (I)V 641 1 483194 0 -1
ciMethod java/util/ArrayList size ()I 1209 1 151 0 0
ciMethod java/util/ArrayList elementData (I)Ljava/lang/Object; 2081 1 1461829 0 0
ciMethod java/util/ArrayList get (I)Ljava/lang/Object; 2081 1 1415285 0 128
ciMethod java/util/ArrayList set (ILjava/lang/Object;)Ljava/lang/Object; 3889 1 23810 0 0
ciMethod java/util/ArrayList add (Ljava/lang/Object;)Z 641 1 467036 0 736
ciMethod java/util/ArrayList remove (I)Ljava/lang/Object; 3233 1 5526 0 -1
ciMethod java/util/ArrayList clear ()V 3201 6785 21475 0 0
ciMethod java/util/ArrayList rangeCheck (I)V 2081 1 1461829 0 64
ciMethod java/util/ArrayList iterator ()Ljava/util/Iterator; 2073 1 204339 0 192
ciMethod java/util/ArrayList access$100 (Ljava/util/ArrayList;)I 1241 1 155 0 0
ciMethod java/util/HashMap <init> ()V 129 1 121531 0 -1
ciMethodData java/lang/Object <init> ()V 2 1580997 orig 264 184 158 240 116 0 0 0 0 136 4 46 20 0 0 0 0 32 1 0 0 0 0 0 0 0 0 0 0 0 0 0 0 0 0 0 0 0 0 0 0 0 0 0 0 0 0 0 0 0 0 0 0 0 0 0 0 0 0 0 0 0 0 0 0 0 0 0 0 0 0 0 0 0 0 0 0 0 0 0 0 77 68 79 32 101 120 116 114 97 32 100 97 116 97 32 108 111 99 107 0 0 0 0 0 0 0 0 0 0 0 0 0 0 0 0 0 0 0 0 0 0 0 0 0 0 0 0 0 0 0 0 0 0 0 0 0 0 0 0 0 0 0 0 0 0 0 0 0 0 0 0 0 0 0 0 0 0 0 0 0 0 0 0 0 0 0 0 0 0 0 0 0 0 0 0 0 0 0 0 0 0 0 0 0 1 0 0 0 0 0 0 0 1 0 0 0 0 0 0 0 1 0 0 0 0 0 0 0 0 0 0 0 0 0 0 0 0 2 0 0 41 238 192 0 1 0 0 0 0 0 0 0 0 0 0 0 2 0 0 0 0 0 3 0 3 0 0 0 0 0 0 0 255 255 255 255 0 0 0 0 0 0 0 0 data 0 oops 0
ciMethod java/lang/IllegalArgumentException <init> (Ljava/lang/String;)V 0 0 1 0 -1
ciMethodData java/lang/String charAt (I)C 2 61867 orig 264 184 158 240 116 0 0 0 0 56 61 46 20 0 0 0 0 120 1 0 0 32 0 0 0 0 0 0 0 0 0 0 0 0 0 0 0 0 0 0 0 0 0 0 0 0 0 0 0 0 0 0 0 0 0 0 0 0 0 0 0 0 0 0 0 0 0 0 0 0 0 0 0 0 0 0 0 0 0 0 0 77 68 79 32 101 120 116 114 97 32 100 97 116 97 32 108 111 99 107 0 0 0 0 0 0 0 0 0 0 0 0 0 0 0 0 0 0 0 0 0 0 0 0 0 0 0 0 0 0 0 0 0 0 0 0 0 0 0 0 0 0 0 0 0 0 0 0 0 0 0 0 0 0 0 0 0 0 0 0 0 0 0 0 0 0 0 0 0 0 0 0 0 0 0 0 0 0 0 0 0 0 0 0 0 0 0 0 0 0 0 0 0 0 0 0 0 0 0 0 0 0 0 0 0 0 0 0 0 0 0 0 0 0 0 0 0 0 2 0 0 89 125 7 0 1 0 0 0 0 0 0 0 0 0 0 0 2 0 0 0 0 0 8 0 4 0 1 0 80 0 0 0 255 255 255 255 7 0 1 0 0 0 0 0 data 10 0x10007 0x0 0x40 0xefab 0xa0007 0xefab 0x30 0x0 0x120002 0x0 oops 0
ciMethodData java/lang/String length ()I 2 11209 orig 264 184 158 240 116 0 0 0 0 232 59 46 20 0 0 0 0 32 1 0 0 0 0 0 0 0 0 0 0 0 0 0 0 0 0 0 0 0 0 0 0 0 0 0 0 0 0 0 0 0 0 0 0 0 0 0 0 0 0 0 0 0 0 0 0 0 0 0 0 0 0 0 0 0 0 0 0 0 0 0 0 77 68 79 32 101 120 116 114 97 32 100 97 116 97 32 108 111 99 107 0 0 0 0 0 0 0 0 0 0 0 0 0 0 0 0 0 0 0 0 0 0 0 0 0 0 0 0 0 0 0 0 0 0 0 0 0 0 0 0 0 0 0 0 0 0 0 0 0 0 0 0 0 0 0 0 0 0 0 0 0 0 0 0 0 0 0 0 0 0 0 0 0 0 0 0 0 0 0 0 0 0 0 0 0 1 0 0 0 0 0 0 0 0 0 0 0 0 0 0 0 1 0 0 0 0 0 0 0 0 0 0 0 0 0 0 0 128 1 0 0 73 82 1 0 1 0 0 0 0 0 0 0 0 0 0 0 2 0 0 0 0 0 3 0 3 0 0 0 0 0 0 0 255 255 255 255 0 0 0 0 0 0 0 0 data 0 oops 0
ciMethodData java/lang/AbstractStringBuilder ensureCapacityInternal (I)V 2 15453 orig 264 184 158 240 116 0 0 0 0 48 10 53 20 0 0 0 0 160 1 0 0 0 0 0 0 0 0 0 0 0 0 0 0 0 0 0 0 0 0 0 0 0 0 0 0 0 0 0 0 0 0 0 0 0 0 0 0 0 0 0 0 0 0 0 0 0 0 0 0 0 0 0 0 0 0 0 0 0 0 0 0 77 68 79 32 101 120 116 114 97 32 100 97 116 97 32 108 111 99 107 0 0 0 0 0 0 0 0 0 0 0 0 0 0 0 0 0 0 0 0 0 0 0 0 0 0 0 0 0 0 0 0 0 0 0 0 0 0 0 0 0 0 0 0 0 0 0 0 0 0 0 0 0 0 0 0 0 0 0 0 0 0 0 0 0 0 0 0 0 0 0 0 0 0 0 0 0 0 0 0 0 0 0 0 0 0 0 0 0 0 0 0 0 0 0 0 0 0 0 0 0 0 0 0 0 0 0 0 0 0 0 0 0 0 0 0 0 45 1 0 0 129 217 1 0 1 0 0 0 0 0 0 0 0 0 0 0 2 0 0 0 0 0 6 0 3 0 1 0 80 0 0 0 255 255 255 255 7 0 7 0 0 0 0 0 data 10 0x70007 0x24a3 0x50 0x168d 0xc0005 0x0 0x14c8c180 0x168d 0x0 0x0 oops 1